{"/home/travis/build/npmtest/node-npmtest-nativefier/test.js":{"path":"/home/travis/build/npmtest/node-npmtest-nativefier/test.js","s":{"1":2,"2":2,"3":2,"4":2,"5":2,"6":2,"7":2,"8":1,"9":2,"10":2,"11":1,"12":1,"13":1,"14":1,"15":2,"16":2,"17":2,"18":2,"19":1,"20":1,"21":2,"22":2,"23":2,"24":1,"25":1,"26":1,"27":1,"28":1,"29":1,"30":1,"31":1,"32":1,"33":1,"34":1,"35":1,"36":2,"37":2,"38":1,"39":2,"40":2,"41":1,"42":2,"43":2,"44":1,"45":1,"46":1,"47":1,"48":1},"b":{"1":[2,1,1,1],"2":[1,1,1,1],"3":[1,1],"4":[1,1],"5":[1,1],"6":[1,1],"7":[1,1],"8":[1,1],"9":[1,1,1],"10":[1,1],"11":[1,1],"12":[1,1],"13":[1,1],"14":[1,1],"15":[1,1]},"f":{"1":2,"2":2,"3":2,"4":2,"5":2,"6":1,"7":1,"8":2,"9":2,"10":2,"11":1},"fnMap":{"1":{"name":"(anonymous_1)","line":12,"loc":{"start":{"line":12,"column":1},"end":{"line":12,"column":13}}},"2":{"name":"(anonymous_2)","line":19,"loc":{"start":{"line":19,"column":5},"end":{"line":19,"column":17}}},"3":{"name":"(anonymous_3)","line":23,"loc":{"start":{"line":23,"column":24},"end":{"line":23,"column":36}}},"4":{"name":"(anonymous_4)","line":61,"loc":{"start":{"line":61,"column":5},"end":{"line":61,"column":17}}},"5":{"name":"(anonymous_5)","line":82,"loc":{"start":{"line":82,"column":5},"end":{"line":82,"column":17}}},"6":{"name":"(anonymous_6)","line":102,"loc":{"start":{"line":102,"column":83},"end":{"line":105,"column":10}},"skip":true},"7":{"name":"(anonymous_7)","line":113,"loc":{"start":{"line":113,"column":77},"end":{"line":116,"column":10}},"skip":true},"8":{"name":"(anonymous_8)","line":127,"loc":{"start":{"line":127,"column":77},"end":{"line":130,"column":10}},"skip":true},"9":{"name":"(anonymous_9)","line":138,"loc":{"start":{"line":138,"column":83},"end":{"line":141,"column":10}},"skip":true},"10":{"name":"(anonymous_10)","line":149,"loc":{"start":{"line":149,"column":79},"end":{"line":152,"column":10}},"skip":true},"11":{"name":"(anonymous_11)","line":160,"loc":{"start":{"line":160,"column":75},"end":{"line":163,"column":10}},"skip":true}},"statementMap":{"1":{"start":{"line":12,"column":0},"end":{"line":175,"column":5}},"2":{"start":{"line":14,"column":4},"end":{"line":14,"column":14}},"3":{"start":{"line":19,"column":4},"end":{"line":56,"column":9}},"4":{"start":{"line":21,"column":8},"end":{"line":21,"column":19}},"5":{"start":{"line":23,"column":8},"end":{"line":35,"column":13}},"6":{"start":{"line":24,"column":12},"end":{"line":34,"column":13}},"7":{"start":{"line":25,"column":16},"end":{"line":28,"column":30}},"8":{"start":{"line":30,"column":16},"end":{"line":33,"column":27}},"9":{"start":{"line":37,"column":8},"end":{"line":39,"column":21}},"10":{"start":{"line":40,"column":8},"end":{"line":53,"column":9}},"11":{"start":{"line":43,"column":12},"end":{"line":46,"column":14}},"12":{"start":{"line":47,"column":12},"end":{"line":47,"column":18}},"13":{"start":{"line":50,"column":12},"end":{"line":51,"column":46}},"14":{"start":{"line":52,"column":12},"end":{"line":52,"column":18}},"15":{"start":{"line":55,"column":8},"end":{"line":55,"column":35}},"16":{"start":{"line":61,"column":4},"end":{"line":63,"column":9}},"17":{"start":{"line":62,"column":8},"end":{"line":62,"column":15}},"18":{"start":{"line":64,"column":4},"end":{"line":77,"column":5}},"19":{"start":{"line":70,"column":8},"end":{"line":70,"column":14}},"20":{"start":{"line":76,"column":8},"end":{"line":76,"column":14}},"21":{"start":{"line":82,"column":4},"end":{"line":84,"column":9}},"22":{"start":{"line":83,"column":8},"end":{"line":83,"column":15}},"23":{"start":{"line":85,"column":4},"end":{"line":174,"column":5}},"24":{"start":{"line":92,"column":8},"end":{"line":94,"column":63}},"25":{"start":{"line":95,"column":8},"end":{"line":95,"column":14}},"26":{"start":{"line":102,"column":8},"end":{"line":111,"column":10},"skip":true},"27":{"start":{"line":109,"column":12},"end":{"line":109,"column":55},"skip":true},"28":{"start":{"line":110,"column":12},"end":{"line":110,"column":48},"skip":true},"29":{"start":{"line":113,"column":8},"end":{"line":125,"column":10},"skip":true},"30":{"start":{"line":120,"column":12},"end":{"line":120,"column":76},"skip":true},"31":{"start":{"line":121,"column":12},"end":{"line":121,"column":73},"skip":true},"32":{"start":{"line":122,"column":12},"end":{"line":122,"column":74},"skip":true},"33":{"start":{"line":123,"column":12},"end":{"line":123,"column":25},"skip":true},"34":{"start":{"line":124,"column":12},"end":{"line":124,"column":45},"skip":true},"35":{"start":{"line":127,"column":8},"end":{"line":136,"column":10},"skip":true},"36":{"start":{"line":134,"column":12},"end":{"line":134,"column":25},"skip":true},"37":{"start":{"line":135,"column":12},"end":{"line":135,"column":45},"skip":true},"38":{"start":{"line":138,"column":8},"end":{"line":147,"column":10},"skip":true},"39":{"start":{"line":145,"column":12},"end":{"line":145,"column":25},"skip":true},"40":{"start":{"line":146,"column":12},"end":{"line":146,"column":48},"skip":true},"41":{"start":{"line":149,"column":8},"end":{"line":158,"column":10},"skip":true},"42":{"start":{"line":156,"column":12},"end":{"line":156,"column":25},"skip":true},"43":{"start":{"line":157,"column":12},"end":{"line":157,"column":46},"skip":true},"44":{"start":{"line":160,"column":8},"end":{"line":169,"column":10},"skip":true},"45":{"start":{"line":167,"column":12},"end":{"line":167,"column":94},"skip":true},"46":{"start":{"line":168,"column":12},"end":{"line":168,"column":48},"skip":true},"47":{"start":{"line":172,"column":8},"end":{"line":172,"column":35},"skip":true},"48":{"start":{"line":173,"column":8},"end":{"line":173,"column":14},"skip":true}},"branchMap":{"1":{"line":25,"type":"binary-expr","locations":[{"start":{"line":25,"column":23},"end":{"line":25,"column":62}},{"start":{"line":26,"column":20},"end":{"line":26,"column":70}},{"start":{"line":27,"column":20},"end":{"line":27,"column":71}},{"start":{"line":28,"column":20},"end":{"line":28,"column":29}}]},"2":{"line":30,"type":"binary-expr","locations":[{"start":{"line":30,"column":23},"end":{"line":30,"column":37}},{"start":{"line":31,"column":20},"end":{"line":31,"column":61}},{"start":{"line":32,"column":20},"end":{"line":32,"column":70}},{"start":{"line":33,"column":20},"end":{"line":33,"column":26}}]},"3":{"line":37,"type":"cond-expr","locations":[{"start":{"line":38,"column":14},"end":{"line":38,"column":20}},{"start":{"line":39,"column":14},"end":{"line":39,"column":20}}]},"4":{"line":40,"type":"switch","locations":[{"start":{"line":42,"column":8},"end":{"line":47,"column":18}},{"start":{"line":49,"column":8},"end":{"line":52,"column":18}}]},"5":{"line":44,"type":"binary-expr","locations":[{"start":{"line":44,"column":16},"end":{"line":44,"column":44}},{"start":{"line":44,"column":48},"end":{"line":44,"column":66}}]},"6":{"line":50,"type":"binary-expr","locations":[{"start":{"line":50,"column":21},"end":{"line":50,"column":49}},{"start":{"line":50,"column":53},"end":{"line":50,"column":72}}]},"7":{"line":64,"type":"switch","locations":[{"start":{"line":69,"column":4},"end":{"line":70,"column":14}},{"start":{"line":75,"column":4},"end":{"line":76,"column":14}}]},"8":{"line":85,"type":"switch","locations":[{"start":{"line":90,"column":4},"end":{"line":95,"column":14}},{"start":{"line":101,"column":4},"end":{"line":173,"column":14},"skip":true}]},"9":{"line":92,"type":"binary-expr","locations":[{"start":{"line":92,"column":18},"end":{"line":92,"column":32}},{"start":{"line":93,"column":12},"end":{"line":93,"column":53}},{"start":{"line":94,"column":12},"end":{"line":94,"column":61}}]},"10":{"line":102,"type":"binary-expr","locations":[{"start":{"line":102,"column":45},"end":{"line":102,"column":79},"skip":true},{"start":{"line":102,"column":83},"end":{"line":111,"column":9},"skip":true}]},"11":{"line":113,"type":"binary-expr","locations":[{"start":{"line":113,"column":42},"end":{"line":113,"column":73},"skip":true},{"start":{"line":113,"column":77},"end":{"line":125,"column":9},"skip":true}]},"12":{"line":127,"type":"binary-expr","locations":[{"start":{"line":127,"column":42},"end":{"line":127,"column":73},"skip":true},{"start":{"line":127,"column":77},"end":{"line":136,"column":9},"skip":true}]},"13":{"line":138,"type":"binary-expr","locations":[{"start":{"line":138,"column":45},"end":{"line":138,"column":79},"skip":true},{"start":{"line":138,"column":83},"end":{"line":147,"column":9},"skip":true}]},"14":{"line":149,"type":"binary-expr","locations":[{"start":{"line":149,"column":43},"end":{"line":149,"column":75},"skip":true},{"start":{"line":149,"column":79},"end":{"line":158,"column":9},"skip":true}]},"15":{"line":160,"type":"binary-expr","locations":[{"start":{"line":160,"column":41},"end":{"line":160,"column":71},"skip":true},{"start":{"line":160,"column":75},"end":{"line":169,"column":9},"skip":true}]}},"code":["/* istanbul instrument in package npmtest_nativefier */","/*jslint","    bitwise: true,","    browser: true,","    maxerr: 8,","    maxlen: 96,","    node: true,","    nomen: true,","    regexp: true,","    stupid: true","*/","(function () {","    'use strict';","    var local;","","","","    // run shared js-env code - pre-init","    (function () {","        // init local","        local = {};","        // init modeJs","        local.modeJs = (function () {","            try {","                return typeof navigator.userAgent === 'string' &&","                    typeof document.querySelector('body') === 'object' &&","                    typeof XMLHttpRequest.prototype.open === 'function' &&","                    'browser';","            } catch (errorCaughtBrowser) {","                return module.exports &&","                    typeof process.versions.node === 'string' &&","                    typeof require('http').createServer === 'function' &&","                    'node';","            }","        }());","        // init global","        local.global = local.modeJs === 'browser'","            ? window","            : global;","        switch (local.modeJs) {","        // re-init local from window.local","        case 'browser':","            local = local.global.utility2.objectSetDefault(","                local.global.utility2_rollup || local.global.local,","                local.global.utility2","            );","            break;","        // re-init local from example.js","        case 'node':","            local = (local.global.utility2_rollup || require('utility2'))","                .requireExampleJsFromReadme();","            break;","        }","        // export local","        local.global.local = local;","    }());","","","","    // run shared js-env code - function","    (function () {","        return;","    }());","    switch (local.modeJs) {","","","","    // run browser js-env code - function","    case 'browser':","        break;","","","","    // run node js-env code - function","    case 'node':","        break;","    }","","","","    // run shared js-env code - post-init","    (function () {","        return;","    }());","    switch (local.modeJs) {","","","","    // run browser js-env code - post-init","    case 'browser':","        // run tests","        local.nop(local.modeTest &&","            document.querySelector('#testRunButton1') &&","            document.querySelector('#testRunButton1').click());","        break;","","","","    // run node js-env code - post-init","    /* istanbul ignore next */","    case 'node':","        local.testCase_buildApidoc_default = local.testCase_buildApidoc_default || function (","            options,","            onError","        ) {","        /*","         * this function will test buildApidoc's default handling-behavior-behavior","         */","            options = { modulePathList: module.paths };","            local.buildApidoc(options, onError);","        };","","        local.testCase_buildApp_default = local.testCase_buildApp_default || function (","            options,","            onError","        ) {","        /*","         * this function will test buildApp's default handling-behavior-behavior","         */","            local.testCase_buildReadme_default(options, local.onErrorThrow);","            local.testCase_buildLib_default(options, local.onErrorThrow);","            local.testCase_buildTest_default(options, local.onErrorThrow);","            options = [];","            local.buildApp(options, onError);","        };","","        local.testCase_buildLib_default = local.testCase_buildLib_default || function (","            options,","            onError","        ) {","        /*","         * this function will test buildLib's default handling-behavior","         */","            options = {};","            local.buildLib(options, onError);","        };","","        local.testCase_buildReadme_default = local.testCase_buildReadme_default || function (","            options,","            onError","        ) {","        /*","         * this function will test buildReadme's default handling-behavior-behavior","         */","            options = {};","            local.buildReadme(options, onError);","        };","","        local.testCase_buildTest_default = local.testCase_buildTest_default || function (","            options,","            onError","        ) {","        /*","         * this function will test buildTest's default handling-behavior","         */","            options = {};","            local.buildTest(options, onError);","        };","","        local.testCase_webpage_default = local.testCase_webpage_default || function (","            options,","            onError","        ) {","        /*","         * this function will test webpage's default handling-behavior","         */","            options = { modeCoverageMerge: true, url: local.serverLocalHost + '?modeTest=1' };","            local.browserTest(options, onError);","        };","","        // run test-server","        local.testRunServer(local);","        break;","    }","}());",""],"l":{"12":2,"14":2,"19":2,"21":2,"23":2,"24":2,"25":2,"30":1,"37":2,"40":2,"43":1,"47":1,"50":1,"52":1,"55":2,"61":2,"62":2,"64":2,"70":1,"76":1,"82":2,"83":2,"85":2,"92":1,"95":1,"102":1,"109":1,"110":1,"113":1,"120":1,"121":1,"122":1,"123":1,"124":1,"127":1,"134":2,"135":2,"138":1,"145":2,"146":2,"149":1,"156":2,"157":2,"160":1,"167":1,"168":1,"172":1,"173":1}},"/home/travis/build/npmtest/node-npmtest-nativefier/lib.npmtest_nativefier.js":{"path":"/home/travis/build/npmtest/node-npmtest-nativefier/lib.npmtest_nativefier.js","s":{"1":2,"2":2,"3":2,"4":2,"5":2,"6":2,"7":2,"8":1,"9":2,"10":2,"11":2,"12":2,"13":1,"14":1,"15":1,"16":1},"b":{"1":[2,1,1,1],"2":[1,1,1,1],"3":[1,1],"4":[2,2],"5":[1,1]},"f":{"1":2,"2":2,"3":2},"fnMap":{"1":{"name":"(anonymous_1)","line":12,"loc":{"start":{"line":12,"column":1},"end":{"line":12,"column":13}}},"2":{"name":"(anonymous_2)","line":19,"loc":{"start":{"line":19,"column":5},"end":{"line":19,"column":17}}},"3":{"name":"(anonymous_3)","line":23,"loc":{"start":{"line":23,"column":24},"end":{"line":23,"column":36}}}},"statementMap":{"1":{"start":{"line":12,"column":0},"end":{"line":53,"column":5}},"2":{"start":{"line":14,"column":4},"end":{"line":14,"column":14}},"3":{"start":{"line":19,"column":4},"end":{"line":52,"column":9}},"4":{"start":{"line":21,"column":8},"end":{"line":21,"column":19}},"5":{"start":{"line":23,"column":8},"end":{"line":35,"column":13}},"6":{"start":{"line":24,"column":12},"end":{"line":34,"column":13}},"7":{"start":{"line":25,"column":16},"end":{"line":28,"column":30}},"8":{"start":{"line":30,"column":16},"end":{"line":33,"column":27}},"9":{"start":{"line":37,"column":8},"end":{"line":39,"column":21}},"10":{"start":{"line":41,"column":8},"end":{"line":41,"column":54}},"11":{"start":{"line":43,"column":8},"end":{"line":43,"column":55}},"12":{"start":{"line":45,"column":8},"end":{"line":51,"column":9}},"13":{"start":{"line":46,"column":12},"end":{"line":46,"column":61}},"14":{"start":{"line":48,"column":12},"end":{"line":48,"column":35}},"15":{"start":{"line":49,"column":12},"end":{"line":49,"column":49}},"16":{"start":{"line":50,"column":12},"end":{"line":50,"column":43}}},"branchMap":{"1":{"line":25,"type":"binary-expr","locations":[{"start":{"line":25,"column":23},"end":{"line":25,"column":62}},{"start":{"line":26,"column":20},"end":{"line":26,"column":70}},{"start":{"line":27,"column":20},"end":{"line":27,"column":71}},{"start":{"line":28,"column":20},"end":{"line":28,"column":29}}]},"2":{"line":30,"type":"binary-expr","locations":[{"start":{"line":30,"column":23},"end":{"line":30,"column":37}},{"start":{"line":31,"column":20},"end":{"line":31,"column":61}},{"start":{"line":32,"column":20},"end":{"line":32,"column":70}},{"start":{"line":33,"column":20},"end":{"line":33,"column":26}}]},"3":{"line":37,"type":"cond-expr","locations":[{"start":{"line":38,"column":14},"end":{"line":38,"column":20}},{"start":{"line":39,"column":14},"end":{"line":39,"column":20}}]},"4":{"line":41,"type":"binary-expr","locations":[{"start":{"line":41,"column":16},"end":{"line":41,"column":44}},{"start":{"line":41,"column":48},"end":{"line":41,"column":53}}]},"5":{"line":45,"type":"if","locations":[{"start":{"line":45,"column":8},"end":{"line":45,"column":8}},{"start":{"line":45,"column":8},"end":{"line":45,"column":8}}]}},"code":["/* istanbul instrument in package npmtest_nativefier */","/*jslint","    bitwise: true,","    browser: true,","    maxerr: 8,","    maxlen: 96,","    node: true,","    nomen: true,","    regexp: true,","    stupid: true","*/","(function () {","    'use strict';","    var local;","","","","    // run shared js-env code - pre-init","    (function () {","        // init local","        local = {};","        // init modeJs","        local.modeJs = (function () {","            try {","                return typeof navigator.userAgent === 'string' &&","                    typeof document.querySelector('body') === 'object' &&","                    typeof XMLHttpRequest.prototype.open === 'function' &&","                    'browser';","            } catch (errorCaughtBrowser) {","                return module.exports &&","                    typeof process.versions.node === 'string' &&","                    typeof require('http').createServer === 'function' &&","                    'node';","            }","        }());","        // init global","        local.global = local.modeJs === 'browser'","            ? window","            : global;","        // init utility2_rollup","        local = local.global.utility2_rollup || local;","        // init lib","        local.local = local.npmtest_nativefier = local;","        // init exports","        if (local.modeJs === 'browser') {","            local.global.utility2_npmtest_nativefier = local;","        } else {","            module.exports = local;","            module.exports.__dirname = __dirname;","            module.exports.module = module;","        }","    }());","}());",""],"l":{"12":2,"14":2,"19":2,"21":2,"23":2,"24":2,"25":2,"30":1,"37":2,"41":2,"43":2,"45":2,"46":1,"48":1,"49":1,"50":1}},"/home/travis/build/npmtest/node-npmtest-nativefier/example.js":{"path":"/home/travis/build/npmtest/node-npmtest-nativefier/example.js","s":{"1":2,"2":2,"3":2,"4":2,"5":2,"6":2,"7":2,"8":1,"9":2,"10":2,"11":2,"12":2,"13":1,"14":2,"15":2,"16":2,"17":2,"18":2,"19":0,"20":2,"21":1,"22":1,"23":1,"24":1,"25":1,"26":0,"27":0,"28":1,"29":1,"30":2,"31":0,"32":0,"33":0,"34":1,"35":2,"36":2,"37":2,"38":2,"39":2,"40":2,"41":0,"42":2,"43":2,"44":2,"45":1,"46":3,"47":1,"48":1,"49":1,"50":1,"51":1,"52":1,"53":1,"54":1,"55":1,"56":1,"57":0,"58":1,"59":6,"60":6,"61":1,"62":2,"63":0,"64":2,"65":1,"66":1,"67":0,"68":0,"69":0,"70":0,"71":0,"72":0,"73":0,"74":0,"75":0,"76":0,"77":0,"78":0,"79":0,"80":0,"81":0,"82":0,"83":0},"b":{"1":[2,1,1,1],"2":[1,1,1,1],"3":[1,1],"4":[2,2],"5":[1,1],"6":[1,1],"7":[2,0],"8":[2,1,1,1,1,1],"9":[0,2,0],"10":[1,1],"11":[2,1,1],"12":[1,0],"13":[0,2],"14":[2,0,0,0,0,0,0],"15":[0,2],"16":[2,0],"17":[1,1],"18":[0,1],"19":[1,2,0,2],"20":[1,0],"21":[1,1],"22":[0,0],"23":[0,0],"24":[0,0],"25":[0,0],"26":[0,0],"27":[0,0],"28":[0,0]},"f":{"1":2,"2":2,"3":2,"4":2,"5":2,"6":2,"7":2,"8":2,"9":3,"10":1,"11":6,"12":0},"fnMap":{"1":{"name":"(anonymous_1)","line":26,"loc":{"start":{"line":26,"column":1},"end":{"line":26,"column":13}}},"2":{"name":"(anonymous_2)","line":33,"loc":{"start":{"line":33,"column":5},"end":{"line":33,"column":17}}},"3":{"name":"(anonymous_3)","line":37,"loc":{"start":{"line":37,"column":24},"end":{"line":37,"column":36}}},"4":{"name":"(anonymous_4)","line":69,"loc":{"start":{"line":69,"column":31},"end":{"line":69,"column":48}},"skip":true},"5":{"name":"(anonymous_5)","line":78,"loc":{"start":{"line":78,"column":26},"end":{"line":78,"column":45}},"skip":true},"6":{"name":"(anonymous_6)","line":123,"loc":{"start":{"line":123,"column":33},"end":{"line":123,"column":48}},"skip":true},"7":{"name":"(anonymous_7)","line":125,"loc":{"start":{"line":125,"column":27},"end":{"line":125,"column":39}},"skip":true},"8":{"name":"(anonymous_8)","line":133,"loc":{"start":{"line":133,"column":59},"end":{"line":133,"column":74}},"skip":true},"9":{"name":"(anonymous_9)","line":143,"loc":{"start":{"line":143,"column":45},"end":{"line":143,"column":62}},"skip":true},"10":{"name":"(anonymous_10)","line":144,"loc":{"start":{"line":144,"column":73},"end":{"line":144,"column":92}},"skip":true},"11":{"name":"(anonymous_11)","line":272,"loc":{"start":{"line":272,"column":51},"end":{"line":272,"column":77}},"skip":true},"12":{"name":"(anonymous_12)","line":314,"loc":{"start":{"line":314,"column":32},"end":{"line":314,"column":61}},"skip":true}},"statementMap":{"1":{"start":{"line":26,"column":0},"end":{"line":325,"column":5}},"2":{"start":{"line":28,"column":4},"end":{"line":28,"column":14}},"3":{"start":{"line":33,"column":4},"end":{"line":60,"column":9}},"4":{"start":{"line":35,"column":8},"end":{"line":35,"column":19}},"5":{"start":{"line":37,"column":8},"end":{"line":49,"column":13}},"6":{"start":{"line":38,"column":12},"end":{"line":48,"column":13}},"7":{"start":{"line":39,"column":16},"end":{"line":42,"column":30}},"8":{"start":{"line":44,"column":16},"end":{"line":47,"column":27}},"9":{"start":{"line":51,"column":8},"end":{"line":53,"column":21}},"10":{"start":{"line":55,"column":8},"end":{"line":57,"column":45}},"11":{"start":{"line":59,"column":8},"end":{"line":59,"column":35}},"12":{"start":{"line":61,"column":4},"end":{"line":324,"column":5}},"13":{"start":{"line":69,"column":8},"end":{"line":121,"column":10},"skip":true},"14":{"start":{"line":70,"column":12},"end":{"line":88,"column":13},"skip":true},"15":{"start":{"line":76,"column":16},"end":{"line":87,"column":19},"skip":true},"16":{"start":{"line":79,"column":20},"end":{"line":86,"column":21},"skip":true},"17":{"start":{"line":82,"column":24},"end":{"line":82,"column":43},"skip":true},"18":{"start":{"line":83,"column":24},"end":{"line":83,"column":30},"skip":true},"19":{"start":{"line":85,"column":24},"end":{"line":85,"column":49},"skip":true},"20":{"start":{"line":89,"column":12},"end":{"line":107,"column":13},"skip":true},"21":{"start":{"line":92,"column":16},"end":{"line":102,"column":17},"skip":true},"22":{"start":{"line":93,"column":20},"end":{"line":93,"column":86},"skip":true},"23":{"start":{"line":94,"column":20},"end":{"line":95,"column":45},"skip":true},"24":{"start":{"line":96,"column":20},"end":{"line":96,"column":42},"skip":true},"25":{"start":{"line":97,"column":20},"end":{"line":97,"column":48},"skip":true},"26":{"start":{"line":100,"column":20},"end":{"line":100,"column":85},"skip":true},"27":{"start":{"line":101,"column":20},"end":{"line":101,"column":96},"skip":true},"28":{"start":{"line":103,"column":16},"end":{"line":103,"column":22},"skip":true},"29":{"start":{"line":106,"column":16},"end":{"line":106,"column":22},"skip":true},"30":{"start":{"line":108,"column":12},"end":{"line":120,"column":13},"skip":true},"31":{"start":{"line":114,"column":16},"end":{"line":119,"column":17},"skip":true},"32":{"start":{"line":116,"column":20},"end":{"line":116,"column":78},"skip":true},"33":{"start":{"line":118,"column":20},"end":{"line":118,"column":53},"skip":true},"34":{"start":{"line":123,"column":8},"end":{"line":141,"column":11},"skip":true},"35":{"start":{"line":124,"column":12},"end":{"line":124,"column":54},"skip":true},"36":{"start":{"line":125,"column":12},"end":{"line":140,"column":14},"skip":true},"37":{"start":{"line":126,"column":16},"end":{"line":126,"column":28},"skip":true},"38":{"start":{"line":127,"column":16},"end":{"line":127,"column":69},"skip":true},"39":{"start":{"line":128,"column":16},"end":{"line":128,"column":75},"skip":true},"40":{"start":{"line":129,"column":16},"end":{"line":131,"column":17},"skip":true},"41":{"start":{"line":130,"column":20},"end":{"line":130,"column":27},"skip":true},"42":{"start":{"line":133,"column":16},"end":{"line":137,"column":36},"skip":true},"43":{"start":{"line":134,"column":20},"end":{"line":136,"column":55},"skip":true},"44":{"start":{"line":139,"column":16},"end":{"line":139,"column":57},"skip":true},"45":{"start":{"line":143,"column":8},"end":{"line":147,"column":11},"skip":true},"46":{"start":{"line":144,"column":12},"end":{"line":146,"column":15},"skip":true},"47":{"start":{"line":145,"column":16},"end":{"line":145,"column":70},"skip":true},"48":{"start":{"line":149,"column":8},"end":{"line":149,"column":31},"skip":true},"49":{"start":{"line":150,"column":8},"end":{"line":150,"column":14},"skip":true},"50":{"start":{"line":158,"column":8},"end":{"line":158,"column":31},"skip":true},"51":{"start":{"line":160,"column":8},"end":{"line":160,"column":33},"skip":true},"52":{"start":{"line":161,"column":8},"end":{"line":161,"column":37},"skip":true},"53":{"start":{"line":162,"column":8},"end":{"line":162,"column":35},"skip":true},"54":{"start":{"line":164,"column":8},"end":{"line":164,"column":50},"skip":true},"55":{"start":{"line":166,"column":8},"end":{"line":256,"column":2},"skip":true},"56":{"start":{"line":258,"column":8},"end":{"line":286,"column":9},"skip":true},"57":{"start":{"line":259,"column":12},"end":{"line":269,"column":14},"skip":true},"58":{"start":{"line":271,"column":12},"end":{"line":285,"column":19},"skip":true},"59":{"start":{"line":274,"column":20},"end":{"line":274,"column":35},"skip":true},"60":{"start":{"line":275,"column":20},"end":{"line":284,"column":21},"skip":true},"61":{"start":{"line":277,"column":24},"end":{"line":277,"column":64},"skip":true},"62":{"start":{"line":279,"column":24},"end":{"line":279,"column":40},"skip":true},"63":{"start":{"line":281,"column":24},"end":{"line":281,"column":40},"skip":true},"64":{"start":{"line":283,"column":24},"end":{"line":283,"column":39},"skip":true},"65":{"start":{"line":288,"column":8},"end":{"line":290,"column":9},"skip":true},"66":{"start":{"line":289,"column":12},"end":{"line":289,"column":18},"skip":true},"67":{"start":{"line":291,"column":8},"end":{"line":293,"column":54},"skip":true},"68":{"start":{"line":294,"column":8},"end":{"line":301,"column":37},"skip":true},"69":{"start":{"line":302,"column":8},"end":{"line":302,"column":82},"skip":true},"70":{"start":{"line":305,"column":8},"end":{"line":307,"column":9},"skip":true},"71":{"start":{"line":306,"column":12},"end":{"line":306,"column":82},"skip":true},"72":{"start":{"line":309,"column":8},"end":{"line":311,"column":9},"skip":true},"73":{"start":{"line":310,"column":12},"end":{"line":310,"column":18},"skip":true},"74":{"start":{"line":312,"column":8},"end":{"line":312,"column":54},"skip":true},"75":{"start":{"line":313,"column":8},"end":{"line":313,"column":69},"skip":true},"76":{"start":{"line":314,"column":8},"end":{"line":322,"column":36},"skip":true},"77":{"start":{"line":315,"column":12},"end":{"line":315,"column":61},"skip":true},"78":{"start":{"line":316,"column":12},"end":{"line":319,"column":13},"skip":true},"79":{"start":{"line":317,"column":16},"end":{"line":317,"column":75},"skip":true},"80":{"start":{"line":318,"column":16},"end":{"line":318,"column":23},"skip":true},"81":{"start":{"line":320,"column":12},"end":{"line":320,"column":38},"skip":true},"82":{"start":{"line":321,"column":12},"end":{"line":321,"column":27},"skip":true},"83":{"start":{"line":323,"column":8},"end":{"line":323,"column":14},"skip":true}},"branchMap":{"1":{"line":39,"type":"binary-expr","locations":[{"start":{"line":39,"column":23},"end":{"line":39,"column":62}},{"start":{"line":40,"column":20},"end":{"line":40,"column":70}},{"start":{"line":41,"column":20},"end":{"line":41,"column":71}},{"start":{"line":42,"column":20},"end":{"line":42,"column":29}}]},"2":{"line":44,"type":"binary-expr","locations":[{"start":{"line":44,"column":23},"end":{"line":44,"column":37}},{"start":{"line":45,"column":20},"end":{"line":45,"column":61}},{"start":{"line":46,"column":20},"end":{"line":46,"column":70}},{"start":{"line":47,"column":20},"end":{"line":47,"column":26}}]},"3":{"line":51,"type":"cond-expr","locations":[{"start":{"line":52,"column":14},"end":{"line":52,"column":20}},{"start":{"line":53,"column":14},"end":{"line":53,"column":20}}]},"4":{"line":55,"type":"binary-expr","locations":[{"start":{"line":55,"column":16},"end":{"line":55,"column":44}},{"start":{"line":55,"column":49},"end":{"line":57,"column":43}}]},"5":{"line":55,"type":"cond-expr","locations":[{"start":{"line":56,"column":14},"end":{"line":56,"column":54}},{"start":{"line":57,"column":14},"end":{"line":57,"column":43}}]},"6":{"line":61,"type":"switch","locations":[{"start":{"line":68,"column":4},"end":{"line":150,"column":14},"skip":true},{"start":{"line":156,"column":4},"end":{"line":323,"column":14},"skip":true}]},"7":{"line":70,"type":"if","locations":[{"start":{"line":70,"column":12},"end":{"line":70,"column":12},"skip":true},{"start":{"line":70,"column":12},"end":{"line":70,"column":12},"skip":true}]},"8":{"line":70,"type":"binary-expr","locations":[{"start":{"line":70,"column":16},"end":{"line":70,"column":22},"skip":true},{"start":{"line":70,"column":27},"end":{"line":70,"column":32},"skip":true},{"start":{"line":71,"column":20},"end":{"line":71,"column":39},"skip":true},{"start":{"line":72,"column":20},"end":{"line":72,"column":49},"skip":true},{"start":{"line":73,"column":20},"end":{"line":73,"column":58},"skip":true},{"start":{"line":74,"column":20},"end":{"line":74,"column":69},"skip":true}]},"9":{"line":79,"type":"switch","locations":[{"start":{"line":80,"column":20},"end":{"line":80,"column":33},"skip":true},{"start":{"line":81,"column":20},"end":{"line":83,"column":30},"skip":true},{"start":{"line":84,"column":20},"end":{"line":85,"column":49},"skip":true}]},"10":{"line":89,"type":"switch","locations":[{"start":{"line":90,"column":12},"end":{"line":103,"column":22},"skip":true},{"start":{"line":105,"column":12},"end":{"line":106,"column":22},"skip":true}]},"11":{"line":89,"type":"binary-expr","locations":[{"start":{"line":89,"column":20},"end":{"line":89,"column":25},"skip":true},{"start":{"line":89,"column":29},"end":{"line":89,"column":48},"skip":true},{"start":{"line":89,"column":52},"end":{"line":89,"column":74},"skip":true}]},"12":{"line":92,"type":"if","locations":[{"start":{"line":92,"column":16},"end":{"line":92,"column":16},"skip":true},{"start":{"line":92,"column":16},"end":{"line":92,"column":16},"skip":true}]},"13":{"line":108,"type":"if","locations":[{"start":{"line":108,"column":12},"end":{"line":108,"column":12},"skip":true},{"start":{"line":108,"column":12},"end":{"line":108,"column":12},"skip":true}]},"14":{"line":108,"type":"binary-expr","locations":[{"start":{"line":108,"column":16},"end":{"line":108,"column":61},"skip":true},{"start":{"line":108,"column":66},"end":{"line":108,"column":72},"skip":true},{"start":{"line":108,"column":77},"end":{"line":108,"column":82},"skip":true},{"start":{"line":109,"column":20},"end":{"line":109,"column":39},"skip":true},{"start":{"line":110,"column":20},"end":{"line":110,"column":49},"skip":true},{"start":{"line":111,"column":20},"end":{"line":111,"column":58},"skip":true},{"start":{"line":112,"column":20},"end":{"line":112,"column":68},"skip":true}]},"15":{"line":129,"type":"if","locations":[{"start":{"line":129,"column":16},"end":{"line":129,"column":16},"skip":true},{"start":{"line":129,"column":16},"end":{"line":129,"column":16},"skip":true}]},"16":{"line":134,"type":"cond-expr","locations":[{"start":{"line":135,"column":26},"end":{"line":135,"column":29},"skip":true},{"start":{"line":136,"column":26},"end":{"line":136,"column":54},"skip":true}]},"17":{"line":164,"type":"binary-expr","locations":[{"start":{"line":164,"column":27},"end":{"line":164,"column":43},"skip":true},{"start":{"line":164,"column":47},"end":{"line":164,"column":49},"skip":true}]},"18":{"line":258,"type":"if","locations":[{"start":{"line":258,"column":8},"end":{"line":258,"column":8},"skip":true},{"start":{"line":258,"column":8},"end":{"line":258,"column":8},"skip":true}]},"19":{"line":275,"type":"switch","locations":[{"start":{"line":276,"column":20},"end":{"line":277,"column":64},"skip":true},{"start":{"line":278,"column":20},"end":{"line":279,"column":40},"skip":true},{"start":{"line":280,"column":20},"end":{"line":281,"column":40},"skip":true},{"start":{"line":282,"column":20},"end":{"line":283,"column":39},"skip":true}]},"20":{"line":288,"type":"if","locations":[{"start":{"line":288,"column":8},"end":{"line":288,"column":8},"skip":true},{"start":{"line":288,"column":8},"end":{"line":288,"column":8},"skip":true}]},"21":{"line":288,"type":"binary-expr","locations":[{"start":{"line":288,"column":12},"end":{"line":288,"column":40},"skip":true},{"start":{"line":288,"column":44},"end":{"line":288,"column":67},"skip":true}]},"22":{"line":292,"type":"binary-expr","locations":[{"start":{"line":292,"column":12},"end":{"line":292,"column":50},"skip":true},{"start":{"line":293,"column":12},"end":{"line":293,"column":53},"skip":true}]},"23":{"line":295,"type":"binary-expr","locations":[{"start":{"line":295,"column":12},"end":{"line":295,"column":68},"skip":true},{"start":{"line":296,"column":12},"end":{"line":301,"column":36},"skip":true}]},"24":{"line":302,"type":"binary-expr","locations":[{"start":{"line":302,"column":43},"end":{"line":302,"column":75},"skip":true},{"start":{"line":302,"column":79},"end":{"line":302,"column":81},"skip":true}]},"25":{"line":305,"type":"if","locations":[{"start":{"line":305,"column":8},"end":{"line":305,"column":8},"skip":true},{"start":{"line":305,"column":8},"end":{"line":305,"column":8},"skip":true}]},"26":{"line":309,"type":"if","locations":[{"start":{"line":309,"column":8},"end":{"line":309,"column":8},"skip":true},{"start":{"line":309,"column":8},"end":{"line":309,"column":8},"skip":true}]},"27":{"line":312,"type":"binary-expr","locations":[{"start":{"line":312,"column":27},"end":{"line":312,"column":43},"skip":true},{"start":{"line":312,"column":47},"end":{"line":312,"column":53},"skip":true}]},"28":{"line":316,"type":"if","locations":[{"start":{"line":316,"column":12},"end":{"line":316,"column":12},"skip":true},{"start":{"line":316,"column":12},"end":{"line":316,"column":12},"skip":true}]}},"code":["/*","example.js","","quickstart example","","instruction","    1. save this script as example.js","    2. run the shell command:","        $ npm install npmtest-nativefier && PORT=8081 node example.js","    3. play with the browser-demo on http://127.0.0.1:8081","*/","","","","/* istanbul instrument in package npmtest_nativefier */","/*jslint","    bitwise: true,","    browser: true,","    maxerr: 8,","    maxlen: 96,","    node: true,","    nomen: true,","    regexp: true,","    stupid: true","*/","(function () {","    'use strict';","    var local;","","","","    // run shared js-env code - pre-init","    (function () {","        // init local","        local = {};","        // init modeJs","        local.modeJs = (function () {","            try {","                return typeof navigator.userAgent === 'string' &&","                    typeof document.querySelector('body') === 'object' &&","                    typeof XMLHttpRequest.prototype.open === 'function' &&","                    'browser';","            } catch (errorCaughtBrowser) {","                return module.exports &&","                    typeof process.versions.node === 'string' &&","                    typeof require('http').createServer === 'function' &&","                    'node';","            }","        }());","        // init global","        local.global = local.modeJs === 'browser'","            ? window","            : global;","        // init utility2_rollup","        local = local.global.utility2_rollup || (local.modeJs === 'browser'","            ? local.global.utility2_npmtest_nativefier","            : global.utility2_moduleExports);","        // export local","        local.global.local = local;","    }());","    switch (local.modeJs) {","","","","    // post-init","    // run browser js-env code - post-init","    /* istanbul ignore next */","    case 'browser':","        local.testRunBrowser = function (event) {","            if (!event || (event &&","                    event.currentTarget &&","                    event.currentTarget.className &&","                    event.currentTarget.className.includes &&","                    event.currentTarget.className.includes('onreset'))) {","                // reset output","                Array.from(","                    document.querySelectorAll('body > .resettable')","                ).forEach(function (element) {","                    switch (element.tagName) {","                    case 'INPUT':","                    case 'TEXTAREA':","                        element.value = '';","                        break;","                    default:","                        element.textContent = '';","                    }","                });","            }","            switch (event && event.currentTarget && event.currentTarget.id) {","            case 'testRunButton1':","                // show tests","                if (document.querySelector('#testReportDiv1').style.display === 'none') {","                    document.querySelector('#testReportDiv1').style.display = 'block';","                    document.querySelector('#testRunButton1').textContent =","                        'hide internal test';","                    local.modeTest = true;","                    local.testRunDefault(local);","                // hide tests","                } else {","                    document.querySelector('#testReportDiv1').style.display = 'none';","                    document.querySelector('#testRunButton1').textContent = 'run internal test';","                }","                break;","            // custom-case","            default:","                break;","            }","            if (document.querySelector('#inputTextareaEval1') && (!event || (event &&","                    event.currentTarget &&","                    event.currentTarget.className &&","                    event.currentTarget.className.includes &&","                    event.currentTarget.className.includes('oneval')))) {","                // try to eval input-code","                try {","                    /*jslint evil: true*/","                    eval(document.querySelector('#inputTextareaEval1').value);","                } catch (errorCaught) {","                    console.error(errorCaught.stack);","                }","            }","        };","        // log stderr and stdout to #outputTextareaStdout1","        ['error', 'log'].forEach(function (key) {","            console[key + '_original'] = console[key];","            console[key] = function () {","                var element;","                console[key + '_original'].apply(console, arguments);","                element = document.querySelector('#outputTextareaStdout1');","                if (!element) {","                    return;","                }","                // append text to #outputTextareaStdout1","                element.value += Array.from(arguments).map(function (arg) {","                    return typeof arg === 'string'","                        ? arg","                        : JSON.stringify(arg, null, 4);","                }).join(' ') + '\\n';","                // scroll textarea to bottom","                element.scrollTop = element.scrollHeight;","            };","        });","        // init event-handling","        ['change', 'click', 'keyup'].forEach(function (event) {","            Array.from(document.querySelectorAll('.on' + event)).forEach(function (element) {","                element.addEventListener(event, local.testRunBrowser);","            });","        });","        // run tests","        local.testRunBrowser();","        break;","","","","    // run node js-env code - post-init","    /* istanbul ignore next */","    case 'node':","        // export local","        module.exports = local;","        // require modules","        local.fs = require('fs');","        local.http = require('http');","        local.url = require('url');","        // init assets","        local.assetsDict = local.assetsDict || {};","        /* jslint-ignore-begin */","        local.assetsDict['/assets.index.template.html'] = '\\","<!doctype html>\\n\\","<html lang=\"en\">\\n\\","<head>\\n\\","<meta charset=\"UTF-8\">\\n\\","<meta name=\"viewport\" content=\"width=device-width, initial-scale=1\">\\n\\","<title>{{env.npm_package_name}} (v{{env.npm_package_version}})</title>\\n\\","<style>\\n\\","/*csslint\\n\\","    box-sizing: false,\\n\\","    universal-selector: false\\n\\","*/\\n\\","* {\\n\\","    box-sizing: border-box;\\n\\","}\\n\\","body {\\n\\","    background: #dde;\\n\\","    font-family: Arial, Helvetica, sans-serif;\\n\\","    margin: 2rem;\\n\\","}\\n\\","body > * {\\n\\","    margin-bottom: 1rem;\\n\\","}\\n\\",".utility2FooterDiv {\\n\\","    margin-top: 20px;\\n\\","    text-align: center;\\n\\","}\\n\\","</style>\\n\\","<style>\\n\\","/*csslint\\n\\","*/\\n\\","textarea {\\n\\","    font-family: monospace;\\n\\","    height: 10rem;\\n\\","    width: 100%;\\n\\","}\\n\\","textarea[readonly] {\\n\\","    background: #ddd;\\n\\","}\\n\\","</style>\\n\\","</head>\\n\\","<body>\\n\\","<!-- utility2-comment\\n\\","<div id=\"ajaxProgressDiv1\" style=\"background: #d00; height: 2px; left: 0; margin: 0; padding: 0; position: fixed; top: 0; transition: background 0.5s, width 1.5s; width: 25%;\"></div>\\n\\","utility2-comment -->\\n\\","<h1>\\n\\","<!-- utility2-comment\\n\\","    <a\\n\\","        {{#if env.npm_package_homepage}}\\n\\","        href=\"{{env.npm_package_homepage}}\"\\n\\","        {{/if env.npm_package_homepage}}\\n\\","        target=\"_blank\"\\n\\","    >\\n\\","utility2-comment -->\\n\\","        {{env.npm_package_name}} (v{{env.npm_package_version}})\\n\\","<!-- utility2-comment\\n\\","    </a>\\n\\","utility2-comment -->\\n\\","</h1>\\n\\","<h3>{{env.npm_package_description}}</h3>\\n\\","<!-- utility2-comment\\n\\","<h4><a download href=\"assets.app.js\">download standalone app</a></h4>\\n\\","<button class=\"onclick onreset\" id=\"testRunButton1\">run internal test</button><br>\\n\\","<div id=\"testReportDiv1\" style=\"display: none;\"></div>\\n\\","utility2-comment -->\\n\\","\\n\\","\\n\\","\\n\\","<label>stderr and stdout</label>\\n\\","<textarea class=\"resettable\" id=\"outputTextareaStdout1\" readonly></textarea>\\n\\","<!-- utility2-comment\\n\\","{{#if isRollup}}\\n\\","<script src=\"assets.app.js\"></script>\\n\\","{{#unless isRollup}}\\n\\","utility2-comment -->\\n\\","<script src=\"assets.utility2.rollup.js\"></script>\\n\\","<script src=\"jsonp.utility2._stateInit?callback=window.utility2._stateInit\"></script>\\n\\","<script src=\"assets.npmtest_nativefier.rollup.js\"></script>\\n\\","<script src=\"assets.example.js\"></script>\\n\\","<script src=\"assets.test.js\"></script>\\n\\","<!-- utility2-comment\\n\\","{{/if isRollup}}\\n\\","utility2-comment -->\\n\\","<div class=\"utility2FooterDiv\">\\n\\","    [ this app was created with\\n\\","    <a href=\"https://github.com/kaizhu256/node-utility2\" target=\"_blank\">utility2</a>\\n\\","    ]\\n\\","</div>\\n\\","</body>\\n\\","</html>\\n\\","';","        /* jslint-ignore-end */","        if (local.templateRender) {","            local.assetsDict['/'] = local.templateRender(","                local.assetsDict['/assets.index.template.html'],","                {","                    env: local.objectSetDefault(local.env, {","                        npm_package_description: 'the greatest app in the world!',","                        npm_package_name: 'my-app',","                        npm_package_nameAlias: 'my_app',","                        npm_package_version: '0.0.1'","                    })","                }","            );","        } else {","            local.assetsDict['/'] = local.assetsDict['/assets.index.template.html']","                .replace((/\\{\\{env\\.(\\w+?)\\}\\}/g), function (match0, match1) {","                    // jslint-hack","                    String(match0);","                    switch (match1) {","                    case 'npm_package_description':","                        return 'the greatest app in the world!';","                    case 'npm_package_name':","                        return 'my-app';","                    case 'npm_package_nameAlias':","                        return 'my_app';","                    case 'npm_package_version':","                        return '0.0.1';","                    }","                });","        }","        // run the cli","        if (local.global.utility2_rollup || module !== require.main) {","            break;","        }","        local.assetsDict['/assets.example.js'] =","            local.assetsDict['/assets.example.js'] ||","            local.fs.readFileSync(__filename, 'utf8');","        local.assetsDict['/assets.npmtest_nativefier.rollup.js'] =","            local.assetsDict['/assets.npmtest_nativefier.rollup.js'] ||","            local.fs.readFileSync(","                // buildCustomOrg-hack","                local.npmtest_nativefier.__dirname +","                    '/lib.npmtest_nativefier.js',","                'utf8'","            ).replace((/^#!/), '//');","        local.assetsDict['/favicon.ico'] = local.assetsDict['/favicon.ico'] || '';","        // if $npm_config_timeout_exit exists,","        // then exit this process after $npm_config_timeout_exit ms","        if (Number(process.env.npm_config_timeout_exit)) {","            setTimeout(process.exit, Number(process.env.npm_config_timeout_exit));","        }","        // start server","        if (local.global.utility2_serverHttp1) {","            break;","        }","        process.env.PORT = process.env.PORT || '8081';","        console.error('server starting on port ' + process.env.PORT);","        local.http.createServer(function (request, response) {","            request.urlParsed = local.url.parse(request.url);","            if (local.assetsDict[request.urlParsed.pathname] !== undefined) {","                response.end(local.assetsDict[request.urlParsed.pathname]);","                return;","            }","            response.statusCode = 404;","            response.end();","        }).listen(process.env.PORT);","        break;","    }","}());",""],"l":{"26":2,"28":2,"33":2,"35":2,"37":2,"38":2,"39":2,"44":1,"51":2,"55":2,"59":2,"61":2,"69":1,"70":2,"76":2,"79":2,"82":2,"83":2,"85":1,"89":2,"92":1,"93":1,"94":1,"96":1,"97":1,"100":1,"101":1,"103":1,"106":1,"108":2,"114":1,"116":1,"118":1,"123":1,"124":2,"125":2,"126":2,"127":2,"128":2,"129":2,"130":1,"133":2,"134":2,"139":2,"143":1,"144":3,"145":1,"149":1,"150":1,"158":1,"160":1,"161":1,"162":1,"164":1,"166":1,"258":1,"259":1,"271":1,"274":6,"275":6,"277":1,"279":2,"281":1,"283":2,"288":1,"289":1,"291":1,"294":1,"302":1,"305":1,"306":1,"309":1,"310":1,"312":1,"313":1,"314":1,"315":1,"316":1,"317":1,"318":1,"320":1,"321":1,"323":1}},"/home/travis/build/npmtest/node-npmtest-nativefier/nativefier/lib/index.js":{"path":"/home/travis/build/npmtest/node-npmtest-nativefier/nativefier/lib/index.js","s":{"1":1,"2":1,"3":1,"4":1,"5":1,"6":1,"7":1,"8":1},"b":{"1":[1,0],"2":[1,1]},"f":{"1":1},"fnMap":{"1":{"name":"_interopRequireDefault","line":15,"loc":{"start":{"line":15,"column":0},"end":{"line":15,"column":37}}}},"statementMap":{"1":{"start":{"line":3,"column":0},"end":{"line":5,"column":3}},"2":{"start":{"line":7,"column":0},"end":{"line":7,"column":39}},"3":{"start":{"line":9,"column":0},"end":{"line":9,"column":26}},"4":{"start":{"line":11,"column":0},"end":{"line":11,"column":46}},"5":{"start":{"line":13,"column":0},"end":{"line":13,"column":53}},"6":{"start":{"line":15,"column":0},"end":{"line":15,"column":95}},"7":{"start":{"line":15,"column":39},"end":{"line":15,"column":93}},"8":{"start":{"line":17,"column":0},"end":{"line":17,"column":38}}},"branchMap":{"1":{"line":15,"type":"cond-expr","locations":[{"start":{"line":15,"column":70},"end":{"line":15,"column":73}},{"start":{"line":15,"column":76},"end":{"line":15,"column":92}}]},"2":{"line":15,"type":"binary-expr","locations":[{"start":{"line":15,"column":46},"end":{"line":15,"column":49}},{"start":{"line":15,"column":53},"end":{"line":15,"column":67}}]}},"code":["'use strict';","","Object.defineProperty(exports, \"__esModule\", {","  value: true","});","","require('source-map-support/register');","","require('babel-polyfill');","","var _buildMain = require('./build/buildMain');","","var _buildMain2 = _interopRequireDefault(_buildMain);","","function _interopRequireDefault(obj) { return obj && obj.__esModule ? obj : { default: obj }; }","","exports.default = _buildMain2.default;","//# sourceMappingURL=index.js.map",""],"l":{"3":1,"7":1,"9":1,"11":1,"13":1,"15":1,"17":1}},"/home/travis/build/npmtest/node-npmtest-nativefier/nativefier/lib/build/buildMain.js":{"path":"/home/travis/build/npmtest/node-npmtest-nativefier/nativefier/lib/build/buildMain.js","s":{"1":1,"2":1,"3":1,"4":1,"5":1,"6":1,"7":1,"8":1,"9":1,"10":1,"11":1,"12":1,"13":1,"14":1,"15":1,"16":1,"17":1,"18":1,"19":1,"20":1,"21":1,"22":1,"23":1,"24":1,"25":1,"26":1,"27":1,"28":1,"29":13,"30":1,"31":1,"32":1,"33":0,"34":0,"35":0,"36":0,"37":0,"38":0,"39":0,"40":0,"41":0,"42":0,"43":0,"44":0,"45":0,"46":0,"47":0,"48":0,"49":0,"50":0,"51":0,"52":0,"53":0,"54":0,"55":0,"56":0,"57":0,"58":0,"59":0,"60":0,"61":0,"62":0,"63":0,"64":0,"65":1,"66":0,"67":0,"68":0,"69":0,"70":0,"71":1,"72":0,"73":0,"74":0,"75":0,"76":0,"77":0,"78":1,"79":0,"80":0,"81":0,"82":0,"83":0,"84":0,"85":0,"86":0,"87":0,"88":0,"89":1},"b":{"1":[6,7],"2":[13,13],"3":[0,0],"4":[0,0],"5":[0,0],"6":[0,0],"7":[0,0],"8":[0,0],"9":[0,0],"10":[0,0],"11":[0,0]},"f":{"1":13,"2":0,"3":0,"4":0,"5":0,"6":0,"7":0,"8":0,"9":0,"10":0,"11":0,"12":0,"13":0,"14":0,"15":0,"16":0},"fnMap":{"1":{"name":"_interopRequireDefault","line":59,"loc":{"start":{"line":59,"column":0},"end":{"line":59,"column":37}}},"2":{"name":"buildMain","line":75,"loc":{"start":{"line":75,"column":0},"end":{"line":75,"column":38}}},"3":{"name":"(anonymous_3)","line":86,"loc":{"start":{"line":86,"column":31},"end":{"line":86,"column":51}}},"4":{"name":"(anonymous_4)","line":89,"loc":{"start":{"line":89,"column":7},"end":{"line":89,"column":36}}},"5":{"name":"(anonymous_5)","line":91,"loc":{"start":{"line":91,"column":63},"end":{"line":91,"column":80}}},"6":{"name":"(anonymous_6)","line":100,"loc":{"start":{"line":100,"column":7},"end":{"line":100,"column":36}}},"7":{"name":"(anonymous_7)","line":102,"loc":{"start":{"line":102,"column":42},"end":{"line":102,"column":76}}},"8":{"name":"(anonymous_8)","line":105,"loc":{"start":{"line":105,"column":7},"end":{"line":105,"column":36}}},"9":{"name":"(anonymous_9)","line":112,"loc":{"start":{"line":112,"column":56},"end":{"line":112,"column":87}}},"10":{"name":"(anonymous_10)","line":120,"loc":{"start":{"line":120,"column":7},"end":{"line":120,"column":50}}},"11":{"name":"(anonymous_11)","line":129,"loc":{"start":{"line":129,"column":41},"end":{"line":129,"column":58}}},"12":{"name":"(anonymous_12)","line":132,"loc":{"start":{"line":132,"column":8},"end":{"line":132,"column":34}}},"13":{"name":"getAppPath","line":143,"loc":{"start":{"line":143,"column":0},"end":{"line":143,"column":34}}},"14":{"name":"maybeNoIconOption","line":161,"loc":{"start":{"line":161,"column":0},"end":{"line":161,"column":36}}},"15":{"name":"maybeCopyIcons","line":179,"loc":{"start":{"line":179,"column":0},"end":{"line":179,"column":52}}},"16":{"name":"(anonymous_16)","line":194,"loc":{"start":{"line":194,"column":72},"end":{"line":194,"column":89}}}},"statementMap":{"1":{"start":{"line":3,"column":0},"end":{"line":5,"column":3}},"2":{"start":{"line":7,"column":0},"end":{"line":7,"column":28}},"3":{"start":{"line":9,"column":0},"end":{"line":9,"column":43}},"4":{"start":{"line":11,"column":0},"end":{"line":11,"column":53}},"5":{"start":{"line":13,"column":0},"end":{"line":13,"column":67}},"6":{"start":{"line":15,"column":0},"end":{"line":15,"column":26}},"7":{"start":{"line":17,"column":0},"end":{"line":17,"column":41}},"8":{"start":{"line":19,"column":0},"end":{"line":19,"column":26}},"9":{"start":{"line":21,"column":0},"end":{"line":21,"column":41}},"10":{"start":{"line":23,"column":0},"end":{"line":23,"column":30}},"11":{"start":{"line":25,"column":0},"end":{"line":25,"column":45}},"12":{"start":{"line":27,"column":0},"end":{"line":27,"column":32}},"13":{"start":{"line":29,"column":0},"end":{"line":29,"column":47}},"14":{"start":{"line":31,"column":0},"end":{"line":31,"column":36}},"15":{"start":{"line":33,"column":0},"end":{"line":33,"column":51}},"16":{"start":{"line":35,"column":0},"end":{"line":35,"column":67}},"17":{"start":{"line":37,"column":0},"end":{"line":37,"column":69}},"18":{"start":{"line":39,"column":0},"end":{"line":39,"column":55}},"19":{"start":{"line":41,"column":0},"end":{"line":41,"column":57}},"20":{"start":{"line":43,"column":0},"end":{"line":43,"column":40}},"21":{"start":{"line":45,"column":0},"end":{"line":45,"column":53}},"22":{"start":{"line":47,"column":0},"end":{"line":47,"column":47}},"23":{"start":{"line":49,"column":0},"end":{"line":49,"column":49}},"24":{"start":{"line":51,"column":0},"end":{"line":51,"column":63}},"25":{"start":{"line":53,"column":0},"end":{"line":53,"column":65}},"26":{"start":{"line":55,"column":0},"end":{"line":55,"column":38}},"27":{"start":{"line":57,"column":0},"end":{"line":57,"column":51}},"28":{"start":{"line":59,"column":0},"end":{"line":59,"column":95}},"29":{"start":{"line":59,"column":39},"end":{"line":59,"column":93}},"30":{"start":{"line":61,"column":0},"end":{"line":61,"column":29}},"31":{"start":{"line":62,"column":0},"end":{"line":62,"column":44}},"32":{"start":{"line":75,"column":0},"end":{"line":136,"column":1}},"33":{"start":{"line":78,"column":4},"end":{"line":78,"column":64}},"34":{"start":{"line":79,"column":4},"end":{"line":79,"column":30}},"35":{"start":{"line":82,"column":4},"end":{"line":82,"column":58}},"36":{"start":{"line":84,"column":4},"end":{"line":84,"column":54}},"37":{"start":{"line":86,"column":4},"end":{"line":135,"column":7}},"38":{"start":{"line":87,"column":8},"end":{"line":87,"column":35}},"39":{"start":{"line":88,"column":8},"end":{"line":88,"column":54}},"40":{"start":{"line":90,"column":8},"end":{"line":90,"column":33}},"41":{"start":{"line":91,"column":8},"end":{"line":99,"column":11}},"42":{"start":{"line":92,"column":12},"end":{"line":95,"column":13}},"43":{"start":{"line":93,"column":16},"end":{"line":93,"column":32}},"44":{"start":{"line":94,"column":16},"end":{"line":94,"column":23}},"45":{"start":{"line":97,"column":12},"end":{"line":97,"column":34}},"46":{"start":{"line":98,"column":12},"end":{"line":98,"column":36}},"47":{"start":{"line":101,"column":8},"end":{"line":101,"column":31}},"48":{"start":{"line":102,"column":8},"end":{"line":104,"column":11}},"49":{"start":{"line":103,"column":12},"end":{"line":103,"column":44}},"50":{"start":{"line":106,"column":8},"end":{"line":106,"column":35}},"51":{"start":{"line":108,"column":8},"end":{"line":108,"column":56}},"52":{"start":{"line":110,"column":8},"end":{"line":110,"column":35}},"53":{"start":{"line":112,"column":8},"end":{"line":119,"column":11}},"54":{"start":{"line":115,"column":12},"end":{"line":115,"column":38}},"55":{"start":{"line":118,"column":12},"end":{"line":118,"column":51}},"56":{"start":{"line":121,"column":8},"end":{"line":121,"column":36}},"57":{"start":{"line":123,"column":8},"end":{"line":123,"column":47}},"58":{"start":{"line":124,"column":8},"end":{"line":127,"column":9}},"59":{"start":{"line":125,"column":12},"end":{"line":125,"column":23}},"60":{"start":{"line":126,"column":12},"end":{"line":126,"column":19}},"61":{"start":{"line":129,"column":8},"end":{"line":131,"column":11}},"62":{"start":{"line":130,"column":12},"end":{"line":130,"column":37}},"63":{"start":{"line":133,"column":8},"end":{"line":133,"column":35}},"64":{"start":{"line":134,"column":8},"end":{"line":134,"column":33}},"65":{"start":{"line":143,"column":0},"end":{"line":155,"column":1}},"66":{"start":{"line":144,"column":4},"end":{"line":148,"column":5}},"67":{"start":{"line":147,"column":8},"end":{"line":147,"column":20}},"68":{"start":{"line":150,"column":4},"end":{"line":152,"column":5}},"69":{"start":{"line":151,"column":8},"end":{"line":151,"column":138}},"70":{"start":{"line":154,"column":4},"end":{"line":154,"column":27}},"71":{"start":{"line":161,"column":0},"end":{"line":170,"column":1}},"72":{"start":{"line":162,"column":4},"end":{"line":162,"column":61}},"73":{"start":{"line":163,"column":4},"end":{"line":168,"column":5}},"74":{"start":{"line":164,"column":8},"end":{"line":167,"column":9}},"75":{"start":{"line":165,"column":12},"end":{"line":165,"column":130}},"76":{"start":{"line":166,"column":12},"end":{"line":166,"column":39}},"77":{"start":{"line":169,"column":4},"end":{"line":169,"column":26}},"78":{"start":{"line":179,"column":0},"end":{"line":197,"column":1}},"79":{"start":{"line":180,"column":4},"end":{"line":183,"column":5}},"80":{"start":{"line":181,"column":8},"end":{"line":181,"column":19}},"81":{"start":{"line":182,"column":8},"end":{"line":182,"column":15}},"82":{"start":{"line":185,"column":4},"end":{"line":188,"column":5}},"83":{"start":{"line":186,"column":8},"end":{"line":186,"column":19}},"84":{"start":{"line":187,"column":8},"end":{"line":187,"column":15}},"85":{"start":{"line":192,"column":4},"end":{"line":192,"column":69}},"86":{"start":{"line":193,"column":4},"end":{"line":193,"column":69}},"87":{"start":{"line":194,"column":4},"end":{"line":196,"column":7}},"88":{"start":{"line":195,"column":8},"end":{"line":195,"column":24}},"89":{"start":{"line":199,"column":0},"end":{"line":199,"column":28}}},"branchMap":{"1":{"line":59,"type":"cond-expr","locations":[{"start":{"line":59,"column":70},"end":{"line":59,"column":73}},{"start":{"line":59,"column":76},"end":{"line":59,"column":92}}]},"2":{"line":59,"type":"binary-expr","locations":[{"start":{"line":59,"column":46},"end":{"line":59,"column":49}},{"start":{"line":59,"column":53},"end":{"line":59,"column":67}}]},"3":{"line":92,"type":"if","locations":[{"start":{"line":92,"column":12},"end":{"line":92,"column":12}},{"start":{"line":92,"column":12},"end":{"line":92,"column":12}}]},"4":{"line":124,"type":"if","locations":[{"start":{"line":124,"column":8},"end":{"line":124,"column":8}},{"start":{"line":124,"column":8},"end":{"line":124,"column":8}}]},"5":{"line":144,"type":"if","locations":[{"start":{"line":144,"column":4},"end":{"line":144,"column":4}},{"start":{"line":144,"column":4},"end":{"line":144,"column":4}}]},"6":{"line":150,"type":"if","locations":[{"start":{"line":150,"column":4},"end":{"line":150,"column":4}},{"start":{"line":150,"column":4},"end":{"line":150,"column":4}}]},"7":{"line":163,"type":"if","locations":[{"start":{"line":163,"column":4},"end":{"line":163,"column":4}},{"start":{"line":163,"column":4},"end":{"line":163,"column":4}}]},"8":{"line":163,"type":"binary-expr","locations":[{"start":{"line":163,"column":8},"end":{"line":163,"column":36}},{"start":{"line":163,"column":40},"end":{"line":163,"column":52}}]},"9":{"line":164,"type":"if","locations":[{"start":{"line":164,"column":8},"end":{"line":164,"column":8}},{"start":{"line":164,"column":8},"end":{"line":164,"column":8}}]},"10":{"line":180,"type":"if","locations":[{"start":{"line":180,"column":4},"end":{"line":180,"column":4}},{"start":{"line":180,"column":4},"end":{"line":180,"column":4}}]},"11":{"line":185,"type":"if","locations":[{"start":{"line":185,"column":4},"end":{"line":185,"column":4}},{"start":{"line":185,"column":4},"end":{"line":185,"column":4}}]}},"code":["'use strict';","","Object.defineProperty(exports, \"__esModule\", {","    value: true","});","","var _path = require('path');","","var _path2 = _interopRequireDefault(_path);","","var _electronPackager = require('electron-packager');","","var _electronPackager2 = _interopRequireDefault(_electronPackager);","","var _tmp = require('tmp');","","var _tmp2 = _interopRequireDefault(_tmp);","","var _ncp = require('ncp');","","var _ncp2 = _interopRequireDefault(_ncp);","","var _async = require('async');","","var _async2 = _interopRequireDefault(_async);","","var _hasbin = require('hasbin');","","var _hasbin2 = _interopRequireDefault(_hasbin);","","var _loglevel = require('loglevel');","","var _loglevel2 = _interopRequireDefault(_loglevel);","","var _dishonestProgress = require('./../helpers/dishonestProgress');","","var _dishonestProgress2 = _interopRequireDefault(_dishonestProgress);","","var _optionsMain = require('./../options/optionsMain');","","var _optionsMain2 = _interopRequireDefault(_optionsMain);","","var _iconBuild = require('./iconBuild');","","var _iconBuild2 = _interopRequireDefault(_iconBuild);","","var _helpers = require('./../helpers/helpers');","","var _helpers2 = _interopRequireDefault(_helpers);","","var _packagerConsole = require('./../helpers/packagerConsole');","","var _packagerConsole2 = _interopRequireDefault(_packagerConsole);","","var _buildApp = require('./buildApp');","","var _buildApp2 = _interopRequireDefault(_buildApp);","","function _interopRequireDefault(obj) { return obj && obj.__esModule ? obj : { default: obj }; }","","var copy = _ncp2.default.ncp;","var isWindows = _helpers2.default.isWindows;","","/**"," * @callback buildAppCallback"," * @param error"," * @param {string} appPath"," */","","/**"," *"," * @param {{}} options"," * @param {buildAppCallback} callback"," */","function buildMain(options, callback) {","    // pre process app","","    var tmpObj = _tmp2.default.dirSync({ unsafeCleanup: true });","    var tmpPath = tmpObj.name;","","    // todo check if this is still needed on later version of packager","    var packagerConsole = new _packagerConsole2.default();","","    var progress = new _dishonestProgress2.default(5);","","    _async2.default.waterfall([function (callback) {","        progress.tick('inferring');","        (0, _optionsMain2.default)(options, callback);","    }, function (options, callback) {","        progress.tick('copying');","        (0, _buildApp2.default)(options.dir, tmpPath, options, function (error) {","            if (error) {","                callback(error);","                return;","            }","            // dir now correctly references the app folder to package","            options.dir = tmpPath;","            callback(null, options);","        });","    }, function (options, callback) {","        progress.tick('icons');","        (0, _iconBuild2.default)(options, function (error, optionsWithIcon) {","            callback(null, optionsWithIcon);","        });","    }, function (options, callback) {","        progress.tick('packaging');","        // maybe skip passing icon parameter to electron packager","        var packageOptions = maybeNoIconOption(options);","","        packagerConsole.override();","","        (0, _electronPackager2.default)(packageOptions, function (error, appPathArray) {","","            // restore console.error","            packagerConsole.restore();","","            // pass options which still contains the icon to waterfall","            callback(error, options, appPathArray);","        });","    }, function (options, appPathArray, callback) {","        progress.tick('finalizing');","        // somehow appPathArray is a 1 element array","        var appPath = getAppPath(appPathArray);","        if (!appPath) {","            callback();","            return;","        }","","        maybeCopyIcons(options, appPath, function (error) {","            callback(error, appPath);","        });","    }], function (error, appPath) {","        packagerConsole.playback();","        callback(error, appPath);","    });","}","","/**"," * Checks the app path array to determine if the packaging was completed successfully"," * @param appPathArray Result from electron-packager"," * @returns {*}"," */","function getAppPath(appPathArray) {","    if (appPathArray.length === 0) {","        // directory already exists, --overwrite is not set","        // exit here","        return null;","    }","","    if (appPathArray.length > 1) {","        _loglevel2.default.warn('Warning: This should not be happening, packaged app path contains more than one element:', appPathArray);","    }","","    return appPathArray[0];","}","","/**"," * Removes the `icon` parameter from options if building for Windows while not on Windows and Wine is not installed"," * @param options"," */","function maybeNoIconOption(options) {","    var packageOptions = JSON.parse(JSON.stringify(options));","    if (options.platform === 'win32' && !isWindows()) {","        if (!_hasbin2.default.sync('wine')) {","            _loglevel2.default.warn('Wine is required to set the icon for a Windows app when packaging on non-windows platforms');","            packageOptions.icon = null;","        }","    }","    return packageOptions;","}","","/**"," * For windows and linux, we have to copy over the icon to the resources/app folder, which the"," * BrowserWindow is hard coded to read the icon from"," * @param {{}} options"," * @param {string} appPath"," * @param callback"," */","function maybeCopyIcons(options, appPath, callback) {","    if (!options.icon) {","        callback();","        return;","    }","","    if (options.platform === 'darwin') {","        callback();","        return;","    }","","    // windows & linux","    // put the icon file into the app","    var destIconPath = _path2.default.join(appPath, 'resources/app');","    var destFileName = 'icon' + _path2.default.extname(options.icon);","    copy(options.icon, _path2.default.join(destIconPath, destFileName), function (error) {","        callback(error);","    });","}","","exports.default = buildMain;","//# sourceMappingURL=buildMain.js.map",""],"l":{"3":1,"7":1,"9":1,"11":1,"13":1,"15":1,"17":1,"19":1,"21":1,"23":1,"25":1,"27":1,"29":1,"31":1,"33":1,"35":1,"37":1,"39":1,"41":1,"43":1,"45":1,"47":1,"49":1,"51":1,"53":1,"55":1,"57":1,"59":13,"61":1,"62":1,"75":1,"78":0,"79":0,"82":0,"84":0,"86":0,"87":0,"88":0,"90":0,"91":0,"92":0,"93":0,"94":0,"97":0,"98":0,"101":0,"102":0,"103":0,"106":0,"108":0,"110":0,"112":0,"115":0,"118":0,"121":0,"123":0,"124":0,"125":0,"126":0,"129":0,"130":0,"133":0,"134":0,"143":1,"144":0,"147":0,"150":0,"151":0,"154":0,"161":1,"162":0,"163":0,"164":0,"165":0,"166":0,"169":0,"179":1,"180":0,"181":0,"182":0,"185":0,"186":0,"187":0,"192":0,"193":0,"194":0,"195":0,"199":1}},"/home/travis/build/npmtest/node-npmtest-nativefier/nativefier/lib/helpers/dishonestProgress.js":{"path":"/home/travis/build/npmtest/node-npmtest-nativefier/nativefier/lib/helpers/dishonestProgress.js","s":{"1":1,"2":1,"3":1,"4":1,"5":1,"6":1,"7":1,"8":1,"9":1,"10":1,"11":1,"12":1,"13":1,"14":1,"15":0,"16":1,"17":1,"18":1,"19":1,"20":1,"21":1,"22":0,"23":0,"24":1,"25":1,"26":0,"27":0,"28":0,"29":0,"30":1,"31":0,"32":0,"33":0,"34":0,"35":0,"36":0,"37":0,"38":0,"39":0,"40":0,"41":0,"42":0,"43":0,"44":0,"45":0,"46":0,"47":0,"48":0,"49":1,"50":1},"b":{"1":[1,1],"2":[1,0],"3":[1,0],"4":[0,1],"5":[0,1],"6":[1,1],"7":[0,0],"8":[0,0],"9":[0,0],"10":[0,0]},"f":{"1":1,"2":1,"3":1,"4":1,"5":0,"6":1,"7":0,"8":0,"9":0},"fnMap":{"1":{"name":"(anonymous_1)","line":7,"loc":{"start":{"line":7,"column":19},"end":{"line":7,"column":31}}},"2":{"name":"defineProperties","line":7,"loc":{"start":{"line":7,"column":33},"end":{"line":7,"column":74}}},"3":{"name":"(anonymous_3)","line":7,"loc":{"start":{"line":7,"column":357},"end":{"line":7,"column":405}}},"4":{"name":"_interopRequireDefault","line":13,"loc":{"start":{"line":13,"column":0},"end":{"line":13,"column":37}}},"5":{"name":"_classCallCheck","line":15,"loc":{"start":{"line":15,"column":0},"end":{"line":15,"column":48}}},"6":{"name":"(anonymous_6)","line":17,"loc":{"start":{"line":17,"column":24},"end":{"line":17,"column":36}}},"7":{"name":"DishonestProgress","line":18,"loc":{"start":{"line":18,"column":4},"end":{"line":18,"column":38}}},"8":{"name":"tick","line":40,"loc":{"start":{"line":40,"column":15},"end":{"line":40,"column":38}}},"9":{"name":"(anonymous_9)","line":76,"loc":{"start":{"line":76,"column":56},"end":{"line":76,"column":68}}}},"statementMap":{"1":{"start":{"line":3,"column":0},"end":{"line":5,"column":3}},"2":{"start":{"line":7,"column":0},"end":{"line":7,"column":564}},"3":{"start":{"line":7,"column":33},"end":{"line":7,"column":349}},"4":{"start":{"line":7,"column":76},"end":{"line":7,"column":347}},"5":{"start":{"line":7,"column":117},"end":{"line":7,"column":143}},"6":{"start":{"line":7,"column":144},"end":{"line":7,"column":199}},"7":{"start":{"line":7,"column":200},"end":{"line":7,"column":231}},"8":{"start":{"line":7,"column":232},"end":{"line":7,"column":286}},"9":{"start":{"line":7,"column":259},"end":{"line":7,"column":286}},"10":{"start":{"line":7,"column":287},"end":{"line":7,"column":345}},"11":{"start":{"line":7,"column":350},"end":{"line":7,"column":559}},"12":{"start":{"line":7,"column":407},"end":{"line":7,"column":475}},"13":{"start":{"line":7,"column":423},"end":{"line":7,"column":475}},"14":{"start":{"line":7,"column":476},"end":{"line":7,"column":536}},"15":{"start":{"line":7,"column":493},"end":{"line":7,"column":536}},"16":{"start":{"line":7,"column":537},"end":{"line":7,"column":556}},"17":{"start":{"line":9,"column":0},"end":{"line":9,"column":36}},"18":{"start":{"line":11,"column":0},"end":{"line":11,"column":51}},"19":{"start":{"line":13,"column":0},"end":{"line":13,"column":95}},"20":{"start":{"line":13,"column":39},"end":{"line":13,"column":93}},"21":{"start":{"line":15,"column":0},"end":{"line":15,"column":153}},"22":{"start":{"line":15,"column":50},"end":{"line":15,"column":151}},"23":{"start":{"line":15,"column":92},"end":{"line":15,"column":149}},"24":{"start":{"line":17,"column":0},"end":{"line":91,"column":4}},"25":{"start":{"line":18,"column":4},"end":{"line":36,"column":5}},"26":{"start":{"line":19,"column":8},"end":{"line":19,"column":49}},"27":{"start":{"line":21,"column":8},"end":{"line":21,"column":36}},"28":{"start":{"line":23,"column":8},"end":{"line":29,"column":11}},"29":{"start":{"line":31,"column":8},"end":{"line":35,"column":10}},"30":{"start":{"line":38,"column":4},"end":{"line":88,"column":8}},"31":{"start":{"line":41,"column":12},"end":{"line":41,"column":29}},"32":{"start":{"line":43,"column":12},"end":{"line":46,"column":57}},"33":{"start":{"line":49,"column":12},"end":{"line":54,"column":13}},"34":{"start":{"line":50,"column":16},"end":{"line":52,"column":19}},"35":{"start":{"line":53,"column":16},"end":{"line":53,"column":44}},"36":{"start":{"line":56,"column":12},"end":{"line":56,"column":63}},"37":{"start":{"line":57,"column":12},"end":{"line":62,"column":13}},"38":{"start":{"line":58,"column":16},"end":{"line":60,"column":19}},"39":{"start":{"line":61,"column":16},"end":{"line":61,"column":23}},"40":{"start":{"line":64,"column":12},"end":{"line":66,"column":15}},"41":{"start":{"line":68,"column":12},"end":{"line":72,"column":14}},"42":{"start":{"line":74,"column":12},"end":{"line":74,"column":48}},"43":{"start":{"line":76,"column":12},"end":{"line":86,"column":20}},"44":{"start":{"line":77,"column":16},"end":{"line":80,"column":17}},"45":{"start":{"line":78,"column":20},"end":{"line":78,"column":66}},"46":{"start":{"line":79,"column":20},"end":{"line":79,"column":27}},"47":{"start":{"line":82,"column":16},"end":{"line":84,"column":19}},"48":{"start":{"line":85,"column":16},"end":{"line":85,"column":53}},"49":{"start":{"line":90,"column":4},"end":{"line":90,"column":29}},"50":{"start":{"line":93,"column":0},"end":{"line":93,"column":36}}},"branchMap":{"1":{"line":7,"type":"binary-expr","locations":[{"start":{"line":7,"column":168},"end":{"line":7,"column":189}},{"start":{"line":7,"column":193},"end":{"line":7,"column":198}}]},"2":{"line":7,"type":"if","locations":[{"start":{"line":7,"column":232},"end":{"line":7,"column":232}},{"start":{"line":7,"column":232},"end":{"line":7,"column":232}}]},"3":{"line":7,"type":"if","locations":[{"start":{"line":7,"column":407},"end":{"line":7,"column":407}},{"start":{"line":7,"column":407},"end":{"line":7,"column":407}}]},"4":{"line":7,"type":"if","locations":[{"start":{"line":7,"column":476},"end":{"line":7,"column":476}},{"start":{"line":7,"column":476},"end":{"line":7,"column":476}}]},"5":{"line":13,"type":"cond-expr","locations":[{"start":{"line":13,"column":70},"end":{"line":13,"column":73}},{"start":{"line":13,"column":76},"end":{"line":13,"column":92}}]},"6":{"line":13,"type":"binary-expr","locations":[{"start":{"line":13,"column":46},"end":{"line":13,"column":49}},{"start":{"line":13,"column":53},"end":{"line":13,"column":67}}]},"7":{"line":15,"type":"if","locations":[{"start":{"line":15,"column":50},"end":{"line":15,"column":50}},{"start":{"line":15,"column":50},"end":{"line":15,"column":50}}]},"8":{"line":49,"type":"if","locations":[{"start":{"line":49,"column":12},"end":{"line":49,"column":12}},{"start":{"line":49,"column":12},"end":{"line":49,"column":12}}]},"9":{"line":57,"type":"if","locations":[{"start":{"line":57,"column":12},"end":{"line":57,"column":12}},{"start":{"line":57,"column":12},"end":{"line":57,"column":12}}]},"10":{"line":77,"type":"if","locations":[{"start":{"line":77,"column":16},"end":{"line":77,"column":16}},{"start":{"line":77,"column":16},"end":{"line":77,"column":16}}]}},"code":["'use strict';","","Object.defineProperty(exports, \"__esModule\", {","    value: true","});","","var _createClass = function () { function defineProperties(target, props) { for (var i = 0; i < props.length; i++) { var descriptor = props[i]; descriptor.enumerable = descriptor.enumerable || false; descriptor.configurable = true; if (\"value\" in descriptor) descriptor.writable = true; Object.defineProperty(target, descriptor.key, descriptor); } } return function (Constructor, protoProps, staticProps) { if (protoProps) defineProperties(Constructor.prototype, protoProps); if (staticProps) defineProperties(Constructor, staticProps); return Constructor; }; }();","","var _progress = require('progress');","","var _progress2 = _interopRequireDefault(_progress);","","function _interopRequireDefault(obj) { return obj && obj.__esModule ? obj : { default: obj }; }","","function _classCallCheck(instance, Constructor) { if (!(instance instanceof Constructor)) { throw new TypeError(\"Cannot call a class as a function\"); } }","","var DishonestProgress = function () {","    function DishonestProgress(total) {","        _classCallCheck(this, DishonestProgress);","","        this.tickParts = total * 10;","","        this.bar = new _progress2.default('  :task [:bar] :percent', {","            complete: '=',","            incomplete: ' ',","            total: total * this.tickParts,","            width: 50,","            clear: true","        });","","        this.tickingPrevious = {","            message: '',","            remainder: 0,","            interval: null","        };","    }","","    _createClass(DishonestProgress, [{","        key: 'tick',","        value: function tick(message) {","            var _this = this;","","            var _tickingPrevious = this.tickingPrevious,","                prevRemainder = _tickingPrevious.remainder,","                prevMessage = _tickingPrevious.message,","                prevInterval = _tickingPrevious.interval;","","","            if (prevRemainder) {","                this.bar.tick(prevRemainder, {","                    task: prevMessage","                });","                clearInterval(prevInterval);","            }","","            var realRemainder = this.bar.total - this.bar.curr;","            if (realRemainder === this.tickParts) {","                this.bar.tick(this.tickParts, {","                    task: message","                });","                return;","            }","","            this.bar.tick({","                task: message","            });","","            this.tickingPrevious = {","                message: message,","                remainder: this.tickParts,","                interval: null","            };","","            this.tickingPrevious.remainder -= 1;","","            this.tickingPrevious.interval = setInterval(function () {","                if (_this.tickingPrevious.remainder === 1) {","                    clearInterval(_this.tickingPrevious.interval);","                    return;","                }","","                _this.bar.tick({","                    task: message","                });","                _this.tickingPrevious.remainder -= 1;","            }, 200);","        }","    }]);","","    return DishonestProgress;","}();","","exports.default = DishonestProgress;","//# sourceMappingURL=dishonestProgress.js.map",""],"l":{"3":1,"7":1,"9":1,"11":1,"13":1,"15":1,"17":1,"18":1,"19":0,"21":0,"23":0,"31":0,"38":1,"41":0,"43":0,"49":0,"50":0,"53":0,"56":0,"57":0,"58":0,"61":0,"64":0,"68":0,"74":0,"76":0,"77":0,"78":0,"79":0,"82":0,"85":0,"90":1,"93":1}},"/home/travis/build/npmtest/node-npmtest-nativefier/nativefier/lib/options/optionsMain.js":{"path":"/home/travis/build/npmtest/node-npmtest-nativefier/nativefier/lib/options/optionsMain.js","s":{"1":1,"2":1,"3":1,"4":1,"5":1,"6":1,"7":1,"8":1,"9":1,"10":1,"11":1,"12":1,"13":1,"14":1,"15":1,"16":1,"17":1,"18":1,"19":1,"20":1,"21":1,"22":1,"23":1,"24":1,"25":11,"26":1,"27":1,"28":1,"29":1,"30":1,"31":0,"32":0,"33":0,"34":0,"35":0,"36":0,"37":0,"38":0,"39":0,"40":0,"41":0,"42":0,"43":0,"44":0,"45":0,"46":0,"47":0,"48":0,"49":0,"50":0,"51":0,"52":0,"53":0,"54":0,"55":0,"56":0,"57":0,"58":0,"59":0,"60":0,"61":0,"62":0,"63":0,"64":0,"65":0,"66":0,"67":0,"68":0,"69":0,"70":0,"71":0,"72":0,"73":0,"74":1,"75":0,"76":0,"77":1,"78":0,"79":0,"80":1},"b":{"1":[5,6],"2":[11,11],"3":[0,0],"4":[0,0],"5":[0,0],"6":[0,0],"7":[0,0],"8":[0,0],"9":[0,0],"10":[0,0],"11":[0,0],"12":[0,0],"13":[0,0],"14":[0,0],"15":[0,0,0],"16":[0,0],"17":[0,0],"18":[0,0],"19":[0,0],"20":[0,0],"21":[0,0],"22":[0,0],"23":[0,0],"24":[0,0],"25":[0,0],"26":[0,0],"27":[0,0],"28":[0,0],"29":[0,0],"30":[0,0],"31":[0,0],"32":[0,0],"33":[0,0],"34":[0,0],"35":[0,0]},"f":{"1":11,"2":0,"3":0,"4":0,"5":0,"6":0,"7":0,"8":0,"9":0,"10":0,"11":0,"12":0},"fnMap":{"1":{"name":"_interopRequireDefault","line":51,"loc":{"start":{"line":51,"column":0},"end":{"line":51,"column":37}}},"2":{"name":"optionsFactory","line":73,"loc":{"start":{"line":73,"column":0},"end":{"line":73,"column":46}}},"3":{"name":"(anonymous_3)","line":145,"loc":{"start":{"line":145,"column":31},"end":{"line":145,"column":51}}},"4":{"name":"(anonymous_4)","line":150,"loc":{"start":{"line":150,"column":78},"end":{"line":150,"column":99}}},"5":{"name":"(anonymous_5)","line":154,"loc":{"start":{"line":154,"column":7},"end":{"line":154,"column":27}}},"6":{"name":"(anonymous_6)","line":159,"loc":{"start":{"line":159,"column":75},"end":{"line":159,"column":94}}},"7":{"name":"(anonymous_7)","line":162,"loc":{"s
[...]
column":19},"end":{"line":7,"column":31}}},"2":{"name":"defineProperties","line":7,"loc":{"start":{"line":7,"column":33},"end":{"line":7,"column":74}}},"3":{"name":"(anonymous_3)","line":7,"loc":{"start":{"line":7,"column":357},"end":{"line":7,"column":405}}},"4":{"name":"_classCallCheck","line":9,"loc":{"start":{"line":9,"column":0},"end":{"line":9,"column":48}}},"5":{"name":"(anonymous_5)","line":11,"loc":{"start":{"line":11,"column":22},"end":{"line":11,"column":34}}},"6":{"name":"PackagerConsole","line":12,"loc":{"start":{"line":12,"column":4},"end":{"line":12,"column":31}}},"7":{"name":"_log","line":20,"loc":{"start":{"line":20,"column":15},"end":{"line":20,"column":31}}},"8":{"name":"override","line":27,"loc":{"start":{"line":27,"column":15},"end":{"line":27,"column":35}}},"9":{"name":"restore","line":35,"loc":{"start":{"line":35,"column":15},"end":{"line":35,"column":34}}},"10":{"name":"playback","line":40,"loc":{"start":{"line":40,"column":15},"end":{"line":40,"column":35}}}},"statementMap":{"1":{"start":{"line":3,"column":0},"end":{"line":5,"column":3}},"2":{"start":{"line":7,"column":0},"end":{"line":7,"column":564}},"3":{"start":{"line":7,"column":33},"end":{"line":7,"column":349}},"4":{"start":{"line":7,"column":76},"end":{"line":7,"column":347}},"5":{"start":{"line":7,"column":117},"end":{"line":7,"column":143}},"6":{"start":{"line":7,"column":144},"end":{"line":7,"column":199}},"7":{"start":{"line":7,"column":200},"end":{"line":7,"column":231}},"8":{"start":{"line":7,"column":232},"end":{"line":7,"column":286}},"9":{"start":{"line":7,"column":259},"end":{"line":7,"column":286}},"10":{"start":{"line":7,"column":287},"end":{"line":7,"column":345}},"11":{"start":{"line":7,"column":350},"end":{"line":7,"column":559}},"12":{"start":{"line":7,"column":407},"end":{"line":7,"column":475}},"13":{"start":{"line":7,"column":423},"end":{"line":7,"column":475}},"14":{"start":{"line":7,"column":476},"end":{"line":7,"column":536}},"15":{"start":{"line":7,"column":493},"end":{"line":7,"column":536}},"16":{"start":{"line":7,"column":537},"end":{"line":7,"column":556}},"17":{"start":{"line":9,"column":0},"end":{"line":9,"column":153}},"18":{"start":{"line":9,"column":50},"end":{"line":9,"column":151}},"19":{"start":{"line":9,"column":92},"end":{"line":9,"column":149}},"20":{"start":{"line":11,"column":0},"end":{"line":46,"column":4}},"21":{"start":{"line":12,"column":4},"end":{"line":16,"column":5}},"22":{"start":{"line":13,"column":8},"end":{"line":13,"column":47}},"23":{"start":{"line":15,"column":8},"end":{"line":15,"column":23}},"24":{"start":{"line":18,"column":4},"end":{"line":43,"column":8}},"25":{"start":{"line":21,"column":12},"end":{"line":21,"column":22}},"26":{"start":{"line":23,"column":12},"end":{"line":23,"column":61}},"27":{"start":{"line":28,"column":12},"end":{"line":28,"column":46}},"28":{"start":{"line":31,"column":12},"end":{"line":31,"column":49}},"29":{"start":{"line":36,"column":12},"end":{"line":36,"column":46}},"30":{"start":{"line":41,"column":12},"end":{"line":41,"column":45}},"31":{"start":{"line":45,"column":4},"end":{"line":45,"column":27}},"32":{"start":{"line":48,"column":0},"end":{"line":48,"column":34}}},"branchMap":{"1":{"line":7,"type":"binary-expr","locations":[{"start":{"line":7,"column":168},"end":{"line":7,"column":189}},{"start":{"line":7,"column":193},"end":{"line":7,"column":198}}]},"2":{"line":7,"type":"if","locations":[{"start":{"line":7,"column":232},"end":{"line":7,"column":232}},{"start":{"line":7,"column":232},"end":{"line":7,"column":232}}]},"3":{"line":7,"type":"if","locations":[{"start":{"line":7,"column":407},"end":{"line":7,"column":407}},{"start":{"line":7,"column":407},"end":{"line":7,"column":407}}]},"4":{"line":7,"type":"if","locations":[{"start":{"line":7,"column":476},"end":{"line":7,"column":476}},{"start":{"line":7,"column":476},"end":{"line":7,"column":476}}]},"5":{"line":9,"type":"if","locations":[{"start":{"line":9,"column":50},"end":{"line":9,"column":50}},{"start":{"line":9,"column":50},"end":{"line":9,"column":50}}]}},"code":["'use strict';","","Object.defineProperty(exports, \"__esModule\", {","    value: true","});","","var _createClass = function () { function defineProperties(target, props) { for (var i = 0; i < props.length; i++) { var descriptor = props[i]; descriptor.enumerable = descriptor.enumerable || false; descriptor.configurable = true; if (\"value\" in descriptor) descriptor.writable = true; Object.defineProperty(target, descriptor.key, descriptor); } } return function (Constructor, protoProps, staticProps) { if (protoProps) defineProperties(Constructor.prototype, protoProps); if (staticProps) defineProperties(Constructor, staticProps); return Constructor; }; }();","","function _classCallCheck(instance, Constructor) { if (!(instance instanceof Constructor)) { throw new TypeError(\"Cannot call a class as a function\"); } }","","var PackagerConsole = function () {","    function PackagerConsole() {","        _classCallCheck(this, PackagerConsole);","","        this.logs = [];","    }","","    _createClass(PackagerConsole, [{","        key: '_log',","        value: function _log() {","            var _logs;","","            (_logs = this.logs).push.apply(_logs, arguments);","        }","    }, {","        key: 'override',","        value: function override() {","            this.consoleError = console.error;","","            // need to bind because somehow when _log() is called this refers to console","            console.error = this._log.bind(this);","        }","    }, {","        key: 'restore',","        value: function restore() {","            console.error = this.consoleError;","        }","    }, {","        key: 'playback',","        value: function playback() {","            console.log(this.logs.join(' '));","        }","    }]);","","    return PackagerConsole;","}();","","exports.default = PackagerConsole;","//# sourceMappingURL=packagerConsole.js.map",""],"l":{"3":1,"7":4,"9":1,"11":1,"12":1,"13":0,"15":0,"18":1,"21":0,"23":0,"28":0,"31":0,"36":0,"41":0,"45":1,"48":1}},"/home/travis/build/npmtest/node-npmtest-nativefier/nativefier/lib/build/buildApp.js":{"path":"/home/travis/build/npmtest/node-npmtest-nativefier/nativefier/lib/build/buildApp.js","s":{"1":1,"2":1,"3":1,"4":1,"5":1,"6":1,"7":1,"8":1,"9":1,"10":1,"11":1,"12":1,"13":5,"14":1,"15":1,"16":0,"17":0,"18":0,"19":0,"20":0,"21":0,"22":0,"23":0,"24":0,"25":0,"26":1,"27":0,"28":0,"29":0,"30":0,"31":0,"32":0,"33":0,"34":0,"35":0,"36":0,"37":0,"38":0,"39":0,"40":0,"41":0,"42":0,"43":0,"44":0,"45":0,"46":0,"47":0,"48":0,"49":0,"50":0,"51":1,"52":0,"53":0,"54":0,"55":0,"56":1,"57":0,"58":1,"59":0,"60":0,"61":0,"62":0,"63":0,"64":1},"b":{"1":[0,5],"2":[5,5],"3":[0,0],"4":[0,0],"5":[0,0],"6":[0,0],"7":[0,0],"8":[0,0]},"f":{"1":5,"2":0,"3":0,"4":0,"5":0,"6":0,"7":0,"8":0,"9":0,"10":0,"11":0,"12":0,"13":0,"14":0,"15":0,"16":0},"fnMap":{"1":{"name":"_interopRequireDefault","line":27,"loc":{"start":{"line":27,"column":0},"end":{"line":27,"column":37}}},"2":{"name":"buildApp","line":40,"loc":{"start":{"line":40,"column":0},"end":{"line":40,"column":48}}},"3":{"name":"(anonymous_3)","line":42,"loc":{"start":{"line":42,"column":20},"end":{"line":42,"column":37}}},"4":{"name":"(anonymous_4)","line":50,"loc":{"start":{"line":50,"column":53},"end":{"line":50,"column":70}}},"5":{"name":"(anonymous_5)","line":52,"loc":{"start":{"line":52,"column":16},"end":{"line":52,"column":28}}},"6":{"name":"maybeCopyScripts","line":59,"loc":{"start":{"line":59,"column":0},"end":{"line":59,"column":38}}},"7":{"name":"(anonymous_7)","line":61,"loc":{"start":{"line":61,"column":27},"end":{"line":61,"column":46}}},"8":{"name":"(anonymous_8)","line":65,"loc":{"start":{"line":65,"column":28},"end":{"line":65,"column":43}}},"9":{"name":"(anonymous_9)","line":66,"loc":{"start":{"line":66,"column":27},"end":{"line":66,"column":54}}},"10":{"name":"(anonymous_10)","line":82,"loc":{"start":{"line":82,"column":73},"end":{"line":82,"column":90}}},"11":{"name":"(anonymous_11)","line":92,"loc":{"start":{"line":92,"column":23},"end":{"line":92,"column":50}}},"12":{"name":"(anonymous_12)","line":93,"loc":{"start":{"line":93,"column":35},"end":{"line":93,"column":47}}},"13":{"name":"(anonymous_13)","line":95,"loc":{"start":{"line":95,"column":17},"end":{"line":95,"column":34}}},"14":{"name":"changeAppPackageJsonName","line":101,"loc":{"start":{"line":101,"column":0},"end":{"line":101,"column":54}}},"15":{"name":"selectAppArgs","line":113,"loc":{"start":{"line":113,"column":0},"end":{"line":113,"column":32}}},"16":{"name":"normalizeAppName","line":142,"loc":{"start":{"line":142,"column":0},"end":{"line":142,"column":40}}}},"statementMap":{"1":{"start":{"line":3,"column":0},"end":{"line":5,"column":3}},"2":{"start":{"line":7,"column":0},"end":{"line":7,"column":24}},"3":{"start":{"line":9,"column":0},"end":{"line":9,"column":39}},"4":{"start":{"line":11,"column":0},"end":{"line":11,"column":32}},"5":{"start":{"line":13,"column":0},"end":{"line":13,"column":47}},"6":{"start":{"line":15,"column":0},"end":{"line":15,"column":32}},"7":{"start":{"line":17,"column":0},"end":{"line":17,"column":47}},"8":{"start":{"line":19,"column":0},"end":{"line":19,"column":28}},"9":{"start":{"line":21,"column":0},"end":{"line":21,"column":43}},"10":{"start":{"line":23,"column":0},"end":{"line":23,"column":26}},"11":{"start":{"line":25,"column":0},"end":{"line":25,"column":41}},"12":{"start":{"line":27,"column":0},"end":{"line":27,"column":95}},"13":{"start":{"line":27,"column":39},"end":{"line":27,"column":93}},"14":{"start":{"line":29,"column":0},"end":{"line":29,"column":29}},"15":{"start":{"line":40,"column":0},"end":{"line":57,"column":1}},"16":{"start":{"line":41,"column":4},"end":{"line":41,"column":41}},"17":{"start":{"line":42,"column":4},"end":{"line":56,"column":7}},"18":{"start":{"line":43,"column":8},"end":{"line":46,"column":9}},"19":{"start":{"line":44,"column":12},"end":{"line":44,"column":68}},"20":{"start":{"line":45,"column":12},"end":{"line":45,"column":19}},"21":{"start":{"line":48,"column":8},"end":{"line":48,"column":107}},"22":{"start":{"line":50,"column":8},"end":{"line":55,"column":11}},"23":{"start":{"line":51,"column":12},"end":{"line":51,"column":32}},"24":{"start":{"line":53,"column":12},"end":{"line":53,"column":76}},"25":{"start":{"line":54,"column":12},"end":{"line":54,"column":23}},"26":{"start":{"line":59,"column":0},"end":{"line":99,"column":1}},"27":{"start":{"line":60,"column":4},"end":{"line":64,"column":5}},"28":{"start":{"line":61,"column":8},"end":{"line":63,"column":11}},"29":{"start":{"line":62,"column":12},"end":{"line":62,"column":22}},"30":{"start":{"line":65,"column":4},"end":{"line":90,"column":7}},"31":{"start":{"line":66,"column":8},"end":{"line":89,"column":11}},"32":{"start":{"line":67,"column":12},"end":{"line":70,"column":13}},"33":{"start":{"line":68,"column":16},"end":{"line":68,"column":72}},"34":{"start":{"line":69,"column":16},"end":{"line":69,"column":23}},"35":{"start":{"line":72,"column":12},"end":{"line":72,"column":38}},"36":{"start":{"line":73,"column":12},"end":{"line":80,"column":13}},"37":{"start":{"line":74,"column":16},"end":{"line":74,"column":43}},"38":{"start":{"line":75,"column":19},"end":{"line":80,"column":13}},"39":{"start":{"line":76,"column":16},"end":{"line":76,"column":44}},"40":{"start":{"line":78,"column":16},"end":{"line":78,"column":26}},"41":{"start":{"line":79,"column":16},"end":{"line":79,"column":23}},"42":{"start":{"line":82,"column":12},"end":{"line":88,"column":15}},"43":{"start":{"line":83,"column":16},"end":{"line":86,"column":17}},"44":{"start":{"line":84,"column":20},"end":{"line":84,"column":70}},"45":{"start":{"line":85,"column":20},"end":{"line":85,"column":27}},"46":{"start":{"line":87,"column":16},"end":{"line":87,"column":26}},"47":{"start":{"line":92,"column":4},"end":{"line":98,"column":7}},"48":{"start":{"line":93,"column":8},"end":{"line":97,"column":11}},"49":{"start":{"line":94,"column":12},"end":{"line":94,"column":22}},"50":{"start":{"line":96,"column":12},"end":{"line":96,"column":26}},"51":{"start":{"line":101,"column":0},"end":{"line":106,"column":1}},"52":{"start":{"line":102,"column":4},"end":{"line":102,"column":72}},"53":{"start":{"line":103,"column":4},"end":{"line":103,"column":77}},"54":{"start":{"line":104,"column":4},"end":{"line":104,"column":51}},"55":{"start":{"line":105,"column":4},"end":{"line":105,"column":77}},"56":{"start":{"line":113,"column":0},"end":{"line":140,"column":1}},"57":{"start":{"line":114,"column":4},"end":{"line":139,"column":6}},"58":{"start":{"line":142,"column":0},"end":{"line":149,"column":1}},"59":{"start":{"line":144,"column":4},"end":{"line":144,"column":50}},"60":{"start":{"line":145,"column":4},"end":{"line":145,"column":21}},"61":{"start":{"line":146,"column":4},"end":{"line":146,"column":57}},"62":{"start":{"line":147,"column":4},"end":{"line":147,"column":71}},"63":{"start":{"line":148,"column":4},"end":{"line":148,"column":53}},"64":{"start":{"line":151,"column":0},"end":{"line":151,"column":27}}},"branchMap":{"1":{"line":27,"type":"cond-expr","locations":[{"start":{"line":27,"column":70},"end":{"line":27,"column":73}},{"start":{"line":27,"column":76},"end":{"line":27,"column":92}}]},"2":{"line":27,"type":"binary-expr","locations":[{"start":{"line":27,"column":46},"end":{"line":27,"column":49}},{"start":{"line":27,"column":53},"end":{"line":27,"column":67}}]},"3":{"line":43,"type":"if","locations":[{"start":{"line":43,"column":8},"end":{"line":43,"column":8}},{"start":{"line":43,"column":8},"end":{"line":43,"column":8}}]},"4":{"line":60,"type":"if","locations":[{"start":{"line":60,"column":4},"end":{"line":60,"column":4}},{"start":{"line":60,"column":4},"end":{"line":60,"column":4}}]},"5":{"line":67,"type":"if","locations":[{"start":{"line":67,"column":12},"end":{"line":67,"column":12}},{"start":{"line":67,"column":12},"end":{"line":67,"column":12}}]},"6":{"line":73,"type":"if","locations":[{"start":{"line":73,"column":12},"end":{"line":73,"column":12}},{"start":{"line":73,"column":12},"end":{"line":73,"column":12}}]},"7":{"line":75,"type":"if","locations":[{"start":{"line":75,"column":19},"end":{"line":75,"column":19}},{"start":{"line":75,"column":19},"end":{"line":75,"column":19}}]},"8":{"line":83,"type":"if","locations":[{"start":{"line":83,"column":16},"end":{"line":83,"column":16}},{"start":{"line":83,"column":16},"end":{"line":83,"column":16}}]}},"code":["'use strict';","","Object.defineProperty(exports, \"__esModule\", {","    value: true","});","","var _fs = require('fs');","","var _fs2 = _interopRequireDefault(_fs);","","var _crypto = require('crypto');","","var _crypto2 = _interopRequireDefault(_crypto);","","var _lodash = require('lodash');","","var _lodash2 = _interopRequireDefault(_lodash);","","var _path = require('path');","","var _path2 = _interopRequireDefault(_path);","","var _ncp = require('ncp');","","var _ncp2 = _interopRequireDefault(_ncp);","","function _interopRequireDefault(obj) { return obj && obj.__esModule ? obj : { default: obj }; }","","var copy = _ncp2.default.ncp;","","/**"," * Creates a temporary directory and copies the './app folder' inside, and adds a text file with the configuration"," * for the single page app."," *"," * @param {string} src"," * @param {string} dest"," * @param {{}} options"," * @param callback"," */","function buildApp(src, dest, options, callback) {","    var appArgs = selectAppArgs(options);","    copy(src, dest, function (error) {","        if (error) {","            callback('Error Copying temporary directory: ' + error);","            return;","        }","","        _fs2.default.writeFileSync(_path2.default.join(dest, '/nativefier.json'), JSON.stringify(appArgs));","","        maybeCopyScripts(options.inject, dest).catch(function (error) {","            console.warn(error);","        }).then(function () {","            changeAppPackageJsonName(dest, appArgs.name, appArgs.targetUrl);","            callback();","        });","    });","}","","function maybeCopyScripts(srcs, dest) {","    if (!srcs) {","        return new Promise(function (resolve) {","            resolve();","        });","    }","    var promises = srcs.map(function (src) {","        return new Promise(function (resolve, reject) {","            if (!_fs2.default.existsSync(src)) {","                reject('Error copying injection files: file not found');","                return;","            }","","            var destFileName = void 0;","            if (_path2.default.extname(src) === '.js') {","                destFileName = 'inject.js';","            } else if (_path2.default.extname(src) === '.css') {","                destFileName = 'inject.css';","            } else {","                resolve();","                return;","            }","","            copy(src, _path2.default.join(dest, 'inject', destFileName), function (error) {","                if (error) {","                    reject('Error Copying injection files: ' + error);","                    return;","                }","                resolve();","            });","        });","    });","","    return new Promise(function (resolve, reject) {","        Promise.all(promises).then(function () {","            resolve();","        }).catch(function (error) {","            reject(error);","        });","    });","}","","function changeAppPackageJsonName(appPath, name, url) {","    var packageJsonPath = _path2.default.join(appPath, '/package.json');","    var packageJson = JSON.parse(_fs2.default.readFileSync(packageJsonPath));","    packageJson.name = normalizeAppName(name, url);","    _fs2.default.writeFileSync(packageJsonPath, JSON.stringify(packageJson));","}","","/**"," * Only picks certain app args to pass to nativefier.json"," * @param options"," * @returns {{name: (*|string), targetUrl: (string|*), counter: *, width: *, height: *, showMenuBar: *, userAgent: *, nativefierVersion: *, insecure: *, disableWebSecurity: *}}"," */","function selectAppArgs(options) {","    return {","        name: options.name,","        targetUrl: options.targetUrl,","        counter: options.counter,","        width: options.width,","        height: options.height,","        minWidth: options.minWidth,","        minHeight: options.minHeight,","        maxWidth: options.maxWidth,","        maxHeight: options.maxHeight,","        showMenuBar: options.showMenuBar,","        fastQuit: options.fastQuit,","        userAgent: options.userAgent,","        nativefierVersion: options.nativefierVersion,","        ignoreCertificate: options.ignoreCertificate,","        insecure: options.insecure,","        flashPluginDir: options.flashPluginDir,","        fullScreen: options.fullScreen,","        hideWindowFrame: options.hideWindowFrame,","        maximize: options.maximize,","        disableContextMenu: options.disableContextMenu,","        disableDevTools: options.disableDevTools,","        zoom: options.zoom,","        internalUrls: options.internalUrls,","        crashReporter: options.crashReporter","    };","}","","function normalizeAppName(appName, url) {","    // use a simple 3 byte random string to prevent collision","    var hash = _crypto2.default.createHash('md5');","    hash.update(url);","    var postFixHash = hash.digest('hex').substring(0, 6);","    var normalized = _lodash2.default.kebabCase(appName.toLowerCase());","    return normalized + '-nativefier-' + postFixHash;","}","","exports.default = buildApp;","//# sourceMappingURL=buildApp.js.map",""],"l":{"3":1,"7":1,"9":1,"11":1,"13":1,"15":1,"17":1,"19":1,"21":1,"23":1,"25":1,"27":5,"29":1,"40":1,"41":0,"42":0,"43":0,"44":0,"45":0,"48":0,"50":0,"51":0,"53":0,"54":0,"59":1,"60":0,"61":0,"62":0,"65":0,"66":0,"67":0,"68":0,"69":0,"72":0,"73":0,"74":0,"75":0,"76":0,"78":0,"79":0,"82":0,"83":0,"84":0,"85":0,"87":0,"92":0,"93":0,"94":0,"96":0,"101":1,"102":0,"103":0,"104":0,"105":0,"113":1,"114":0,"142":1,"144":0,"145":0,"146":0,"147":0,"148":0,"151":1}}}