{"/home/travis/build/npmtest/node-npmtest-nativefier/test.js":{"path":"/home/travis/build/npmtest/node-npmtest-nativefier/test.js","s":{"1":2,"2":2,"3":2,"4":2,"5":2,"6":2,"7":2,"8":1,"9":2,"10":2,"11":1,"12":1,"13":1,"14":1,"15":2,"16":2,"17":2,"18":2,"19":1,"20":1,"21":2,"22":2,"23":2,"24":1,"25":1,"26":1,"27":1,"28":1,"29":1,"30":1,"31":1,"32":1,"33":1,"34":1,"35":1,"36":1,"37":1,"38":1,"39":2,"40":2,"41":1,"42":2,"43":2,"44":1,"45":2,"46":2,"47":1,"48":2,"49":2,"50":1,"51":1,"52":1,"53":1,"54":1},"b":{"1":[2,1,1,1],"2":[1,1,1,1],"3":[1,1],"4":[1,1],"5":[1,1],"6":[1,1],"7":[1,1],"8":[1,1],"9":[1,1],"10":[1,1,1],"11":[1,1],"12":[1,1],"13":[1,1],"14":[1,1],"15":[1,1],"16":[1,1],"17":[1,1]},"f":{"1":2,"2":2,"3":2,"4":2,"5":2,"6":1,"7":1,"8":1,"9":2,"10":2,"11":2,"12":2,"13":1},"fnMap":{"1":{"name":"(anonymous_1)","line":12,"loc":{"start":{"line":12,"column":1},"end":{"line":12,"column":13}}},"2":{"name":"(anonymous_2)","line":19,"loc":{"start":{"line":19,"column":5},"end":{"line":19,"column":17}}},"3":{"name":"(anonymous_3)","line":23,"loc":{"start":{"line":23,"column":24},"end":{"line":23,"column":36}}},"4":{"name":"(anonymous_4)","line":61,"loc":{"start":{"line":61,"column":5},"end":{"line":61,"column":17}}},"5":{"name":"(anonymous_5)","line":82,"loc":{"start":{"line":82,"column":5},"end":{"line":82,"column":17}}},"6":{"name":"(anonymous_6)","line":91,"loc":{"start":{"line":91,"column":77},"end":{"line":94,"column":10}}},"7":{"name":"(anonymous_7)","line":112,"loc":{"start":{"line":112,"column":83},"end":{"line":115,"column":10}},"skip":true},"8":{"name":"(anonymous_8)","line":123,"loc":{"start":{"line":123,"column":77},"end":{"line":126,"column":10}},"skip":true},"9":{"name":"(anonymous_9)","line":139,"loc":{"start":{"line":139,"column":12},"end":{"line":139,"column":40}},"skip":true},"10":{"name":"(anonymous_10)","line":147,"loc":{"start":{"line":147,"column":77},"end":{"line":150,"column":10}},"skip":true},"11":{"name":"(anonymous_11)","line":158,"loc":{"start":{"line":158,"column":83},"end":{"line":161,"column":10}},"skip":true},"12":{"name":"(anonymous_12)","line":169,"loc":{"start":{"line":169,"column":79},"end":{"line":172,"column":10}},"skip":true},"13":{"name":"(anonymous_13)","line":180,"loc":{"start":{"line":180,"column":75},"end":{"line":183,"column":10}},"skip":true}},"statementMap":{"1":{"start":{"line":12,"column":0},"end":{"line":195,"column":5}},"2":{"start":{"line":14,"column":4},"end":{"line":14,"column":14}},"3":{"start":{"line":19,"column":4},"end":{"line":56,"column":9}},"4":{"start":{"line":21,"column":8},"end":{"line":21,"column":19}},"5":{"start":{"line":23,"column":8},"end":{"line":35,"column":13}},"6":{"start":{"line":24,"column":12},"end":{"line":34,"column":13}},"7":{"start":{"line":25,"column":16},"end":{"line":28,"column":30}},"8":{"start":{"line":30,"column":16},"end":{"line":33,"column":27}},"9":{"start":{"line":37,"column":8},"end":{"line":39,"column":21}},"10":{"start":{"line":40,"column":8},"end":{"line":53,"column":9}},"11":{"start":{"line":43,"column":12},"end":{"line":46,"column":14}},"12":{"start":{"line":47,"column":12},"end":{"line":47,"column":18}},"13":{"start":{"line":50,"column":12},"end":{"line":51,"column":33}},"14":{"start":{"line":52,"column":12},"end":{"line":52,"column":18}},"15":{"start":{"line":55,"column":8},"end":{"line":55,"column":35}},"16":{"start":{"line":61,"column":4},"end":{"line":63,"column":9}},"17":{"start":{"line":62,"column":8},"end":{"line":62,"column":15}},"18":{"start":{"line":64,"column":4},"end":{"line":77,"column":5}},"19":{"start":{"line":70,"column":8},"end":{"line":70,"column":14}},"20":{"start":{"line":76,"column":8},"end":{"line":76,"column":14}},"21":{"start":{"line":82,"column":4},"end":{"line":84,"column":9}},"22":{"start":{"line":83,"column":8},"end":{"line":83,"column":15}},"23":{"start":{"line":85,"column":4},"end":{"line":194,"column":5}},"24":{"start":{"line":91,"column":8},"end":{"line":99,"column":10}},"25":{"start":{"line":98,"column":12},"end":{"line":98,"column":35}},"26":{"start":{"line":102,"column":8},"end":{"line":104,"column":63}},"27":{"start":{"line":105,"column":8},"end":{"line":105,"column":14}},"28":{"start":{"line":112,"column":8},"end":{"line":121,"column":10},"skip":true},"29":{"start":{"line":119,"column":12},"end":{"line":119,"column":55},"skip":true},"30":{"start":{"line":120,"column":12},"end":{"line":120,"column":48},"skip":true},"31":{"start":{"line":123,"column":8},"end":{"line":136,"column":10},"skip":true},"32":{"start":{"line":130,"column":12},"end":{"line":130,"column":76},"skip":true},"33":{"start":{"line":131,"column":12},"end":{"line":131,"column":73},"skip":true},"34":{"start":{"line":132,"column":12},"end":{"line":132,"column":74},"skip":true},"35":{"start":{"line":133,"column":12},"end":{"line":133,"column":79},"skip":true},"36":{"start":{"line":134,"column":12},"end":{"line":134,"column":25},"skip":true},"37":{"start":{"line":135,"column":12},"end":{"line":135,"column":45},"skip":true},"38":{"start":{"line":138,"column":8},"end":{"line":145,"column":14},"skip":true},"39":{"start":{"line":143,"column":16},"end":{"line":143,"column":29},"skip":true},"40":{"start":{"line":144,"column":16},"end":{"line":144,"column":55},"skip":true},"41":{"start":{"line":147,"column":8},"end":{"line":156,"column":10},"skip":true},"42":{"start":{"line":154,"column":12},"end":{"line":154,"column":25},"skip":true},"43":{"start":{"line":155,"column":12},"end":{"line":155,"column":45},"skip":true},"44":{"start":{"line":158,"column":8},"end":{"line":167,"column":10},"skip":true},"45":{"start":{"line":165,"column":12},"end":{"line":165,"column":25},"skip":true},"46":{"start":{"line":166,"column":12},"end":{"line":166,"column":48},"skip":true},"47":{"start":{"line":169,"column":8},"end":{"line":178,"column":10},"skip":true},"48":{"start":{"line":176,"column":12},"end":{"line":176,"column":25},"skip":true},"49":{"start":{"line":177,"column":12},"end":{"line":177,"column":46},"skip":true},"50":{"start":{"line":180,"column":8},"end":{"line":189,"column":10},"skip":true},"51":{"start":{"line":187,"column":12},"end":{"line":187,"column":94},"skip":true},"52":{"start":{"line":188,"column":12},"end":{"line":188,"column":48},"skip":true},"53":{"start":{"line":192,"column":8},"end":{"line":192,"column":35},"skip":true},"54":{"start":{"line":193,"column":8},"end":{"line":193,"column":14},"skip":true}},"branchMap":{"1":{"line":25,"type":"binary-expr","locations":[{"start":{"line":25,"column":23},"end":{"line":25,"column":62}},{"start":{"line":26,"column":20},"end":{"line":26,"column":70}},{"start":{"line":27,"column":20},"end":{"line":27,"column":71}},{"start":{"line":28,"column":20},"end":{"line":28,"column":29}}]},"2":{"line":30,"type":"binary-expr","locations":[{"start":{"line":30,"column":23},"end":{"line":30,"column":37}},{"start":{"line":31,"column":20},"end":{"line":31,"column":61}},{"start":{"line":32,"column":20},"end":{"line":32,"column":70}},{"start":{"line":33,"column":20},"end":{"line":33,"column":26}}]},"3":{"line":37,"type":"cond-expr","locations":[{"start":{"line":38,"column":14},"end":{"line":38,"column":20}},{"start":{"line":39,"column":14},"end":{"line":39,"column":20}}]},"4":{"line":40,"type":"switch","locations":[{"start":{"line":42,"column":8},"end":{"line":47,"column":18}},{"start":{"line":49,"column":8},"end":{"line":52,"column":18}}]},"5":{"line":44,"type":"binary-expr","locations":[{"start":{"line":44,"column":16},"end":{"line":44,"column":44}},{"start":{"line":44,"column":48},"end":{"line":44,"column":66}}]},"6":{"line":50,"type":"binary-expr","locations":[{"start":{"line":50,"column":21},"end":{"line":50,"column":49}},{"start":{"line":50,"column":53},"end":{"line":50,"column":72}}]},"7":{"line":64,"type":"switch","locations":[{"start":{"line":69,"column":4},"end":{"line":70,"column":14}},{"start":{"line":75,"column":4},"end":{"line":76,"column":14}}]},"8":{"line":85,"type":"switch","locations":[{"start":{"line":90,"column":4},"end":{"line":105,"column":14}},{"start":{"line":111,"column":4},"end":{"line":193,"column":14},"skip":true}]},"9":{"line":91,"type":"binary-expr","locations":[{"start":{"line":91,"column":42},"end":{"line":91,"column":73}},{"start":{"line":91,"column":77},"end":{"line":99,"column":9}}]},"10":{"line":102,"type":"binary-expr","locations":[{"start":{"line":102,"column":18},"end":{"line":102,"column":32}},{"start":{"line":103,"column":12},"end":{"line":103,"column":53}},{"start":{"line":104,"column":12},"end":{"line":104,"column":61}}]},"11":{"line":112,"type":"binary-expr","locations":[{"start":{"line":112,"column":45},"end":{"line":112,"column":79},"skip":true},{"start":{"line":112,"column":83},"end":{"line":121,"column":9},"skip":true}]},"12":{"line":123,"type":"binary-expr","locations":[{"start":{"line":123,"column":42},"end":{"line":123,"column":73},"skip":true},{"start":{"line":123,"column":77},"end":{"line":136,"column":9},"skip":true}]},"13":{"line":138,"type":"binary-expr","locations":[{"start":{"line":138,"column":48},"end":{"line":138,"column":85},"skip":true},{"start":{"line":139,"column":12},"end":{"line":145,"column":13},"skip":true}]},"14":{"line":147,"type":"binary-expr","locations":[{"start":{"line":147,"column":42},"end":{"line":147,"column":73},"skip":true},{"start":{"line":147,"column":77},"end":{"line":156,"column":9},"skip":true}]},"15":{"line":158,"type":"binary-expr","locations":[{"start":{"line":158,"column":45},"end":{"line":158,"column":79},"skip":true},{"start":{"line":158,"column":83},"end":{"line":167,"column":9},"skip":true}]},"16":{"line":169,"type":"binary-expr","locations":[{"start":{"line":169,"column":43},"end":{"line":169,"column":75},"skip":true},{"start":{"line":169,"column":79},"end":{"line":178,"column":9},"skip":true}]},"17":{"line":180,"type":"binary-expr","locations":[{"start":{"line":180,"column":41},"end":{"line":180,"column":71},"skip":true},{"start":{"line":180,"column":75},"end":{"line":189,"column":9},"skip":true}]}},"code":["/* istanbul instrument in package npmtest_nativefier */","/*jslint","    bitwise: true,","    browser: true,","    maxerr: 8,","    maxlen: 96,","    node: true,","    nomen: true,","    regexp: true,","    stupid: true","*/","(function () {","    'use strict';","    var local;","","","","    // run shared js-env code - pre-init","    (function () {","        // init local","        local = {};","        // init modeJs","        local.modeJs = (function () {","            try {","                return typeof navigator.userAgent === 'string' &&","                    typeof document.querySelector('body') === 'object' &&","                    typeof XMLHttpRequest.prototype.open === 'function' &&","                    'browser';","            } catch (errorCaughtBrowser) {","                return module.exports &&","                    typeof process.versions.node === 'string' &&","                    typeof require('http').createServer === 'function' &&","                    'node';","            }","        }());","        // init global","        local.global = local.modeJs === 'browser'","            ? window","            : global;","        switch (local.modeJs) {","        // re-init local from window.local","        case 'browser':","            local = local.global.utility2.objectSetDefault(","                local.global.utility2_rollup || local.global.local,","                local.global.utility2","            );","            break;","        // re-init local from example.js","        case 'node':","            local = (local.global.utility2_rollup || require('utility2'))","                .requireReadme();","            break;","        }","        // export local","        local.global.local = local;","    }());","","","","    // run shared js-env code - function","    (function () {","        return;","    }());","    switch (local.modeJs) {","","","","    // run browser js-env code - function","    case 'browser':","        break;","","","","    // run node js-env code - function","    case 'node':","        break;","    }","","","","    // run shared js-env code - post-init","    (function () {","        return;","    }());","    switch (local.modeJs) {","","","","    // run browser js-env code - post-init","    case 'browser':","        local.testCase_browser_nullCase = local.testCase_browser_nullCase || function (","            options,","            onError","        ) {","        /*","         * this function will test browsers's null-case handling-behavior-behavior","         */","            onError(null, options);","        };","","        // run tests","        local.nop(local.modeTest &&","            document.querySelector('#testRunButton1') &&","            document.querySelector('#testRunButton1').click());","        break;","","","","    // run node js-env code - post-init","    /* istanbul ignore next */","    case 'node':","        local.testCase_buildApidoc_default = local.testCase_buildApidoc_default || function (","            options,","            onError","        ) {","        /*","         * this function will test buildApidoc's default handling-behavior-behavior","         */","            options = { modulePathList: module.paths };","            local.buildApidoc(options, onError);","        };","","        local.testCase_buildApp_default = local.testCase_buildApp_default || function (","            options,","            onError","        ) {","        /*","         * this function will test buildApp's default handling-behavior-behavior","         */","            local.testCase_buildReadme_default(options, local.onErrorThrow);","            local.testCase_buildLib_default(options, local.onErrorThrow);","            local.testCase_buildTest_default(options, local.onErrorThrow);","            local.testCase_buildCustomOrg_default(options, local.onErrorThrow);","            options = [];","            local.buildApp(options, onError);","        };","","        local.testCase_buildCustomOrg_default = local.testCase_buildCustomOrg_default ||","            function (options, onError) {","            /*","             * this function will test buildCustomOrg's default handling-behavior","             */","                options = {};","                local.buildCustomOrg(options, onError);","            };","","        local.testCase_buildLib_default = local.testCase_buildLib_default || function (","            options,","            onError","        ) {","        /*","         * this function will test buildLib's default handling-behavior","         */","            options = {};","            local.buildLib(options, onError);","        };","","        local.testCase_buildReadme_default = local.testCase_buildReadme_default || function (","            options,","            onError","        ) {","        /*","         * this function will test buildReadme's default handling-behavior-behavior","         */","            options = {};","            local.buildReadme(options, onError);","        };","","        local.testCase_buildTest_default = local.testCase_buildTest_default || function (","            options,","            onError","        ) {","        /*","         * this function will test buildTest's default handling-behavior","         */","            options = {};","            local.buildTest(options, onError);","        };","","        local.testCase_webpage_default = local.testCase_webpage_default || function (","            options,","            onError","        ) {","        /*","         * this function will test webpage's default handling-behavior","         */","            options = { modeCoverageMerge: true, url: local.serverLocalHost + '?modeTest=1' };","            local.browserTest(options, onError);","        };","","        // run test-server","        local.testRunServer(local);","        break;","    }","}());",""],"l":{"12":2,"14":2,"19":2,"21":2,"23":2,"24":2,"25":2,"30":1,"37":2,"40":2,"43":1,"47":1,"50":1,"52":1,"55":2,"61":2,"62":2,"64":2,"70":1,"76":1,"82":2,"83":2,"85":2,"91":1,"98":1,"102":1,"105":1,"112":1,"119":1,"120":1,"123":1,"130":1,"131":1,"132":1,"133":1,"134":1,"135":1,"138":1,"143":2,"144":2,"147":1,"154":2,"155":2,"158":1,"165":2,"166":2,"169":1,"176":2,"177":2,"180":1,"187":1,"188":1,"192":1,"193":1}},"/home/travis/build/npmtest/node-npmtest-nativefier/lib.npmtest_nativefier.js":{"path":"/home/travis/build/npmtest/node-npmtest-nativefier/lib.npmtest_nativefier.js","s":{"1":2,"2":2,"3":2,"4":2,"5":2,"6":2,"7":2,"8":1,"9":2,"10":2,"11":2,"12":2,"13":1,"14":1,"15":1,"16":1},"b":{"1":[2,1,1,1],"2":[1,1,1,1],"3":[1,1],"4":[2,2],"5":[1,1]},"f":{"1":2,"2":2,"3":2},"fnMap":{"1":{"name":"(anonymous_1)","line":12,"loc":{"start":{"line":12,"column":1},"end":{"line":12,"column":13}}},"2":{"name":"(anonymous_2)","line":19,"loc":{"start":{"line":19,"column":5},"end":{"line":19,"column":17}}},"3":{"name":"(anonymous_3)","line":23,"loc":{"start":{"line":23,"column":24},"end":{"line":23,"column":36}}}},"statementMap":{"1":{"start":{"line":12,"column":0},"end":{"line":53,"column":5}},"2":{"start":{"line":14,"column":4},"end":{"line":14,"column":14}},"3":{"start":{"line":19,"column":4},"end":{"line":52,"column":9}},"4":{"start":{"line":21,"column":8},"end":{"line":21,"column":19}},"5":{"start":{"line":23,"column":8},"end":{"line":35,"column":13}},"6":{"start":{"line":24,"column":12},"end":{"line":34,"column":13}},"7":{"start":{"line":25,"column":16},"end":{"line":28,"column":30}},"8":{"start":{"line":30,"column":16},"end":{"line":33,"column":27}},"9":{"start":{"line":37,"column":8},"end":{"line":39,"column":21}},"10":{"start":{"line":41,"column":8},"end":{"line":41,"column":54}},"11":{"start":{"line":43,"column":8},"end":{"line":43,"column":55}},"12":{"start":{"line":45,"column":8},"end":{"line":51,"column":9}},"13":{"start":{"line":46,"column":12},"end":{"line":46,"column":61}},"14":{"start":{"line":48,"column":12},"end":{"line":48,"column":35}},"15":{"start":{"line":49,"column":12},"end":{"line":49,"column":49}},"16":{"start":{"line":50,"column":12},"end":{"line":50,"column":43}}},"branchMap":{"1":{"line":25,"type":"binary-expr","locations":[{"start":{"line":25,"column":23},"end":{"line":25,"column":62}},{"start":{"line":26,"column":20},"end":{"line":26,"column":70}},{"start":{"line":27,"column":20},"end":{"line":27,"column":71}},{"start":{"line":28,"column":20},"end":{"line":28,"column":29}}]},"2":{"line":30,"type":"binary-expr","locations":[{"start":{"line":30,"column":23},"end":{"line":30,"column":37}},{"start":{"line":31,"column":20},"end":{"line":31,"column":61}},{"start":{"line":32,"column":20},"end":{"line":32,"column":70}},{"start":{"line":33,"column":20},"end":{"line":33,"column":26}}]},"3":{"line":37,"type":"cond-expr","locations":[{"start":{"line":38,"column":14},"end":{"line":38,"column":20}},{"start":{"line":39,"column":14},"end":{"line":39,"column":20}}]},"4":{"line":41,"type":"binary-expr","locations":[{"start":{"line":41,"column":16},"end":{"line":41,"column":44}},{"start":{"line":41,"column":48},"end":{"line":41,"column":53}}]},"5":{"line":45,"type":"if","locations":[{"start":{"line":45,"column":8},"end":{"line":45,"column":8}},{"start":{"line":45,"column":8},"end":{"line":45,"column":8}}]}},"code":["/* istanbul instrument in package npmtest_nativefier */","/*jslint","    bitwise: true,","    browser: true,","    maxerr: 8,","    maxlen: 96,","    node: true,","    nomen: true,","    regexp: true,","    stupid: true","*/","(function () {","    'use strict';","    var local;","","","","    // run shared js-env code - pre-init","    (function () {","        // init local","        local = {};","        // init modeJs","        local.modeJs = (function () {","            try {","                return typeof navigator.userAgent === 'string' &&","                    typeof document.querySelector('body') === 'object' &&","                    typeof XMLHttpRequest.prototype.open === 'function' &&","                    'browser';","            } catch (errorCaughtBrowser) {","                return module.exports &&","                    typeof process.versions.node === 'string' &&","                    typeof require('http').createServer === 'function' &&","                    'node';","            }","        }());","        // init global","        local.global = local.modeJs === 'browser'","            ? window","            : global;","        // init utility2_rollup","        local = local.global.utility2_rollup || local;","        // init lib","        local.local = local.npmtest_nativefier = local;","        // init exports","        if (local.modeJs === 'browser') {","            local.global.utility2_npmtest_nativefier = local;","        } else {","            module.exports = local;","            module.exports.__dirname = __dirname;","            module.exports.module = module;","        }","    }());","}());",""],"l":{"12":2,"14":2,"19":2,"21":2,"23":2,"24":2,"25":2,"30":1,"37":2,"41":2,"43":2,"45":2,"46":1,"48":1,"49":1,"50":1}},"/home/travis/build/npmtest/node-npmtest-nativefier/example.js":{"path":"/home/travis/build/npmtest/node-npmtest-nativefier/example.js","s":{"1":2,"2":2,"3":2,"4":2,"5":2,"6":2,"7":2,"8":1,"9":2,"10":2,"11":2,"12":2,"13":1,"14":2,"15":2,"16":2,"17":2,"18":2,"19":0,"20":2,"21":1,"22":1,"23":1,"24":1,"25":1,"26":0,"27":0,"28":1,"29":1,"30":2,"31":0,"32":0,"33":0,"34":1,"35":2,"36":2,"37":3,"38":3,"39":3,"40":3,"41":0,"42":3,"43":3,"44":3,"45":1,"46":3,"47":1,"48":1,"49":1,"50":1,"51":1,"52":1,"53":1,"54":1,"55":1,"56":1,"57":0,"58":1,"59":6,"60":6,"61":1,"62":2,"63":0,"64":2,"65":1,"66":1,"67":0,"68":0,"69":0,"70":0,"71":0,"72":0,"73":0,"74":0,"75":0,"76":0,"77":0,"78":0,"79":0,"80":0,"81":0,"82":0,"83":0},"b":{"1":[2,1,1,1],"2":[1,1,1,1],"3":[1,1],"4":[2,2],"5":[1,1],"6":[1,1],"7":[2,0],"8":[2,1,1,1,1,1],"9":[0,2,0],"10":[1,1],"11":[2,1,1],"12":[1,0],"13":[0,2],"14":[2,0,0,0,0,0,0],"15":[0,3],"16":[3,0],"17":[1,1],"18":[0,1],"19":[1,2,0,2],"20":[1,0],"21":[1,1],"22":[0,0],"23":[0,0],"24":[0,0],"25":[0,0],"26":[0,0],"27":[0,0],"28":[0,0]},"f":{"1":2,"2":2,"3":2,"4":2,"5":2,"6":2,"7":3,"8":3,"9":3,"10":1,"11":6,"12":0},"fnMap":{"1":{"name":"(anonymous_1)","line":26,"loc":{"start":{"line":26,"column":1},"end":{"line":26,"column":13}}},"2":{"name":"(anonymous_2)","line":33,"loc":{"start":{"line":33,"column":5},"end":{"line":33,"column":17}}},"3":{"name":"(anonymous_3)","line":37,"loc":{"start":{"line":37,"column":24},"end":{"line":37,"column":36}}},"4":{"name":"(anonymous_4)","line":69,"loc":{"start":{"line":69,"column":31},"end":{"line":69,"column":48}},"skip":true},"5":{"name":"(anonymous_5)","line":78,"loc":{"start":{"line":78,"column":26},"end":{"line":78,"column":45}},"skip":true},"6":{"name":"(anonymous_6)","line":123,"loc":{"start":{"line":123,"column":33},"end":{"line":123,"column":48}},"skip":true},"7":{"name":"(anonymous_7)","line":125,"loc":{"start":{"line":125,"column":27},"end":{"line":125,"column":39}},"skip":true},"8":{"name":"(anonymous_8)","line":133,"loc":{"start":{"line":133,"column":59},"end":{"line":133,"column":74}},"skip":true},"9":{"name":"(anonymous_9)","line":143,"loc":{"start":{"line":143,"column":45},"end":{"line":143,"column":62}},"skip":true},"10":{"name":"(anonymous_10)","line":144,"loc":{"start":{"line":144,"column":73},"end":{"line":144,"column":92}},"skip":true},"11":{"name":"(anonymous_11)","line":272,"loc":{"start":{"line":272,"column":51},"end":{"line":272,"column":77}},"skip":true},"12":{"name":"(anonymous_12)","line":315,"loc":{"start":{"line":315,"column":32},"end":{"line":315,"column":61}},"skip":true}},"statementMap":{"1":{"start":{"line":26,"column":0},"end":{"line":326,"column":5}},"2":{"start":{"line":28,"column":4},"end":{"line":28,"column":14}},"3":{"start":{"line":33,"column":4},"end":{"line":60,"column":9}},"4":{"start":{"line":35,"column":8},"end":{"line":35,"column":19}},"5":{"start":{"line":37,"column":8},"end":{"line":49,"column":13}},"6":{"start":{"line":38,"column":12},"end":{"line":48,"column":13}},"7":{"start":{"line":39,"column":16},"end":{"line":42,"column":30}},"8":{"start":{"line":44,"column":16},"end":{"line":47,"column":27}},"9":{"start":{"line":51,"column":8},"end":{"line":53,"column":21}},"10":{"start":{"line":55,"column":8},"end":{"line":57,"column":45}},"11":{"start":{"line":59,"column":8},"end":{"line":59,"column":35}},"12":{"start":{"line":61,"column":4},"end":{"line":325,"column":5}},"13":{"start":{"line":69,"column":8},"end":{"line":121,"column":10},"skip":true},"14":{"start":{"line":70,"column":12},"end":{"line":88,"column":13},"skip":true},"15":{"start":{"line":76,"column":16},"end":{"line":87,"column":19},"skip":true},"16":{"start":{"line":79,"column":20},"end":{"line":86,"column":21},"skip":true},"17":{"start":{"line":82,"column":24},"end":{"line":82,"column":43},"skip":true},"18":{"start":{"line":83,"column":24},"end":{"line":83,"column":30},"skip":true},"19":{"start":{"line":85,"column":24},"end":{"line":85,"column":49},"skip":true},"20":{"start":{"line":89,"column":12},"end":{"line":107,"column":13},"skip":true},"21":{"start":{"line":92,"column":16},"end":{"line":102,"column":17},"skip":true},"22":{"start":{"line":93,"column":20},"end":{"line":93,"column":86},"skip":true},"23":{"start":{"line":94,"column":20},"end":{"line":95,"column":45},"skip":true},"24":{"start":{"line":96,"column":20},"end":{"line":96,"column":42},"skip":true},"25":{"start":{"line":97,"column":20},"end":{"line":97,"column":48},"skip":true},"26":{"start":{"line":100,"column":20},"end":{"line":100,"column":85},"skip":true},"27":{"start":{"line":101,"column":20},"end":{"line":101,"column":96},"skip":true},"28":{"start":{"line":103,"column":16},"end":{"line":103,"column":22},"skip":true},"29":{"start":{"line":106,"column":16},"end":{"line":106,"column":22},"skip":true},"30":{"start":{"line":108,"column":12},"end":{"line":120,"column":13},"skip":true},"31":{"start":{"line":114,"column":16},"end":{"line":119,"column":17},"skip":true},"32":{"start":{"line":116,"column":20},"end":{"line":116,"column":78},"skip":true},"33":{"start":{"line":118,"column":20},"end":{"line":118,"column":47},"skip":true},"34":{"start":{"line":123,"column":8},"end":{"line":141,"column":11},"skip":true},"35":{"start":{"line":124,"column":12},"end":{"line":124,"column":54},"skip":true},"36":{"start":{"line":125,"column":12},"end":{"line":140,"column":14},"skip":true},"37":{"start":{"line":126,"column":16},"end":{"line":126,"column":28},"skip":true},"38":{"start":{"line":127,"column":16},"end":{"line":127,"column":69},"skip":true},"39":{"start":{"line":128,"column":16},"end":{"line":128,"column":75},"skip":true},"40":{"start":{"line":129,"column":16},"end":{"line":131,"column":17},"skip":true},"41":{"start":{"line":130,"column":20},"end":{"line":130,"column":27},"skip":true},"42":{"start":{"line":133,"column":16},"end":{"line":137,"column":36},"skip":true},"43":{"start":{"line":134,"column":20},"end":{"line":136,"column":55},"skip":true},"44":{"start":{"line":139,"column":16},"end":{"line":139,"column":57},"skip":true},"45":{"start":{"line":143,"column":8},"end":{"line":147,"column":11},"skip":true},"46":{"start":{"line":144,"column":12},"end":{"line":146,"column":15},"skip":true},"47":{"start":{"line":145,"column":16},"end":{"line":145,"column":70},"skip":true},"48":{"start":{"line":149,"column":8},"end":{"line":149,"column":31},"skip":true},"49":{"start":{"line":150,"column":8},"end":{"line":150,"column":14},"skip":true},"50":{"start":{"line":158,"column":8},"end":{"line":158,"column":31},"skip":true},"51":{"start":{"line":160,"column":8},"end":{"line":160,"column":33},"skip":true},"52":{"start":{"line":161,"column":8},"end":{"line":161,"column":37},"skip":true},"53":{"start":{"line":162,"column":8},"end":{"line":162,"column":35},"skip":true},"54":{"start":{"line":164,"column":8},"end":{"line":164,"column":50},"skip":true},"55":{"start":{"line":166,"column":8},"end":{"line":256,"column":2},"skip":true},"56":{"start":{"line":258,"column":8},"end":{"line":286,"column":9},"skip":true},"57":{"start":{"line":259,"column":12},"end":{"line":269,"column":14},"skip":true},"58":{"start":{"line":271,"column":12},"end":{"line":285,"column":19},"skip":true},"59":{"start":{"line":274,"column":20},"end":{"line":274,"column":35},"skip":true},"60":{"start":{"line":275,"column":20},"end":{"line":284,"column":21},"skip":true},"61":{"start":{"line":277,"column":24},"end":{"line":277,"column":64},"skip":true},"62":{"start":{"line":279,"column":24},"end":{"line":279,"column":40},"skip":true},"63":{"start":{"line":281,"column":24},"end":{"line":281,"column":40},"skip":true},"64":{"start":{"line":283,"column":24},"end":{"line":283,"column":39},"skip":true},"65":{"start":{"line":288,"column":8},"end":{"line":290,"column":9},"skip":true},"66":{"start":{"line":289,"column":12},"end":{"line":289,"column":18},"skip":true},"67":{"start":{"line":291,"column":8},"end":{"line":293,"column":54},"skip":true},"68":{"start":{"line":296,"column":8},"end":{"line":301,"column":37},"skip":true},"69":{"start":{"line":303,"column":8},"end":{"line":303,"column":82},"skip":true},"70":{"start":{"line":306,"column":8},"end":{"line":308,"column":9},"skip":true},"71":{"start":{"line":307,"column":12},"end":{"line":307,"column":82},"skip":true},"72":{"start":{"line":310,"column":8},"end":{"line":312,"column":9},"skip":true},"73":{"start":{"line":311,"column":12},"end":{"line":311,"column":18},"skip":true},"74":{"start":{"line":313,"column":8},"end":{"line":313,"column":54},"skip":true},"75":{"start":{"line":314,"column":8},"end":{"line":314,"column":69},"skip":true},"76":{"start":{"line":315,"column":8},"end":{"line":323,"column":36},"skip":true},"77":{"start":{"line":316,"column":12},"end":{"line":316,"column":61},"skip":true},"78":{"start":{"line":317,"column":12},"end":{"line":320,"column":13},"skip":true},"79":{"start":{"line":318,"column":16},"end":{"line":318,"column":75},"skip":true},"80":{"start":{"line":319,"column":16},"end":{"line":319,"column":23},"skip":true},"81":{"start":{"line":321,"column":12},"end":{"line":321,"column":38},"skip":true},"82":{"start":{"line":322,"column":12},"end":{"line":322,"column":27},"skip":true},"83":{"start":{"line":324,"column":8},"end":{"line":324,"column":14},"skip":true}},"branchMap":{"1":{"line":39,"type":"binary-expr","locations":[{"start":{"line":39,"column":23},"end":{"line":39,"column":62}},{"start":{"line":40,"column":20},"end":{"line":40,"column":70}},{"start":{"line":41,"column":20},"end":{"line":41,"column":71}},{"start":{"line":42,"column":20},"end":{"line":42,"column":29}}]},"2":{"line":44,"type":"binary-expr","locations":[{"start":{"line":44,"column":23},"end":{"line":44,"column":37}},{"start":{"line":45,"column":20},"end":{"line":45,"column":61}},{"start":{"line":46,"column":20},"end":{"line":46,"column":70}},{"start":{"line":47,"column":20},"end":{"line":47,"column":26}}]},"3":{"line":51,"type":"cond-expr","locations":[{"start":{"line":52,"column":14},"end":{"line":52,"column":20}},{"start":{"line":53,"column":14},"end":{"line":53,"column":20}}]},"4":{"line":55,"type":"binary-expr","locations":[{"start":{"line":55,"column":16},"end":{"line":55,"column":44}},{"start":{"line":55,"column":49},"end":{"line":57,"column":43}}]},"5":{"line":55,"type":"cond-expr","locations":[{"start":{"line":56,"column":14},"end":{"line":56,"column":54}},{"start":{"line":57,"column":14},"end":{"line":57,"column":43}}]},"6":{"line":61,"type":"switch","locations":[{"start":{"line":68,"column":4},"end":{"line":150,"column":14},"skip":true},{"start":{"line":156,"column":4},"end":{"line":324,"column":14},"skip":true}]},"7":{"line":70,"type":"if","locations":[{"start":{"line":70,"column":12},"end":{"line":70,"column":12},"skip":true},{"start":{"line":70,"column":12},"end":{"line":70,"column":12},"skip":true}]},"8":{"line":70,"type":"binary-expr","locations":[{"start":{"line":70,"column":16},"end":{"line":70,"column":22},"skip":true},{"start":{"line":70,"column":27},"end":{"line":70,"column":32},"skip":true},{"start":{"line":71,"column":20},"end":{"line":71,"column":39},"skip":true},{"start":{"line":72,"column":20},"end":{"line":72,"column":49},"skip":true},{"start":{"line":73,"column":20},"end":{"line":73,"column":58},"skip":true},{"start":{"line":74,"column":20},"end":{"line":74,"column":69},"skip":true}]},"9":{"line":79,"type":"switch","locations":[{"start":{"line":80,"column":20},"end":{"line":80,"column":33},"skip":true},{"start":{"line":81,"column":20},"end":{"line":83,"column":30},"skip":true},{"start":{"line":84,"column":20},"end":{"line":85,"column":49},"skip":true}]},"10":{"line":89,"type":"switch","locations":[{"start":{"line":90,"column":12},"end":{"line":103,"column":22},"skip":true},{"start":{"line":105,"column":12},"end":{"line":106,"column":22},"skip":true}]},"11":{"line":89,"type":"binary-expr","locations":[{"start":{"line":89,"column":20},"end":{"line":89,"column":25},"skip":true},{"start":{"line":89,"column":29},"end":{"line":89,"column":48},"skip":true},{"start":{"line":89,"column":52},"end":{"line":89,"column":74},"skip":true}]},"12":{"line":92,"type":"if","locations":[{"start":{"line":92,"column":16},"end":{"line":92,"column":16},"skip":true},{"start":{"line":92,"column":16},"end":{"line":92,"column":16},"skip":true}]},"13":{"line":108,"type":"if","locations":[{"start":{"line":108,"column":12},"end":{"line":108,"column":12},"skip":true},{"start":{"line":108,"column":12},"end":{"line":108,"column":12},"skip":true}]},"14":{"line":108,"type":"binary-expr","locations":[{"start":{"line":108,"column":16},"end":{"line":108,"column":61},"skip":true},{"start":{"line":108,"column":66},"end":{"line":108,"column":72},"skip":true},{"start":{"line":108,"column":77},"end":{"line":108,"column":82},"skip":true},{"start":{"line":109,"column":20},"end":{"line":109,"column":39},"skip":true},{"start":{"line":110,"column":20},"end":{"line":110,"column":49},"skip":true},{"start":{"line":111,"column":20},"end":{"line":111,"column":58},"skip":true},{"start":{"line":112,"column":20},"end":{"line":112,"column":68},"skip":true}]},"15":{"line":129,"type":"if","locations":[{"start":{"line":129,"column":16},"end":{"line":129,"column":16},"skip":true},{"start":{"line":129,"column":16},"end":{"line":129,"column":16},"skip":true}]},"16":{"line":134,"type":"cond-expr","locations":[{"start":{"line":135,"column":26},"end":{"line":135,"column":29},"skip":true},{"start":{"line":136,"column":26},"end":{"line":136,"column":54},"skip":true}]},"17":{"line":164,"type":"binary-expr","locations":[{"start":{"line":164,"column":27},"end":{"line":164,"column":43},"skip":true},{"start":{"line":164,"column":47},"end":{"line":164,"column":49},"skip":true}]},"18":{"line":258,"type":"if","locations":[{"start":{"line":258,"column":8},"end":{"line":258,"column":8},"skip":true},{"start":{"line":258,"column":8},"end":{"line":258,"column":8},"skip":true}]},"19":{"line":275,"type":"switch","locations":[{"start":{"line":276,"column":20},"end":{"line":277,"column":64},"skip":true},{"start":{"line":278,"column":20},"end":{"line":279,"column":40},"skip":true},{"start":{"line":280,"column":20},"end":{"line":281,"column":40},"skip":true},{"start":{"line":282,"column":20},"end":{"line":283,"column":39},"skip":true}]},"20":{"line":288,"type":"if","locations":[{"start":{"line":288,"column":8},"end":{"line":288,"column":8},"skip":true},{"start":{"line":288,"column":8},"end":{"line":288,"column":8},"skip":true}]},"21":{"line":288,"type":"binary-expr","locations":[{"start":{"line":288,"column":12},"end":{"line":288,"column":40},"skip":true},{"start":{"line":288,"column":44},"end":{"line":288,"column":67},"skip":true}]},"22":{"line":292,"type":"binary-expr","locations":[{"start":{"line":292,"column":12},"end":{"line":292,"column":50},"skip":true},{"start":{"line":293,"column":12},"end":{"line":293,"column":53},"skip":true}]},"23":{"line":297,"type":"binary-expr","locations":[{"start":{"line":297,"column":12},"end":{"line":297,"column":68},"skip":true},{"start":{"line":298,"column":12},"end":{"line":301,"column":36},"skip":true}]},"24":{"line":303,"type":"binary-expr","locations":[{"start":{"line":303,"column":43},"end":{"line":303,"column":75},"skip":true},{"start":{"line":303,"column":79},"end":{"line":303,"column":81},"skip":true}]},"25":{"line":306,"type":"if","locations":[{"start":{"line":306,"column":8},"end":{"line":306,"column":8},"skip":true},{"start":{"line":306,"column":8},"end":{"line":306,"column":8},"skip":true}]},"26":{"line":310,"type":"if","locations":[{"start":{"line":310,"column":8},"end":{"line":310,"column":8},"skip":true},{"start":{"line":310,"column":8},"end":{"line":310,"column":8},"skip":true}]},"27":{"line":313,"type":"binary-expr","locations":[{"start":{"line":313,"column":27},"end":{"line":313,"column":43},"skip":true},{"start":{"line":313,"column":47},"end":{"line":313,"column":53},"skip":true}]},"28":{"line":317,"type":"if","locations":[{"start":{"line":317,"column":12},"end":{"line":317,"column":12},"skip":true},{"start":{"line":317,"column":12},"end":{"line":317,"column":12},"skip":true}]}},"code":["/*","example.js","","quickstart example","","instruction","    1. save this script as example.js","    2. run the shell command:","        $ npm install npmtest-nativefier && PORT=8081 node example.js","    3. play with the browser-demo on http://127.0.0.1:8081","*/","","","","/* istanbul instrument in package npmtest_nativefier */","/*jslint","    bitwise: true,","    browser: true,","    maxerr: 8,","    maxlen: 96,","    node: true,","    nomen: true,","    regexp: true,","    stupid: true","*/","(function () {","    'use strict';","    var local;","","","","    // run shared js-env code - pre-init","    (function () {","        // init local","        local = {};","        // init modeJs","        local.modeJs = (function () {","            try {","                return typeof navigator.userAgent === 'string' &&","                    typeof document.querySelector('body') === 'object' &&","                    typeof XMLHttpRequest.prototype.open === 'function' &&","                    'browser';","            } catch (errorCaughtBrowser) {","                return module.exports &&","                    typeof process.versions.node === 'string' &&","                    typeof require('http').createServer === 'function' &&","                    'node';","            }","        }());","        // init global","        local.global = local.modeJs === 'browser'","            ? window","            : global;","        // init utility2_rollup","        local = local.global.utility2_rollup || (local.modeJs === 'browser'","            ? local.global.utility2_npmtest_nativefier","            : global.utility2_moduleExports);","        // export local","        local.global.local = local;","    }());","    switch (local.modeJs) {","","","","    // post-init","    // run browser js-env code - post-init","    /* istanbul ignore next */","    case 'browser':","        local.testRunBrowser = function (event) {","            if (!event || (event &&","                    event.currentTarget &&","                    event.currentTarget.className &&","                    event.currentTarget.className.includes &&","                    event.currentTarget.className.includes('onreset'))) {","                // reset output","                Array.from(","                    document.querySelectorAll('body > .resettable')","                ).forEach(function (element) {","                    switch (element.tagName) {","                    case 'INPUT':","                    case 'TEXTAREA':","                        element.value = '';","                        break;","                    default:","                        element.textContent = '';","                    }","                });","            }","            switch (event && event.currentTarget && event.currentTarget.id) {","            case 'testRunButton1':","                // show tests","                if (document.querySelector('#testReportDiv1').style.display === 'none') {","                    document.querySelector('#testReportDiv1').style.display = 'block';","                    document.querySelector('#testRunButton1').textContent =","                        'hide internal test';","                    local.modeTest = true;","                    local.testRunDefault(local);","                // hide tests","                } else {","                    document.querySelector('#testReportDiv1').style.display = 'none';","                    document.querySelector('#testRunButton1').textContent = 'run internal test';","                }","                break;","            // custom-case","            default:","                break;","            }","            if (document.querySelector('#inputTextareaEval1') && (!event || (event &&","                    event.currentTarget &&","                    event.currentTarget.className &&","                    event.currentTarget.className.includes &&","                    event.currentTarget.className.includes('oneval')))) {","                // try to eval input-code","                try {","                    /*jslint evil: true*/","                    eval(document.querySelector('#inputTextareaEval1').value);","                } catch (errorCaught) {","                    console.error(errorCaught);","                }","            }","        };","        // log stderr and stdout to #outputTextareaStdout1","        ['error', 'log'].forEach(function (key) {","            console[key + '_original'] = console[key];","            console[key] = function () {","                var element;","                console[key + '_original'].apply(console, arguments);","                element = document.querySelector('#outputTextareaStdout1');","                if (!element) {","                    return;","                }","                // append text to #outputTextareaStdout1","                element.value += Array.from(arguments).map(function (arg) {","                    return typeof arg === 'string'","                        ? arg","                        : JSON.stringify(arg, null, 4);","                }).join(' ') + '\\n';","                // scroll textarea to bottom","                element.scrollTop = element.scrollHeight;","            };","        });","        // init event-handling","        ['change', 'click', 'keyup'].forEach(function (event) {","            Array.from(document.querySelectorAll('.on' + event)).forEach(function (element) {","                element.addEventListener(event, local.testRunBrowser);","            });","        });","        // run tests","        local.testRunBrowser();","        break;","","","","    // run node js-env code - post-init","    /* istanbul ignore next */","    case 'node':","        // export local","        module.exports = local;","        // require modules","        local.fs = require('fs');","        local.http = require('http');","        local.url = require('url');","        // init assets","        local.assetsDict = local.assetsDict || {};","        /* jslint-ignore-begin */","        local.assetsDict['/assets.index.template.html'] = '\\","<!doctype html>\\n\\","<html lang=\"en\">\\n\\","<head>\\n\\","<meta charset=\"UTF-8\">\\n\\","<meta name=\"viewport\" content=\"width=device-width, initial-scale=1\">\\n\\","<title>{{env.npm_package_name}} (v{{env.npm_package_version}})</title>\\n\\","<style>\\n\\","/*csslint\\n\\","    box-sizing: false,\\n\\","    universal-selector: false\\n\\","*/\\n\\","* {\\n\\","    box-sizing: border-box;\\n\\","}\\n\\","body {\\n\\","    background: #dde;\\n\\","    font-family: Arial, Helvetica, sans-serif;\\n\\","    margin: 2rem;\\n\\","}\\n\\","body > * {\\n\\","    margin-bottom: 1rem;\\n\\","}\\n\\",".utility2FooterDiv {\\n\\","    margin-top: 20px;\\n\\","    text-align: center;\\n\\","}\\n\\","</style>\\n\\","<style>\\n\\","/*csslint\\n\\","*/\\n\\","textarea {\\n\\","    font-family: monospace;\\n\\","    height: 10rem;\\n\\","    width: 100%;\\n\\","}\\n\\","textarea[readonly] {\\n\\","    background: #ddd;\\n\\","}\\n\\","</style>\\n\\","</head>\\n\\","<body>\\n\\","<!-- utility2-comment\\n\\","<div id=\"ajaxProgressDiv1\" style=\"background: #d00; height: 2px; left: 0; margin: 0; padding: 0; position: fixed; top: 0; transition: background 0.5s, width 1.5s; width: 25%;\"></div>\\n\\","utility2-comment -->\\n\\","<h1>\\n\\","<!-- utility2-comment\\n\\","    <a\\n\\","        {{#if env.npm_package_homepage}}\\n\\","        href=\"{{env.npm_package_homepage}}\"\\n\\","        {{/if env.npm_package_homepage}}\\n\\","        target=\"_blank\"\\n\\","    >\\n\\","utility2-comment -->\\n\\","        {{env.npm_package_name}} (v{{env.npm_package_version}})\\n\\","<!-- utility2-comment\\n\\","    </a>\\n\\","utility2-comment -->\\n\\","</h1>\\n\\","<h3>{{env.npm_package_description}}</h3>\\n\\","<!-- utility2-comment\\n\\","<h4><a download href=\"assets.app.js\">download standalone app</a></h4>\\n\\","<button class=\"onclick onreset\" id=\"testRunButton1\">run internal test</button><br>\\n\\","<div id=\"testReportDiv1\" style=\"display: none;\"></div>\\n\\","utility2-comment -->\\n\\","\\n\\","\\n\\","\\n\\","<label>stderr and stdout</label>\\n\\","<textarea class=\"resettable\" id=\"outputTextareaStdout1\" readonly></textarea>\\n\\","<!-- utility2-comment\\n\\","{{#if isRollup}}\\n\\","<script src=\"assets.app.js\"></script>\\n\\","{{#unless isRollup}}\\n\\","utility2-comment -->\\n\\","<script src=\"assets.utility2.rollup.js\"></script>\\n\\","<script src=\"jsonp.utility2._stateInit?callback=window.utility2._stateInit\"></script>\\n\\","<script src=\"assets.npmtest_nativefier.rollup.js\"></script>\\n\\","<script src=\"assets.example.js\"></script>\\n\\","<script src=\"assets.test.js\"></script>\\n\\","<!-- utility2-comment\\n\\","{{/if isRollup}}\\n\\","utility2-comment -->\\n\\","<div class=\"utility2FooterDiv\">\\n\\","    [ this app was created with\\n\\","    <a href=\"https://github.com/kaizhu256/node-utility2\" target=\"_blank\">utility2</a>\\n\\","    ]\\n\\","</div>\\n\\","</body>\\n\\","</html>\\n\\","';","        /* jslint-ignore-end */","        if (local.templateRender) {","            local.assetsDict['/'] = local.templateRender(","                local.assetsDict['/assets.index.template.html'],","                {","                    env: local.objectSetDefault(local.env, {","                        npm_package_description: 'the greatest app in the world!',","                        npm_package_name: 'my-app',","                        npm_package_nameAlias: 'my_app',","                        npm_package_version: '0.0.1'","                    })","                }","            );","        } else {","            local.assetsDict['/'] = local.assetsDict['/assets.index.template.html']","                .replace((/\\{\\{env\\.(\\w+?)\\}\\}/g), function (match0, match1) {","                    // jslint-hack","                    String(match0);","                    switch (match1) {","                    case 'npm_package_description':","                        return 'the greatest app in the world!';","                    case 'npm_package_name':","                        return 'my-app';","                    case 'npm_package_nameAlias':","                        return 'my_app';","                    case 'npm_package_version':","                        return '0.0.1';","                    }","                });","        }","        // run the cli","        if (local.global.utility2_rollup || module !== require.main) {","            break;","        }","        local.assetsDict['/assets.example.js'] =","            local.assetsDict['/assets.example.js'] ||","            local.fs.readFileSync(__filename, 'utf8');","        // bug-workaround - long $npm_package_buildCustomOrg","        /* jslint-ignore-begin */","        local.assetsDict['/assets.npmtest_nativefier.rollup.js'] =","            local.assetsDict['/assets.npmtest_nativefier.rollup.js'] ||","            local.fs.readFileSync(","                local.npmtest_nativefier.__dirname + '/lib.npmtest_nativefier.js',","                'utf8'","            ).replace((/^#!/), '//');","        /* jslint-ignore-end */","        local.assetsDict['/favicon.ico'] = local.assetsDict['/favicon.ico'] || '';","        // if $npm_config_timeout_exit exists,","        // then exit this process after $npm_config_timeout_exit ms","        if (Number(process.env.npm_config_timeout_exit)) {","            setTimeout(process.exit, Number(process.env.npm_config_timeout_exit));","        }","        // start server","        if (local.global.utility2_serverHttp1) {","            break;","        }","        process.env.PORT = process.env.PORT || '8081';","        console.error('server starting on port ' + process.env.PORT);","        local.http.createServer(function (request, response) {","            request.urlParsed = local.url.parse(request.url);","            if (local.assetsDict[request.urlParsed.pathname] !== undefined) {","                response.end(local.assetsDict[request.urlParsed.pathname]);","                return;","            }","            response.statusCode = 404;","            response.end();","        }).listen(process.env.PORT);","        break;","    }","}());",""],"l":{"26":2,"28":2,"33":2,"35":2,"37":2,"38":2,"39":2,"44":1,"51":2,"55":2,"59":2,"61":2,"69":1,"70":2,"76":2,"79":2,"82":2,"83":2,"85":1,"89":2,"92":1,"93":1,"94":1,"96":1,"97":1,"100":1,"101":1,"103":1,"106":1,"108":2,"114":1,"116":1,"118":1,"123":1,"124":2,"125":2,"126":3,"127":3,"128":3,"129":3,"130":1,"133":3,"134":3,"139":3,"143":1,"144":3,"145":1,"149":1,"150":1,"158":1,"160":1,"161":1,"162":1,"164":1,"166":1,"258":1,"259":1,"271":1,"274":6,"275":6,"277":1,"279":2,"281":1,"283":2,"288":1,"289":1,"291":1,"296":1,"303":1,"306":1,"307":1,"310":1,"311":1,"313":1,"314":1,"315":1,"316":1,"317":1,"318":1,"319":1,"321":1,"322":1,"324":1}},"/home/travis/build/npmtest/node-npmtest-nativefier/node_modules/nativefier/lib/index.js":{"path":"/home/travis/build/npmtest/node-npmtest-nativefier/node_modules/nativefier/lib/index.js","s":{"1":6,"2":6,"3":6,"4":6,"5":0,"6":1,"7":0,"8":0},"b":{"1":[0,0],"2":[0,0]},"f":{"1":0},"fnMap":{"1":{"name":"_interopRequireDefault","line":15,"loc":{"start":{"line":15,"column":0},"end":{"line":15,"column":37}}}},"statementMap":{"1":{"start":{"line":3,"column":0},"end":{"line":5,"column":3}},"2":{"start":{"line":7,"column":0},"end":{"line":7,"column":39}},"3":{"start":{"line":9,"column":0},"end":{"line":9,"column":26}},"4":{"start":{"line":11,"column":0},"end":{"line":11,"column":46}},"5":{"start":{"line":13,"column":0},"end":{"line":13,"column":53}},"6":{"start":{"line":15,"column":0},"end":{"line":15,"column":95}},"7":{"start":{"line":15,"column":39},"end":{"line":15,"column":93}},"8":{"start":{"line":17,"column":0},"end":{"line":17,"column":38}}},"branchMap":{"1":{"line":15,"type":"cond-expr","locations":[{"start":{"line":15,"column":70},"end":{"line":15,"column":73}},{"start":{"line":15,"column":76},"end":{"line":15,"column":92}}]},"2":{"line":15,"type":"binary-expr","locations":[{"start":{"line":15,"column":46},"end":{"line":15,"column":49}},{"start":{"line":15,"column":53},"end":{"line":15,"column":67}}]}},"code":["'use strict';","","Object.defineProperty(exports, \"__esModule\", {","  value: true","});","","require('source-map-support/register');","","require('babel-polyfill');","","var _buildMain = require('./build/buildMain');","","var _buildMain2 = _interopRequireDefault(_buildMain);","","function _interopRequireDefault(obj) { return obj && obj.__esModule ? obj : { default: obj }; }","","exports.default = _buildMain2.default;","//# sourceMappingURL=index.js.map",""],"l":{"3":6,"7":6,"9":6,"11":6,"13":0,"15":1,"17":0}},"/home/travis/build/npmtest/node-npmtest-nativefier/node_modules/nativefier/lib/build/buildMain.js":{"path":"/home/travis/build/npmtest/node-npmtest-nativefier/node_modules/nativefier/lib/build/buildMain.js","s":{"1":6,"2":6,"3":6,"4":6,"5":0,"6":0,"7":0,"8":0,"9":0,"10":0,"11":0,"12":0,"13":0,"14":0,"15":0,"16":0,"17":0,"18":0,"19":0,"20":0,"21":0,"22":0,"23":0,"24":0,"25":0,"26":0,"27":0,"28":1,"29":6,"30":0,"31":0,"32":1,"33":0,"34":0,"35":0,"36":0,"37":0,"38":0,"39":0,"40":0,"41":0,"42":0,"43":0,"44":0,"45":0,"46":0,"47":0,"48":0,"49":0,"50":0,"51":0,"52":0,"53":0,"54":0,"55":0,"56":0,"57":0,"58":0,"59":0,"60":0,"61":0,"62":0,"63":0,"64":0,"65":1,"66":0,"67":0,"68":0,"69":0,"70":0,"71":1,"72":0,"73":0,"74":0,"75":0,"76":0,"77":0,"78":1,"79":0,"80":0,"81":0,"82":0,"83":0,"84":0,"85":0,"86":0,"87":0,"88":0,"89":0},"b":{"1":[0,6],"2":[6,6],"3":[0,0],"4":[0,0],"5":[0,0],"6":[0,0],"7":[0,0],"8":[0,0],"9":[0,0],"10":[0,0],"11":[0,0]},"f":{"1":6,"2":0,"3":0,"4":0,"5":0,"6":0,"7":0,"8":0,"9":0,"10":0,"11":0,"12":0,"13":0,"14":0,"15":0,"16":0},"fnMap":{"1":{"name":"_interopRequireDefault","line":59,"loc":{"start":{"line":59,"column":0},"end":{"line":59,"column":37}}},"2":{"name":"buildMain","line":75,"loc":{"start":{"line":75,"column":0},"end":{"line":75,"column":38}}},"3":{"name":"(anonymous_3)","line":86,"loc":{"start":{"line":86,"column":31},"end":{"line":86,"column":51}}},"4":{"name":"(anonymous_4)","line":89,"loc":{"start":{"line":89,"column":7},"end":{"line":89,"column":36}}},"5":{"name":"(anonymous_5)","line":91,"loc":{"start":{"line":91,"column":63},"end":{"line":91,"column":80}}},"6":{"name":"(anonymous_6)","line":100,"loc":{"start":{"line":100,"column":7},"end":{"line":100,"column":36}}},"7":{"name":"(anonymous_7)","line":102,"loc":{"start":{"line":102,"column":42},"end":{"line":102,"column":76}}},"8":{"name":"(anonymous_8)","line":105,"loc":{"start":{"line":105,"column":7},"end":{"line":105,"column":36}}},"9":{"name":"(anonymous_9)","line":112,"loc":{"start":{"line":112,"column":56},"end":{"line":112,"column":87}}},"10":{"name":"(anonymous_10)","line":120,"loc":{"start":{"line":120,"column":7},"end":{"line":120,"column":50}}},"11":{"name":"(anonymous_11)","line":129,"loc":{"start":{"line":129,"column":41},"end":{"line":129,"column":58}}},"12":{"name":"(anonymous_12)","line":132,"loc":{"start":{"line":132,"column":8},"end":{"line":132,"column":34}}},"13":{"name":"getAppPath","line":143,"loc":{"start":{"line":143,"column":0},"end":{"line":143,"column":34}}},"14":{"name":"maybeNoIconOption","line":161,"loc":{"start":{"line":161,"column":0},"end":{"line":161,"column":36}}},"15":{"name":"maybeCopyIcons","line":179,"loc":{"start":{"line":179,"column":0},"end":{"line":179,"column":52}}},"16":{"name":"(anonymous_16)","line":194,"loc":{"start":{"line":194,"column":72},"end":{"line":194,"column":89}}}},"statementMap":{"1":{"start":{"line":3,"column":0},"end":{"line":5,"column":3}},"2":{"start":{"line":7,"column":0},"end":{"line":7,"column":28}},"3":{"start":{"line":9,"column":0},"end":{"line":9,"column":43}},"4":{"start":{"line":11,"column":0},"end":{"line":11,"column":53}},"5":{"start":{"line":13,"column":0},"end":{"line":13,"column":67}},"6":{"start":{"line":15,"column":0},"end":{"line":15,"column":26}},"7":{"start":{"line":17,"column":0},"end":{"line":17,"column":41}},"8":{"start":{"line":19,"column":0},"end":{"line":19,"column":26}},"9":{"start":{"line":21,"column":0},"end":{"line":21,"column":41}},"10":{"start":{"line":23,"column":0},"end":{"line":23,"column":30}},"11":{"start":{"line":25,"column":0},"end":{"line":25,"column":45}},"12":{"start":{"line":27,"column":0},"end":{"line":27,"column":32}},"13":{"start":{"line":29,"column":0},"end":{"line":29,"column":47}},"14":{"start":{"line":31,"column":0},"end":{"line":31,"column":36}},"15":{"start":{"line":33,"column":0},"end":{"line":33,"column":51}},"16":{"start":{"line":35,"column":0},"end":{"line":35,"column":67}},"17":{"start":{"line":37,"column":0},"end":{"line":37,"column":69}},"18":{"start":{"line":39,"column":0},"end":{"line":39,"column":55}},"19":{"start":{"line":41,"column":0},"end":{"line":41,"column":57}},"20":{"start":{"line":43,"column":0},"end":{"line":43,"column":40}},"21":{"start":{"line":45,"column":0},"end":{"line":45,"column":53}},"22":{"start":{"line":47,"column":0},"end":{"line":47,"column":47}},"23":{"start":{"line":49,"column":0},"end":{"line":49,"column":49}},"24":{"start":{"line":51,"column":0},"end":{"line":51,"column":63}},"25":{"start":{"line":53,"column":0},"end":{"line":53,"column":65}},"26":{"start":{"line":55,"column":0},"end":{"line":55,"column":38}},"27":{"start":{"line":57,"column":0},"end":{"line":57,"column":51}},"28":{"start":{"line":59,"column":0},"end":{"line":59,"column":95}},"29":{"start":{"line":59,"column":39},"end":{"line":59,"column":93}},"30":{"start":{"line":61,"column":0},"end":{"line":61,"column":29}},"31":{"start":{"line":62,"column":0},"end":{"line":62,"column":44}},"32":{"start":{"line":75,"column":0},"end":{"line":136,"column":1}},"33":{"start":{"line":78,"column":4},"end":{"line":78,"column":64}},"34":{"start":{"line":79,"column":4},"end":{"line":79,"column":30}},"35":{"start":{"line":82,"column":4},"end":{"line":82,"column":58}},"36":{"start":{"line":84,"column":4},"end":{"line":84,"column":54}},"37":{"start":{"line":86,"column":4},"end":{"line":135,"column":7}},"38":{"start":{"line":87,"column":8},"end":{"line":87,"column":35}},"39":{"start":{"line":88,"column":8},"end":{"line":88,"column":54}},"40":{"start":{"line":90,"column":8},"end":{"line":90,"column":33}},"41":{"start":{"line":91,"column":8},"end":{"line":99,"column":11}},"42":{"start":{"line":92,"column":12},"end":{"line":95,"column":13}},"43":{"start":{"line":93,"column":16},"end":{"line":93,"column":32}},"44":{"start":{"line":94,"column":16},"end":{"line":94,"column":23}},"45":{"start":{"line":97,"column":12},"end":{"line":97,"column":34}},"46":{"start":{"line":98,"column":12},"end":{"line":98,"column":36}},"47":{"start":{"line":101,"column":8},"end":{"line":101,"column":31}},"48":{"start":{"line":102,"column":8},"end":{"line":104,"column":11}},"49":{"start":{"line":103,"column":12},"end":{"line":103,"column":44}},"50":{"start":{"line":106,"column":8},"end":{"line":106,"column":35}},"51":{"start":{"line":108,"column":8},"end":{"line":108,"column":56}},"52":{"start":{"line":110,"column":8},"end":{"line":110,"column":35}},"53":{"start":{"line":112,"column":8},"end":{"line":119,"column":11}},"54":{"start":{"line":115,"column":12},"end":{"line":115,"column":38}},"55":{"start":{"line":118,"column":12},"end":{"line":118,"column":51}},"56":{"start":{"line":121,"column":8},"end":{"line":121,"column":36}},"57":{"start":{"line":123,"column":8},"end":{"line":123,"column":47}},"58":{"start":{"line":124,"column":8},"end":{"line":127,"column":9}},"59":{"start":{"line":125,"column":12},"end":{"line":125,"column":23}},"60":{"start":{"line":126,"column":12},"end":{"line":126,"column":19}},"61":{"start":{"line":129,"column":8},"end":{"line":131,"column":11}},"62":{"start":{"line":130,"column":12},"end":{"line":130,"column":37}},"63":{"start":{"line":133,"column":8},"end":{"line":133,"column":35}},"64":{"start":{"line":134,"column":8},"end":{"line":134,"column":33}},"65":{"start":{"line":143,"column":0},"end":{"line":155,"column":1}},"66":{"start":{"line":144,"column":4},"end":{"line":148,"column":5}},"67":{"start":{"line":147,"column":8},"end":{"line":147,"column":20}},"68":{"start":{"line":150,"column":4},"end":{"line":152,"column":5}},"69":{"start":{"line":151,"column":8},"end":{"line":151,"column":138}},"70":{"start":{"line":154,"column":4},"end":{"line":154,"column":27}},"71":{"start":{"line":161,"column":0},"end":{"line":170,"column":1}},"72":{"start":{"line":162,"column":4},"end":{"line":162,"column":61}},"73":{"start":{"line":163,"column":4},"end":{"line":168,"column":5}},"74":{"start":{"line":164,"column":8},"end":{"line":167,"column":9}},"75":{"start":{"line":165,"column":12},"end":{"line":165,"column":130}},"76":{"start":{"line":166,"column":12},"end":{"line":166,"column":39}},"77":{"start":{"line":169,"column":4},"end":{"line":169,"column":26}},"78":{"start":{"line":179,"column":0},"end":{"line":197,"column":1}},"79":{"start":{"line":180,"column":4},"end":{"line":183,"column":5}},"80":{"start":{"line":181,"column":8},"end":{"line":181,"column":19}},"81":{"start":{"line":182,"column":8},"end":{"line":182,"column":15}},"82":{"start":{"line":185,"column":4},"end":{"line":188,"column":5}},"83":{"start":{"line":186,"column":8},"end":{"line":186,"column":19}},"84":{"start":{"line":187,"column":8},"end":{"line":187,"column":15}},"85":{"start":{"line":192,"column":4},"end":{"line":192,"column":69}},"86":{"start":{"line":193,"column":4},"end":{"line":193,"column":69}},"87":{"start":{"line":194,"column":4},"end":{"line":196,"column":7}},"88":{"start":{"line":195,"column":8},"end":{"line":195,"column":24}},"89":{"start":{"line":199,"column":0},"end":{"line":199,"column":28}}},"branchMap":{"1":{"line":59,"type":"cond-expr","locations":[{"start":{"line":59,"column":70},"end":{"line":59,"column":73}},{"start":{"line":59,"column":76},"end":{"line":59,"column":92}}]},"2":{"line":59,"type":"binary-expr","locations":[{"start":{"line":59,"column":46},"end":{"line":59,"column":49}},{"start":{"line":59,"column":53},"end":{"line":59,"column":67}}]},"3":{"line":92,"type":"if","locations":[{"start":{"line":92,"column":12},"end":{"line":92,"column":12}},{"start":{"line":92,"column":12},"end":{"line":92,"column":12}}]},"4":{"line":124,"type":"if","locations":[{"start":{"line":124,"column":8},"end":{"line":124,"column":8}},{"start":{"line":124,"column":8},"end":{"line":124,"column":8}}]},"5":{"line":144,"type":"if","locations":[{"start":{"line":144,"column":4},"end":{"line":144,"column":4}},{"start":{"line":144,"column":4},"end":{"line":144,"column":4}}]},"6":{"line":150,"type":"if","locations":[{"start":{"line":150,"column":4},"end":{"line":150,"column":4}},{"start":{"line":150,"column":4},"end":{"line":150,"column":4}}]},"7":{"line":163,"type":"if","locations":[{"start":{"line":163,"column":4},"end":{"line":163,"column":4}},{"start":{"line":163,"column":4},"end":{"line":163,"column":4}}]},"8":{"line":163,"type":"binary-expr","locations":[{"start":{"line":163,"column":8},"end":{"line":163,"column":36}},{"start":{"line":163,"column":40},"end":{"line":163,"column":52}}]},"9":{"line":164,"type":"if","locations":[{"start":{"line":164,"column":8},"end":{"line":164,"column":8}},{"start":{"line":164,"column":8},"end":{"line":164,"column":8}}]},"10":{"line":180,"type":"if","locations":[{"start":{"line":180,"column":4},"end":{"line":180,"column":4}},{"start":{"line":180,"column":4},"end":{"line":180,"column":4}}]},"11":{"line":185,"type":"if","locations":[{"start":{"line":185,"column":4},"end":{"line":185,"column":4}},{"start":{"line":185,"column":4},"end":{"line":185,"column":4}}]}},"code":["'use strict';","","Object.defineProperty(exports, \"__esModule\", {","    value: true","});","","var _path = require('path');","","var _path2 = _interopRequireDefault(_path);","","var _electronPackager = require('electron-packager');","","var _electronPackager2 = _interopRequireDefault(_electronPackager);","","var _tmp = require('tmp');","","var _tmp2 = _interopRequireDefault(_tmp);","","var _ncp = require('ncp');","","var _ncp2 = _interopRequireDefault(_ncp);","","var _async = require('async');","","var _async2 = _interopRequireDefault(_async);","","var _hasbin = require('hasbin');","","var _hasbin2 = _interopRequireDefault(_hasbin);","","var _loglevel = require('loglevel');","","var _loglevel2 = _interopRequireDefault(_loglevel);","","var _dishonestProgress = require('./../helpers/dishonestProgress');","","var _dishonestProgress2 = _interopRequireDefault(_dishonestProgress);","","var _optionsMain = require('./../options/optionsMain');","","var _optionsMain2 = _interopRequireDefault(_optionsMain);","","var _iconBuild = require('./iconBuild');","","var _iconBuild2 = _interopRequireDefault(_iconBuild);","","var _helpers = require('./../helpers/helpers');","","var _helpers2 = _interopRequireDefault(_helpers);","","var _packagerConsole = require('./../helpers/packagerConsole');","","var _packagerConsole2 = _interopRequireDefault(_packagerConsole);","","var _buildApp = require('./buildApp');","","var _buildApp2 = _interopRequireDefault(_buildApp);","","function _interopRequireDefault(obj) { return obj && obj.__esModule ? obj : { default: obj }; }","","var copy = _ncp2.default.ncp;","var isWindows = _helpers2.default.isWindows;","","/**"," * @callback buildAppCallback"," * @param error"," * @param {string} appPath"," */","","/**"," *"," * @param {{}} options"," * @param {buildAppCallback} callback"," */","function buildMain(options, callback) {","    // pre process app","","    var tmpObj = _tmp2.default.dirSync({ unsafeCleanup: true });","    var tmpPath = tmpObj.name;","","    // todo check if this is still needed on later version of packager","    var packagerConsole = new _packagerConsole2.default();","","    var progress = new _dishonestProgress2.default(5);","","    _async2.default.waterfall([function (callback) {","        progress.tick('inferring');","        (0, _optionsMain2.default)(options, callback);","    }, function (options, callback) {","        progress.tick('copying');","        (0, _buildApp2.default)(options.dir, tmpPath, options, function (error) {","            if (error) {","                callback(error);","                return;","            }","            // dir now correctly references the app folder to package","            options.dir = tmpPath;","            callback(null, options);","        });","    }, function (options, callback) {","        progress.tick('icons');","        (0, _iconBuild2.default)(options, function (error, optionsWithIcon) {","            callback(null, optionsWithIcon);","        });","    }, function (options, callback) {","        progress.tick('packaging');","        // maybe skip passing icon parameter to electron packager","        var packageOptions = maybeNoIconOption(options);","","        packagerConsole.override();","","        (0, _electronPackager2.default)(packageOptions, function (error, appPathArray) {","","            // restore console.error","            packagerConsole.restore();","","            // pass options which still contains the icon to waterfall","            callback(error, options, appPathArray);","        });","    }, function (options, appPathArray, callback) {","        progress.tick('finalizing');","        // somehow appPathArray is a 1 element array","        var appPath = getAppPath(appPathArray);","        if (!appPath) {","            callback();","            return;","        }","","        maybeCopyIcons(options, appPath, function (error) {","            callback(error, appPath);","        });","    }], function (error, appPath) {","        packagerConsole.playback();","        callback(error, appPath);","    });","}","","/**"," * Checks the app path array to determine if the packaging was completed successfully"," * @param appPathArray Result from electron-packager"," * @returns {*}"," */","function getAppPath(appPathArray) {","    if (appPathArray.length === 0) {","        // directory already exists, --overwrite is not set","        // exit here","        return null;","    }","","    if (appPathArray.length > 1) {","        _loglevel2.default.warn('Warning: This should not be happening, packaged app path contains more than one element:', appPathArray);","    }","","    return appPathArray[0];","}","","/**"," * Removes the `icon` parameter from options if building for Windows while not on Windows and Wine is not installed"," * @param options"," */","function maybeNoIconOption(options) {","    var packageOptions = JSON.parse(JSON.stringify(options));","    if (options.platform === 'win32' && !isWindows()) {","        if (!_hasbin2.default.sync('wine')) {","            _loglevel2.default.warn('Wine is required to set the icon for a Windows app when packaging on non-windows platforms');","            packageOptions.icon = null;","        }","    }","    return packageOptions;","}","","/**"," * For windows and linux, we have to copy over the icon to the resources/app folder, which the"," * BrowserWindow is hard coded to read the icon from"," * @param {{}} options"," * @param {string} appPath"," * @param callback"," */","function maybeCopyIcons(options, appPath, callback) {","    if (!options.icon) {","        callback();","        return;","    }","","    if (options.platform === 'darwin') {","        callback();","        return;","    }","","    // windows & linux","    // put the icon file into the app","    var destIconPath = _path2.default.join(appPath, 'resources/app');","    var destFileName = 'icon' + _path2.default.extname(options.icon);","    copy(options.icon, _path2.default.join(destIconPath, destFileName), function (error) {","        callback(error);","    });","}","","exports.default = buildMain;","//# sourceMappingURL=buildMain.js.map",""],"l":{"3":6,"7":6,"9":6,"11":6,"13":0,"15":0,"17":0,"19":0,"21":0,"23":0,"25":0,"27":0,"29":0,"31":0,"33":0,"35":0,"37":0,"39":0,"41":0,"43":0,"45":0,"47":0,"49":0,"51":0,"53":0,"55":0,"57":0,"59":6,"61":0,"62":0,"75":1,"78":0,"79":0,"82":0,"84":0,"86":0,"87":0,"88":0,"90":0,"91":0,"92":0,"93":0,"94":0,"97":0,"98":0,"101":0,"102":0,"103":0,"106":0,"108":0,"110":0,"112":0,"115":0,"118":0,"121":0,"123":0,"124":0,"125":0,"126":0,"129":0,"130":0,"133":0,"134":0,"143":1,"144":0,"147":0,"150":0,"151":0,"154":0,"161":1,"162":0,"163":0,"164":0,"165":0,"166":0,"169":0,"179":1,"180":0,"181":0,"182":0,"185":0,"186":0,"187":0,"192":0,"193":0,"194":0,"195":0,"199":0}},"/home/travis/build/npmtest/node-npmtest-nativefier/node_modules/nativefier/lib/cli.js":{"path":"/home/travis/build/npmtest/node-npmtest-nativefier/node_modules/nativefier/lib/cli.js","s":{"1":4,"2":4,"3":4,"4":4,"5":4,"6":4,"7":0,"8":1,"9":8,"10":0,"11":1,"12":0,"13":0,"14":0,"15":0,"16":0,"17":0,"18":0,"19":0,"20":0,"21":0,"22":0,"23":0,"24":0,"25":0,"26":0},"b":{"1":[0,8],"2":[8,8],"3":[0,0],"4":[0,0],"5":[0,0],"6":[0,0]},"f":{"1":8,"2":0,"3":0,"4":0},"fnMap":{"1":{"name":"_interopRequireDefault","line":18,"loc":{"start":{"line":18,"column":0},"end":{"line":18,"column":37}}},"2":{"name":"collect","line":22,"loc":{"start":{"line":22,"column":0},"end":{"line":22,"column":28}}},"3":{"name":"(anonymous_3)","line":29,"loc":{"start":{"line":29,"column":92},"end":{"line":29,"column":121}}},"4":{"name":"(anonymous_4)","line":38,"loc":{"start":{"line":38,"column":46},"end":{"line":38,"column":72}}}},"statementMap":{"1":{"start":{"line":4,"column":0},"end":{"line":4,"column":39}},"2":{"start":{"line":6,"column":0},"end":{"line":6,"column":28}},"3":{"start":{"line":8,"column":0},"end":{"line":8,"column":43}},"4":{"start":{"line":10,"column":0},"end":{"line":10,"column":38}},"5":{"start":{"line":12,"column":0},"end":{"line":12,"column":53}},"6":{"start":{"line":14,"column":0},"end":{"line":14,"column":32}},"7":{"start":{"line":16,"column":0},"end":{"line":16,"column":45}},"8":{"start":{"line":18,"column":0},"end":{"line":18,"column":95}},"9":{"start":{"line":18,"column":39},"end":{"line":18,"column":93}},"10":{"start":{"line":20,"column":0},"end":{"line":20,"column":64}},"11":{"start":{"line":22,"column":0},"end":{"line":25,"column":1}},"12":{"start":{"line":23,"column":4},"end":{"line":23,"column":19}},"13":{"start":{"line":24,"column":4},"end":{"line":24,"column":16}},"14":{"start":{"line":27,"column":0},"end":{"line":50,"column":1}},"15":{"start":{"line":29,"column":4},"end":{"line":32,"column":2965}},"16":{"start":{"line":30,"column":8},"end":{"line":30,"column":50}},"17":{"start":{"line":31,"column":8},"end":{"line":31,"column":41}},"18":{"start":{"line":34,"column":4},"end":{"line":36,"column":5}},"19":{"start":{"line":35,"column":8},"end":{"line":35,"column":35}},"20":{"start":{"line":38,"column":4},"end":{"line":49,"column":7}},"21":{"start":{"line":39,"column":8},"end":{"line":42,"column":9}},"22":{"start":{"line":40,"column":12},"end":{"line":40,"column":33}},"23":{"start":{"line":41,"column":12},"end":{"line":41,"column":19}},"24":{"start":{"line":44,"column":8},"end":{"line":47,"column":9}},"25":{"start":{"line":46,"column":12},"end":{"line":46,"column":19}},"26":{"start":{"line":48,"column":8},"end":{"line":48,"column":47}}},"branchMap":{"1":{"line":18,"type":"cond-expr","locations":[{"start":{"line":18,"column":70},"end":{"line":18,"column":73}},{"start":{"line":18,"column":76},"end":{"line":18,"column":92}}]},"2":{"line":18,"type":"binary-expr","locations":[{"start":{"line":18,"column":46},"end":{"line":18,"column":49}},{"start":{"line":18,"column":53},"end":{"line":18,"column":67}}]},"3":{"line":27,"type":"if","locations":[{"start":{"line":27,"column":0},"end":{"line":27,"column":0}},{"start":{"line":27,"column":0},"end":{"line":27,"column":0}}]},"4":{"line":34,"type":"if","locations":[{"start":{"line":34,"column":4},"end":{"line":34,"column":4}},{"start":{"line":34,"column":4},"end":{"line":34,"column":4}}]},"5":{"line":39,"type":"if","locations":[{"start":{"line":39,"column":8},"end":{"line":39,"column":8}},{"start":{"line":39,"column":8},"end":{"line":39,"column":8}}]},"6":{"line":44,"type":"if","locations":[{"start":{"line":44,"column":8},"end":{"line":44,"column":8}},{"start":{"line":44,"column":8},"end":{"line":44,"column":8}}]}},"code":["//#! /usr/bin/env node","'use strict';","","require('source-map-support/register');","","var _path = require('path');","","var _path2 = _interopRequireDefault(_path);","","var _commander = require('commander');","","var _commander2 = _interopRequireDefault(_commander);","","var _index = require('./index');","","var _index2 = _interopRequireDefault(_index);","","function _interopRequireDefault(obj) { return obj && obj.__esModule ? obj : { default: obj }; }","","var packageJson = require(_path2.default.join('..', 'package'));","","function collect(val, memo) {","    memo.push(val);","    return memo;","}","","if (require.main === module) {","","    _commander2.default.version(packageJson.version).arguments('<targetUrl> [dest]').action(function (targetUrl, appDir) {","        _commander2.default.targetUrl = targetUrl;","        _commander2.default.out = appDir;","    }).option('-n, --name <value>', 'app name').option('-p, --platform <value>', '\\'osx\\', \\'linux\\' or \\'windows\\'').option('-a, --arch <value>', '\\'ia32\\' or \\'x64\\'').option('-e, --electron-version <value>', 'electron version to package, without the \\'v\\', see https://github.com/atom/electron/releases').option('--no-overwrite', 'do not override output directory if it already exists, defaults to false').option('-c, --conceal', 'packages the source code within your app into an archive, defaults to false, see http://electron.atom.io/docs/v0.36.0/tutorial/application-packaging/').option('--counter', 'if the target app should use a persistant counter badge in the dock (OSX only), defaults to false').option('-i, --icon <value>', 'the icon file to use as the icon for the app (should be a .icns file on OSX, .png for Windows and Linux)').option('--width <value>', 'set window default width, defaults to 1280px', parseInt).option('--height <value>', 'set window default height, defaults to 800px', parseInt).option('--min-width <value>', 'set window minimum width, defaults to 0px', parseInt).option('--min-height <value>', 'set window minimum height, defaults to 0px', parseInt).option('--max-width <value>', 'set window maximum width, default is no limit', parseInt).option('--max-height <value>', 'set window maximum height, default is no limit', parseInt).option('-m, --show-menu-bar', 'set menu bar visible, defaults to false').option('-f, --fast-quit', 'quit app after window close (OSX only), defaults to false').option('-u, --user-agent <value>', 'set the user agent string for the app').option('--honest', 'prevent the nativefied app from changing the user agent string to masquerade as a regular chrome browser').option('--ignore-certificate', 'ignore certificate related errors').option('--insecure', 'enable loading of insecure content, defaults to false').option('--flash', 'if flash should be enabled').option('--flash-path <value>', 'path to Chrome flash plugin, find it in `Chrome://plugins`').option('--inject <value>', 'path to a CSS/JS file to be injected', collect, []).option('--full-screen', 'if the app should always be started in full screen').option('--maximize', 'if the app should always be started maximized').option('--hide-window-frame', 'disable window frame and controls').option('--verbose', 'if verbose logs should be displayed').option('--disable-context-menu', 'disable the context menu').option('--disable-dev-tools', 'disable developer tools').option('--zoom <value>', 'default zoom factor to use when the app is opened, defaults to 1.0', parseFloat).option('--internal-urls <value>', 'regular expression of URLs to consider \"internal\"; all other URLs will be opened in an external browser.  (default: URLs on same second-level domain as app)').option('--crash-reporter <value>', 'remote server URL to send crash reports').option('--single-instance', 'allow only a single instance of the application').parse(process.argv);","","    if (!process.argv.slice(2).length) {","        _commander2.default.help();","    }","","    (0, _index2.default)(_commander2.default, function (error, appPath) {","        if (error) {","            console.error(error);","            return;","        }","","        if (!appPath) {","            // app exists and --overwrite is not passed","            return;","        }","        console.log('App built to ' + appPath);","    });","}","//# sourceMappingURL=cli.js.map",""],"l":{"4":4,"6":4,"8":4,"10":4,"12":4,"14":4,"16":0,"18":8,"20":0,"22":1,"23":0,"24":0,"27":0,"29":0,"30":0,"31":0,"34":0,"35":0,"38":0,"39":0,"40":0,"41":0,"44":0,"46":0,"48":0}},"/home/travis/build/npmtest/node-npmtest-nativefier/node_modules/nativefier/app/lib/main.js":{"path":"/home/travis/build/npmtest/node-npmtest-nativefier/node_modules/nativefier/app/lib/main.js","s":{"1":2,"2":2,"3":1,"4":52,"5":18,"6":34,"7":34,"8":30,"9":30,"10":2,"11":2,"12":2,"13":2,"14":2,"15":2,"16":2,"17":2,"18":2,"19":2,"20":0,"21":0,"22":0,"23":0,"24":0,"25":0,"26":0,"27":0,"28":0,"29":0,"30":1,"31":4,"32":0,"33":0,"34":0,"35":0,"36":0,"37":0,"38":0,"39":0,"40":0,"41":0,"42":0,"43":0,"44":0,"45":0,"46":0,"47":0,"48":0,"49":0,"50":0,"51":0,"52":0,"53":0,"54":0,"55":0,"56":0,"57":0,"58":0,"59":0,"60":0,"61":0,"62":0,"63":0,"64":0,"65":0,"66":0,"67":0,"68":0,"69":0,"70":0,"71":0,"72":0,"73":2,"74":2,"75":2,"76":2,"77":2,"78":2,"79":2,"80":0,"81":2,"82":2,"83":2,"84":2,"85":2,"86":2,"87":2,"88":2,"89":2,"90":1,"91":20,"92":0,"93":20,"94":0,"95":20,"96":1,"97":2,"98":1,"99":4,"100":44,"101":44,"102":44,"103":20,"104":24,"105":2,"106":2,"107":24,"108":24,"109":0,"110":24,"111":24,"112":0,"113":0,"114":0,"115":0,"116":0,"117":0,"118":24,"119":16,"120":24,"121":1,"122":112,"123":0,"124":112,"125":112,"126":112,"127":112,"128":1,"129":20,"130":20,"131":0,"132":0,"133":0,"134":0,"135":0,"136":0,"137":0,"138":0,"139":20,"140":20,"141":20,"142":20,"143":4,"144":20,"145":16,"146":4,"147":2,"148":2,"149":20,"150":20,"151":16,"152":4,"153":4,"154":0,"155":0,"156":0,"157":4,"158":4,"159":4,"160":0,"161":4,"162":1,"163":895,"164":895,"165":20,"166":20,"167":4,"168":4,"169":4,"170":94,"171":94,"172":94,"173":94,"174":16,"175":895,"176":14,"177":14,"178":14,"179":14,"180":881,"181":1,"182":0,"183":0,"184":0,"185":0,"186":0,"187":0,"188":0,"189":0,"190":1,"191":895,"192":895,"193":895,"194":0,"195":895,"196":895,"197":0,"198":0,"199":895,"200":895,"201":0,"202":895,"203":895,"204":895,"205":895,"206":895,"207":895,"208":895,"209":895,"210":895,"211":895,"212":895,"213":895,"214":526,"215":526,"216":0,"217":526,"218":526,"219":485,"220":466,"221":485,"222":485,"223":71,"224":41,"225":369,"226":0,"227":369,"228":149,"229":220,"230":220,"231":895,"232":675,"233":895,"234":1,"235":8
[...]
:112,"column":45}},{"start":{"line":112,"column":49},"end":{"line":112,"column":53}}]},"21":{"line":113,"type":"binary-expr","locations":[{"start":{"line":113,"column":24},"end":{"line":113,"column":49}},{"start":{"line":113,"column":53},"end":{"line":113,"column":58}}]},"22":{"line":116,"type":"if","locations":[{"start":{"line":116,"column":4},"end":{"line":116,"column":4}},{"start":{"line":116,"column":4},"end":{"line":116,"column":4}}]},"23":{"line":122,"type":"if","locations":[{"start":{"line":122,"column":4},"end":{"line":122,"column":4}},{"start":{"line":122,"column":4},"end":{"line":122,"column":4}}]},"24":{"line":126,"type":"if","locations":[{"start":{"line":126,"column":4},"end":{"line":126,"column":4}},{"start":{"line":126,"column":4},"end":{"line":126,"column":4}}]},"25":{"line":130,"type":"if","locations":[{"start":{"line":130,"column":4},"end":{"line":130,"column":4}},{"start":{"line":130,"column":4},"end":{"line":130,"column":4}}]},"26":{"line":134,"type":"if","locations":[{"start":{"line":134,"column":4},"end":{"line":134,"column":4}},{"start":{"line":134,"column":4},"end":{"line":134,"column":4}}]},"27":{"line":134,"type":"binary-expr","locations":[{"start":{"line":134,"column":8},"end":{"line":134,"column":48}},{"start":{"line":134,"column":52},"end":{"line":134,"column":92}}]},"28":{"line":138,"type":"if","locations":[{"start":{"line":138,"column":4},"end":{"line":138,"column":4}},{"start":{"line":138,"column":4},"end":{"line":138,"column":4}}]},"29":{"line":142,"type":"if","locations":[{"start":{"line":142,"column":4},"end":{"line":142,"column":4}},{"start":{"line":142,"column":4},"end":{"line":142,"column":4}}]},"30":{"line":147,"type":"if","locations":[{"start":{"line":147,"column":8},"end":{"line":147,"column":8}},{"start":{"line":147,"column":8},"end":{"line":147,"column":8}}]},"31":{"line":156,"type":"if","locations":[{"start":{"line":156,"column":8},"end":{"line":156,"column":8}},{"start":{"line":156,"column":8},"end":{"line":156,"column":8}}]},"32":{"line":169,"type":"if","locations":[{"start":{"line":169,"column":8},"end":{"line":169,"column":8}},{"start":{"line":169,"column":8},"end":{"line":169,"column":8}}]},"33":{"line":169,"type":"binary-expr","locations":[{"start":{"line":169,"column":12},"end":{"line":169,"column":24}},{"start":{"line":169,"column":28},"end":{"line":169,"column":51}}]},"34":{"line":175,"type":"if","locations":[{"start":{"line":175,"column":12},"end":{"line":175,"column":12}},{"start":{"line":175,"column":12},"end":{"line":175,"column":12}}]},"35":{"line":181,"type":"if","locations":[{"start":{"line":181,"column":12},"end":{"line":181,"column":12}},{"start":{"line":181,"column":12},"end":{"line":181,"column":12}}]},"36":{"line":195,"type":"binary-expr","locations":[{"start":{"line":195,"column":11},"end":{"line":195,"column":47}},{"start":{"line":195,"column":51},"end":{"line":195,"column":67}}]}},"code":["'use strict';","","Object.defineProperty(exports, \"__esModule\", {","    value: true","});","","var _path = require('path');","","var _path2 = _interopRequireDefault(_path);","","var _lodash = require('lodash');","","var _lodash2 = _interopRequireDefault(_lodash);","","var _async = require('async');","","var _async2 = _interopRequireDefault(_async);","","var _loglevel = require('loglevel');","","var _loglevel2 = _interopRequireDefault(_loglevel);","","var _sanitizeFilename = require('sanitize-filename');","","var _sanitizeFilename2 = _interopRequireDefault(_sanitizeFilename);","","var _inferIcon = require('./../infer/inferIcon');","","var _inferIcon2 = _interopRequireDefault(_inferIcon);","","var _inferTitle = require('./../infer/inferTitle');","","var _inferTitle2 = _interopRequireDefault(_inferTitle);","","var _inferOs = require('./../infer/inferOs');","","var _inferOs2 = _interopRequireDefault(_inferOs);","","var _inferUserAgent = require('./../infer/inferUserAgent');","","var _inferUserAgent2 = _interopRequireDefault(_inferUserAgent);","","var _normalizeUrl = require('./normalizeUrl');","","var _normalizeUrl2 = _interopRequireDefault(_normalizeUrl);","","var _package = require('./../../package.json');","","var _package2 = _interopRequireDefault(_package);","","function _interopRequireDefault(obj) { return obj && obj.__esModule ? obj : { default: obj }; }","","var inferPlatform = _inferOs2.default.inferPlatform,","    inferArch = _inferOs2.default.inferArch;","","","var PLACEHOLDER_APP_DIR = _path2.default.join(__dirname, '../../', 'app');","var ELECTRON_VERSION = '1.6.6';","","var DEFAULT_APP_NAME = 'APP';","","/**"," * @callback optionsCallback"," * @param error"," * @param options augmented options"," */","","/**"," * Extracts only desired keys from inpOptions and augments it with defaults"," * @param inpOptions"," * @param {optionsCallback} callback"," */","function optionsFactory(inpOptions, callback) {","","    var options = {","        dir: PLACEHOLDER_APP_DIR,","        name: inpOptions.name,","        targetUrl: (0, _normalizeUrl2.default)(inpOptions.targetUrl),","        platform: inpOptions.platform || inferPlatform(),","        arch: inpOptions.arch || inferArch(),","        electronVersion: inpOptions.electronVersion || ELECTRON_VERSION,","        nativefierVersion: _package2.default.version,","        out: inpOptions.out || process.cwd(),","        overwrite: inpOptions.overwrite,","        asar: inpOptions.conceal || false,","        icon: inpOptions.icon,","        counter: inpOptions.counter || false,","        width: inpOptions.width || 1280,","        height: inpOptions.height || 800,","        minWidth: inpOptions.minWidth,","        minHeight: inpOptions.minHeight,","        maxWidth: inpOptions.maxWidth,","        maxHeight: inpOptions.maxHeight,","        showMenuBar: inpOptions.showMenuBar || false,","        fastQuit: inpOptions.fastQuit || false,","        userAgent: inpOptions.userAgent,","        ignoreCertificate: inpOptions.ignoreCertificate || false,","        insecure: inpOptions.insecure || false,","        flashPluginDir: inpOptions.flashPath || inpOptions.flash || null,","        inject: inpOptions.inject || null,","        ignore: 'src',","        fullScreen: inpOptions.fullScreen || false,","        maximize: inpOptions.maximize || false,","        hideWindowFrame: inpOptions.hideWindowFrame,","        verbose: inpOptions.verbose,","        disableContextMenu: inpOptions.disableContextMenu,","        disableDevTools: inpOptions.disableDevTools,","        crashReporter: inpOptions.crashReporter,","        // workaround for electron-packager#375","        tmpdir: false,","        zoom: inpOptions.zoom || 1.0,","        internalUrls: inpOptions.internalUrls || null,","        singleInstance: inpOptions.singleInstance || false","    };","","    if (options.verbose) {","        _loglevel2.default.setLevel('trace');","    } else {","        _loglevel2.default.setLevel('error');","    }","","    if (options.flashPluginDir) {","        options.insecure = true;","    }","","    if (inpOptions.honest) {","        options.userAgent = null;","    }","","    if (options.platform.toLowerCase() === 'windows') {","        options.platform = 'win32';","    }","","    if (options.platform.toLowerCase() === 'osx' || options.platform.toLowerCase() === 'mac') {","        options.platform = 'darwin';","    }","","    if (options.width > options.maxWidth) {","        options.width = options.maxWidth;","    }","","    if (options.height > options.maxHeight) {","        options.height = options.maxHeight;","    }","","    _async2.default.waterfall([function (callback) {","        if (options.userAgent) {","            callback();","            return;","        }","        (0, _inferUserAgent2.default)(options.electronVersion, options.platform).then(function (userAgent) {","            options.userAgent = userAgent;","            callback();","        }).catch(callback);","    }, function (callback) {","        if (options.icon) {","            callback();","            return;","        }","        (0, _inferIcon2.default)(options.targetUrl, options.platform).then(function (pngPath) {","            options.icon = pngPath;","            callback();","        }).catch(function (error) {","            _loglevel2.default.warn('Cannot automatically retrieve the app icon:', error);","            callback();","        });","    }, function (callback) {","        // length also checks if its the commanderJS function or a string","        if (options.name && options.name.length > 0) {","            callback();","            return;","        }","","        (0, _inferTitle2.default)(options.targetUrl, function (error, pageTitle) {","            if (error) {","                _loglevel2.default.warn('Unable to automatically determine app name, falling back to \\'' + DEFAULT_APP_NAME + '\\'');","                options.name = DEFAULT_APP_NAME;","            } else {","                options.name = pageTitle.trim();","            }","            if (options.platform === 'linux') {","                // spaces will cause problems with Ubuntu when pinned to the dock","                options.name = _lodash2.default.kebabCase(options.name);","            }","            callback();","        });","    }], function (error) {","        callback(error, sanitizeOptions(options));","    });","}","","function sanitizeFilename(str) {","    var cleaned = (0, _sanitizeFilename2.default)(str);","    // remove all non ascii or use default app name","    return cleaned.replace(/[^\\x00-\\x7F]/g, '') || DEFAULT_APP_NAME;","}","","function sanitizeOptions(options) {","    options.name = sanitizeFilename(options.name);","    return options;","}","","exports.default = optionsFactory;","//# sourceMappingURL=optionsMain.js.map",""],"l":{"3":1,"7":1,"9":1,"11":1,"13":1,"15":1,"17":1,"19":1,"21":1,"23":1,"25":1,"27":1,"29":1,"31":1,"33":1,"35":1,"37":1,"39":1,"41":1,"43":1,"45":1,"47":1,"49":1,"51":11,"53":1,"57":1,"58":1,"60":1,"73":1,"75":0,"116":0,"117":0,"119":0,"122":0,"123":0,"126":0,"127":0,"130":0,"131":0,"134":0,"135":0,"138":0,"139":0,"142":0,"143":0,"146":0,"147":0,"148":0,"149":0,"151":0,"152":0,"153":0,"156":0,"157":0,"158":0,"160":0,"161":0,"162":0,"164":0,"165":0,"169":0,"170":0,"171":0,"174":0,"175":0,"176":0,"177":0,"179":0,"181":0,"183":0,"185":0,"188":0,"192":1,"193":0,"195":0,"198":1,"199":0,"200":0,"203":1}},"/home/travis/build/npmtest/node-npmtest-nativefier/node_modules/nativefier/app/lib/static/preload.js":{"path":"/home/travis/build/npmtest/node-npmtest-nativefier/node_modules/nativefier/app/lib/static/preload.js","s":{"1":2,"2":0,"3":0,"4":0,"5":0,"6":1,"7":0,"8":0,"9":0,"10":0,"11":0,"12":0,"13":0,"14":0,"15":0,"16":0,"17":0,"18":0,"19":0,"20":0,"21":0,"22":0,"23":0,"24":0,"25":0,"26":0,"27":0,"28":0,"29":0,"30":0,"31":1,"32":0,"33":0,"34":0,"35":0,"36":0,"37":0,"38":0,"39":0,"40":1,"41":0,"42":0,"43":1,"44":0,"45":0,"46":0,"47":0},"b":{"1":[0,0],"2":[0,0],"3":[0,0],"4":[0,0],"5":[0,0]},"f":{"1":0,"2":0,"3":0,"4":0,"5":0,"6":0,"7":0,"8":0,"9":0,"10":0,"11":0,"12":0,"13":0},"fnMap":{"1":{"name":"_interopRequireDefault","line":13,"loc":{"start":{"line":13,"column":0},"end":{"line":13,"column":37}}},"2":{"name":"(anonymous_2)","line":20,"loc":{"start":{"line":20,"column":24},"end":{"line":20,"column":46}}},"3":{"name":"(anonymous_3)","line":24,"loc":{"start":{"line":24,"column":46},"end":{"line":24,"column":58}}},"4":{"name":"(anonymous_4)","line":27,"loc":{"start":{"line":27,"column":43},"end":{"line":27,"column":60}}},"5":{"name":"(anonymous_5)","line":39,"loc":{"start":{"line":39,"column":60},"end":{"line":39,"column":72}}},"6":{"name":"(anonymous_6)","line":51,"loc":{"start":{"line":51,"column":35},"end":{"line":51,"column":61}}},"7":{"name":"(anonymous_7)","line":56,"loc":{"start":{"line":56,"column":34},"end":{"line":56,"column":60}}},"8":{"name":"(anonymous_8)","line":60,"loc":{"start":{"line":60,"column":40},"end":{"line":60,"column":66}}},"9":{"name":"setNotificationCallback","line":68,"loc":{"start":{"line":68,"column":0},"end":{"line":68,"column":43}}},"10":{"name":"newNotify","line":71,"loc":{"start":{"line":71,"column":20},"end":{"line":71,"column":51}}},"11":{"name":"get","line":77,"loc":{"start":{"line":77,"column":13},"end":{"line":77,"column":28}}},"12":{"name":"clickSelector","line":85,"loc":{"start":{"line":85,"column":0},"end":{"line":85,"column":32}}},"13":{"name":"injectScripts","line":90,"loc":{"start":{"line":90,"column":0},"end":{"line":90,"column":25}}}},"statementMap":{"1":{"start":{"line":3,"column":0},"end":{"line":3,"column":36}},"2":{"start":{"line":5,"column":0},"end":{"line":5,"column":28}},"3":{"start":{"line":7,"column":0},"end":{"line":7,"column":43}},"4":{"start":{"line":9,"column":0},"end":{"line":9,"column":24}},"5":{"start":{"line":11,"column":0},"end":{"line":11,"column":39}},"6":{"start":{"line":13,"column":0},"end":{"line":13,"column":95}},"7":{"start":{"line":13,"column":39},"end":{"line":13,"column":93}},"8":{"start":{"line":15,"column":0},"end":{"line":15,"column":82}},"9":{"start":{"line":20,"column":0},"end":{"line":22,"column":3}},"10":{"start":{"line":21,"column":4},"end":{"line":21,"column":59}},"11":{"start":{"line":24,"column":0},"end":{"line":49,"column":3}},"12":{"start":{"line":27,"column":4},"end":{"line":46,"column":14}},"13":{"start":{"line":28,"column":8},"end":{"line":28,"column":31}},"14":{"start":{"line":29,"column":8},"end":{"line":29,"column":45}},"15":{"start":{"line":33,"column":8},"end":{"line":35,"column":9}},"16":{"start":{"line":34,"column":12},"end":{"line":34,"column":56}},"17":{"start":{"line":36,"column":8},"end":{"line":36,"column":44}},"18":{"start":{"line":38,"column":8},"end":{"line":43,"column":9}},"19":{"start":{"line":39,"column":12},"end":{"line":42,"column":15}},"20":{"start":{"line":40,"column":16},"end":{"line":40,"column":44}},"21":{"start":{"line":41,"column":16},"end":{"line":41,"column":70}},"22":{"start":{"line":45,"column":8},"end":{"line":45,"column":68}},"23":{"start":{"line":48,"column":4},"end":{"line":48,"column":20}},"24":{"start":{"line":51,"column":0},"end":{"line":54,"column":3}},"25":{"start":{"line":52,"column":4},"end":{"line":52,"column":38}},"26":{"start":{"line":53,"column":4},"end":{"line":53,"column":44}},"27":{"start":{"line":56,"column":0},"end":{"line":58,"column":3}},"28":{"start":{"line":57,"column":4},"end":{"line":57,"column":35}},"29":{"start":{"line":60,"column":0},"end":{"line":62,"column":3}},"30":{"start":{"line":61,"column":4},"end":{"line":61,"column":46}},"31":{"start":{"line":68,"column":0},"end":{"line":83,"column":1}},"32":{"start":{"line":70,"column":4},"end":{"line":70,"column":40}},"33":{"start":{"line":71,"column":4},"end":{"line":74,"column":6}},"34":{"start":{"line":72,"column":8},"end":{"line":72,"column":29}},"35":{"start":{"line":73,"column":8},"end":{"line":73,"column":41}},"36":{"start":{"line":75,"column":4},"end":{"line":75,"column":78}},"37":{"start":{"line":76,"column":4},"end":{"line":80,"column":7}},"38":{"start":{"line":78,"column":12},"end":{"line":78,"column":40}},"39":{"start":{"line":82,"column":4},"end":{"line":82,"column":36}},"40":{"start":{"line":85,"column":0},"end":{"line":88,"column":1}},"41":{"start":{"line":86,"column":4},"end":{"line":86,"column":45}},"42":{"start":{"line":87,"column":4},"end":{"line":87,"column":38}},"43":{"start":{"line":90,"column":0},"end":{"line":96,"column":1}},"44":{"start":{"line":91,"column":4},"end":{"line":91,"column":63}},"45":{"start":{"line":92,"column":4},"end":{"line":94,"column":5}},"46":{"start":{"line":93,"column":8},"end":{"line":93,"column":15}},"47":{"start":{"line":95,"column":4},"end":{"line":95,"column":28}}},"branchMap":{"1":{"line":13,"type":"cond-expr","locations":[{"start":{"line":13,"column":70},"end":{"line":13,"column":73}},{"start":{"line":13,"column":76},"end":{"line":13,"column":92}}]},"2":{"line":13,"type":"binary-expr","locations":[{"start":{"line":13,"column":46},"end":{"line":13,"column":49}},{"start":{"line":13,"column":53},"end":{"line":13,"column":67}}]},"3":{"line":33,"type":"binary-expr","locations":[{"start":{"line":33,"column":15},"end":{"line":33,"column":34}},{"start":{"line":33,"column":38},"end":{"line":33,"column":65}}]},"4":{"line":38,"type":"if","locations":[{"start":{"line":38,"column":8},"end":{"line":38,"column":8}},{"start":{"line":38,"column":8},"end":{"line":38,"column":8}}]},"5":{"line":92,"type":"if","locations":[{"start":{"line":92,"column":4},"end":{"line":92,"column":4}},{"start":{"line":92,"column":4},"end":{"line":92,"column":4}}]}},"code":["'use strict';","","var _electron = require('electron');","","var _path = require('path');","","var _path2 = _interopRequireDefault(_path);","","var _fs = require('fs');","","var _fs2 = _interopRequireDefault(_fs);","","function _interopRequireDefault(obj) { return obj && obj.__esModule ? obj : { default: obj }; }","","var INJECT_JS_PATH = _path2.default.join(__dirname, '../../', 'inject/inject.js'); /**","                                                                                    Preload file that will be executed in the renderer process","                                                                                    */","","","setNotificationCallback(function (title, opt) {","    _electron.ipcRenderer.send('notification', title, opt);","});","","document.addEventListener('DOMContentLoaded', function () {","    // do things","","    window.addEventListener('contextmenu', function (event) {","        event.preventDefault();","        var targetElement = event.srcElement;","","        // the clicked element is the deepest in the DOM, and may not be the <a> bearing the href","        // for example, <a href=\"...\"><span>Google</span></a>","        while (!targetElement.href && targetElement.parentElement) {","            targetElement = targetElement.parentElement;","        }","        var targetHref = targetElement.href;","","        if (!targetHref) {","            _electron.ipcRenderer.once('contextMenuClosed', function () {","                clickSelector(event.target);","                _electron.ipcRenderer.send('cancelNewWindowOverride');","            });","        }","","        _electron.ipcRenderer.send('contextMenuOpened', targetHref);","    }, false);","","    injectScripts();","});","","_electron.ipcRenderer.on('params', function (event, message) {","    var appArgs = JSON.parse(message);","    console.log('nativefier.json', appArgs);","});","","_electron.ipcRenderer.on('debug', function (event, message) {","    console.log('debug:', message);","});","","_electron.ipcRenderer.on('change-zoom', function (event, message) {","    _electron.webFrame.setZoomFactor(message);","});","","/**"," * Patches window.Notification to set a callback on a new Notification"," * @param callback"," */","function setNotificationCallback(callback) {","","    var OldNotify = window.Notification;","    var newNotify = function newNotify(title, opt) {","        callback(title, opt);","        return new OldNotify(title, opt);","    };","    newNotify.requestPermission = OldNotify.requestPermission.bind(OldNotify);","    Object.defineProperty(newNotify, 'permission', {","        get: function get() {","            return OldNotify.permission;","        }","    });","","    window.Notification = newNotify;","}","","function clickSelector(element) {","    var mouseEvent = new MouseEvent('click');","    element.dispatchEvent(mouseEvent);","}","","function injectScripts() {","    var needToInject = _fs2.default.existsSync(INJECT_JS_PATH);","    if (!needToInject) {","        return;","    }","    require(INJECT_JS_PATH);","}","//# sourceMappingURL=preload.js.map",""],"l":{"3":2,"5":0,"7":0,"9":0,"11":0,"13":1,"15":0,"20":0,"21":0,"24":0,"27":0,"28":0,"29":0,"33":0,"34":0,"36":0,"38":0,"39":0,"40":0,"41":0,"45":0,"48":0,"51":0,"52":0,"53":0,"56":0,"57":0,"60":0,"61":0,"68":1,"70":0,"71":0,"72":0,"73":0,"75":0,"76":0,"78":0,"82":0,"85":1,"86":0,"87":0,"90":1,"91":0,"92":0,"93":0,"95":0}}}